

================================================================
== Vivado HLS Report for 'AXIvideo2Mat'
================================================================
* Date:           Fri Mar 31 12:32:10 2023

* Version:        2018.3 (Build 2405991 on Thu Dec 06 23:56:15 MST 2018)
* Project:        skin_hls
* Solution:       solution1
* Product family: zynq
* Target device:  xc7z020clg400-2


================================================================
== Performance Estimates
================================================================
+ Timing (ns): 
    * Summary: 
    +--------+-------+----------+------------+
    |  Clock | Target| Estimated| Uncertainty|
    +--------+-------+----------+------------+
    |ap_clk  |  10.00|     3.401|        1.25|
    +--------+-------+----------+------------+

+ Latency (clock cycles): 
    * Summary: 
    +-----+---------+-----+---------+---------+
    |    Latency    |    Interval   | Pipeline|
    | min |   max   | min |   max   |   Type  |
    +-----+---------+-----+---------+---------+
    |    3|  2079003|    3|  2079003|   none  |
    +-----+---------+-----+---------+---------+

    + Detail: 
        * Instance: 
        N/A

        * Loop: 
        +-----------------------+-----+---------+----------+-----------+-----------+----------+----------+
        |                       |    Latency    | Iteration|  Initiation Interval  |   Trip   |          |
        |       Loop Name       | min |   max   |  Latency |  achieved |   target  |   Count  | Pipelined|
        +-----------------------+-----+---------+----------+-----------+-----------+----------+----------+
        |- loop_wait_for_start  |    0|        0|         1|          1|          1|         0|    yes   |
        |- loop_height          |    0|  2079000| 5 ~ 1925 |          -|          -| 0 ~ 1080 |    no    |
        | + loop_width          |    0|     1920|         2|          1|          1| 0 ~ 1920 |    yes   |
        | + loop_wait_for_eol   |    0|        0|         1|          1|          1|         0|    yes   |
        +-----------------------+-----+---------+----------+-----------+-----------+----------+----------+

============================================================
+ Verbose Summary: Synthesis Manager
============================================================
InlineROM: 1
ExposeGlobal: 0
============================================================
+ Verbose Summary: CDFG Model
============================================================
IsTopModel: 0
ResetActiveHigh: 1
IsCombinational: 2
IsDatapathOnly: 0
HasWiredReturn: 1
HasMFsm: 0
HasVarLatency: 1
IsPipeline: 0
IsRtlPipelined: 0
IsInstanceOverlapped: 0
IsDontTouch: 0
HasImplIP: 0
IsGatedGlobalClock: 0

+ Individual pipeline summary: 
  * Pipeline-0: initiation interval (II) = 1, depth = 1
  * Pipeline-1: initiation interval (II) = 1, depth = 2
  * Pipeline-2: initiation interval (II) = 1, depth = 1


============================================================
+ Verbose Summary: Schedule
============================================================
* Number of FSM states : 9
* Pipeline : 3
  Pipeline-0 : II = 1, D = 1, States = { 2 }
  Pipeline-1 : II = 1, D = 2, States = { 5 6 }
  Pipeline-2 : II = 1, D = 1, States = { 8 }
* Dataflow Pipeline: 0

* FSM state transitions: 
1 --> 
	2  / true
2 --> 
	3  / (tmp_user_V)
	2  / (!tmp_user_V)
3 --> 
	4  / true
4 --> 
	5  / (!exitcond2)
5 --> 
	7  / (exitcond)
	6  / (!exitcond)
6 --> 
	5  / true
7 --> 
	8  / true
8 --> 
	9  / (eol_2)
	8  / (!eol_2)
9 --> 
	4  / true

* FSM state operations: 

State 1 <SV = 0> <Delay = 0.00>
ST_1 : Operation 10 [1/1] (0.00ns)   --->   "call void (...)* @_ssdm_op_SpecInterface(i8* %img_data_stream_2_V, [8 x i8]* @ap_fifo_str, i32 0, i32 0, [1 x i8]* @p_str50, i32 0, i32 0, [1 x i8]* @p_str51, [1 x i8]* @p_str52, [1 x i8]* @p_str53, i32 2, i32 2, i32 16, i32 16, [1 x i8]* @p_str54, [1 x i8]* @p_str55)"   --->   Operation 10 'specinterface' <Predicate = true> <Delay = 0.00>
ST_1 : Operation 11 [1/1] (0.00ns)   --->   "call void (...)* @_ssdm_op_SpecInterface(i8* %img_data_stream_1_V, [8 x i8]* @ap_fifo_str, i32 0, i32 0, [1 x i8]* @p_str43, i32 0, i32 0, [1 x i8]* @p_str44, [1 x i8]* @p_str45, [1 x i8]* @p_str46, i32 2, i32 2, i32 16, i32 16, [1 x i8]* @p_str47, [1 x i8]* @p_str48)"   --->   Operation 11 'specinterface' <Predicate = true> <Delay = 0.00>
ST_1 : Operation 12 [1/1] (0.00ns)   --->   "call void (...)* @_ssdm_op_SpecInterface(i8* %img_data_stream_0_V, [8 x i8]* @ap_fifo_str, i32 0, i32 0, [1 x i8]* @p_str36, i32 0, i32 0, [1 x i8]* @p_str37, [1 x i8]* @p_str38, [1 x i8]* @p_str39, i32 2, i32 2, i32 16, i32 16, [1 x i8]* @p_str40, [1 x i8]* @p_str41)"   --->   Operation 12 'specinterface' <Predicate = true> <Delay = 0.00>
ST_1 : Operation 13 [1/1] (0.00ns)   --->   "call void (...)* @_ssdm_op_SpecInterface(i24* %AXI_video_strm_V_data_V, i3* %AXI_video_strm_V_keep_V, i3* %AXI_video_strm_V_strb_V, i1* %AXI_video_strm_V_user_V, i1* %AXI_video_strm_V_last_V, i1* %AXI_video_strm_V_id_V, i1* %AXI_video_strm_V_dest_V, [5 x i8]* @p_str3, i32 1, i32 1, [5 x i8]* @p_str4, i32 0, i32 0, [1 x i8]* @p_str2, [1 x i8]* @p_str2, [1 x i8]* @p_str2, i32 0, i32 0, i32 0, i32 0, [1 x i8]* @p_str2, [1 x i8]* @p_str2) nounwind"   --->   Operation 13 'specinterface' <Predicate = true> <Delay = 0.00>
ST_1 : Operation 14 [1/1] (0.00ns)   --->   "%img_cols_V_read_1 = call i32 @_ssdm_op_Read.ap_auto.i32(i32 %img_cols_V_read)"   --->   Operation 14 'read' 'img_cols_V_read_1' <Predicate = true> <Delay = 0.00>
ST_1 : Operation 15 [1/1] (0.00ns)   --->   "%img_rows_V_read_1 = call i32 @_ssdm_op_Read.ap_auto.i32(i32 %img_rows_V_read)"   --->   Operation 15 'read' 'img_rows_V_read_1' <Predicate = true> <Delay = 0.00>
ST_1 : Operation 16 [1/1] (0.00ns)   --->   "br label %._crit_edge1" [D:/VIVADO2018.3/Vivado/2018.3/common/technology/autopilot/hls/hls_video_io.h:63]   --->   Operation 16 'br' <Predicate = true> <Delay = 0.00>

State 2 <SV = 1> <Delay = 0.00>
ST_2 : Operation 17 [1/1] (0.00ns)   --->   "call void (...)* @_ssdm_op_SpecLoopName([20 x i8]* @p_str16) nounwind" [D:/VIVADO2018.3/Vivado/2018.3/common/technology/autopilot/hls/hls_video_io.h:65]   --->   Operation 17 'specloopname' <Predicate = true> <Delay = 0.00>
ST_2 : Operation 18 [1/1] (0.00ns)   --->   "%tmp = call i32 (...)* @_ssdm_op_SpecRegionBegin([20 x i8]* @p_str16)" [D:/VIVADO2018.3/Vivado/2018.3/common/technology/autopilot/hls/hls_video_io.h:65]   --->   Operation 18 'specregionbegin' 'tmp' <Predicate = true> <Delay = 0.00>
ST_2 : Operation 19 [1/1] (0.00ns)   --->   "call void (...)* @_ssdm_op_SpecPipeline(i32 1, i32 1, i32 1, i32 0, [1 x i8]* @p_str2) nounwind" [D:/VIVADO2018.3/Vivado/2018.3/common/technology/autopilot/hls/hls_video_io.h:66]   --->   Operation 19 'specpipeline' <Predicate = true> <Delay = 0.00>
ST_2 : Operation 20 [1/1] (0.00ns)   --->   "call void (...)* @_ssdm_op_SpecLoopTripCount(i32 0, i32 0, i32 0, [1 x i8]* @p_str2) nounwind" [D:/VIVADO2018.3/Vivado/2018.3/common/technology/autopilot/hls/hls_video_io.h:67]   --->   Operation 20 'speclooptripcount' <Predicate = true> <Delay = 0.00>
ST_2 : Operation 21 [1/1] (0.00ns)   --->   "%empty = call { i24, i3, i3, i1, i1, i1, i1 } @_ssdm_op_Read.axis.volatile.i24P.i3P.i3P.i1P.i1P.i1P.i1P(i24* %AXI_video_strm_V_data_V, i3* %AXI_video_strm_V_keep_V, i3* %AXI_video_strm_V_strb_V, i1* %AXI_video_strm_V_user_V, i1* %AXI_video_strm_V_last_V, i1* %AXI_video_strm_V_id_V, i1* %AXI_video_strm_V_dest_V)" [D:/VIVADO2018.3/Vivado/2018.3/common/technology/autopilot/hls/hls_video_io.h:68]   --->   Operation 21 'read' 'empty' <Predicate = true> <Delay = 0.00> <Core = "AXI4Stream">   --->   Core 5 'AXI4Stream' <Latency = 0> <II = 1> <Delay = 1.00> <Adapter> <Opcode : >
ST_2 : Operation 22 [1/1] (0.00ns)   --->   "%tmp_data_V = extractvalue { i24, i3, i3, i1, i1, i1, i1 } %empty, 0" [D:/VIVADO2018.3/Vivado/2018.3/common/technology/autopilot/hls/hls_video_io.h:68]   --->   Operation 22 'extractvalue' 'tmp_data_V' <Predicate = true> <Delay = 0.00>
ST_2 : Operation 23 [1/1] (0.00ns)   --->   "%tmp_user_V = extractvalue { i24, i3, i3, i1, i1, i1, i1 } %empty, 3" [D:/VIVADO2018.3/Vivado/2018.3/common/technology/autopilot/hls/hls_video_io.h:68]   --->   Operation 23 'extractvalue' 'tmp_user_V' <Predicate = true> <Delay = 0.00>
ST_2 : Operation 24 [1/1] (0.00ns)   --->   "%tmp_last_V = extractvalue { i24, i3, i3, i1, i1, i1, i1 } %empty, 4" [D:/VIVADO2018.3/Vivado/2018.3/common/technology/autopilot/hls/hls_video_io.h:68]   --->   Operation 24 'extractvalue' 'tmp_last_V' <Predicate = true> <Delay = 0.00>
ST_2 : Operation 25 [1/1] (0.00ns)   --->   "%empty_46 = call i32 (...)* @_ssdm_op_SpecRegionEnd([20 x i8]* @p_str16, i32 %tmp)" [D:/VIVADO2018.3/Vivado/2018.3/common/technology/autopilot/hls/hls_video_io.h:70]   --->   Operation 25 'specregionend' 'empty_46' <Predicate = true> <Delay = 0.00>
ST_2 : Operation 26 [1/1] (0.00ns)   --->   "br i1 %tmp_user_V, label %.preheader232.preheader, label %._crit_edge1" [D:/VIVADO2018.3/Vivado/2018.3/common/technology/autopilot/hls/hls_video_io.h:65]   --->   Operation 26 'br' <Predicate = true> <Delay = 0.00>

State 3 <SV = 2> <Delay = 0.46>
ST_3 : Operation 27 [1/1] (0.00ns)   --->   "%sof_1 = alloca i1"   --->   Operation 27 'alloca' 'sof_1' <Predicate = true> <Delay = 0.00>
ST_3 : Operation 28 [1/1] (0.46ns)   --->   "store i1 true, i1* %sof_1"   --->   Operation 28 'store' <Predicate = true> <Delay = 0.46>
ST_3 : Operation 29 [1/1] (0.46ns)   --->   "br label %.preheader232" [D:/VIVADO2018.3/Vivado/2018.3/common/technology/autopilot/hls/hls_video_io.h:71]   --->   Operation 29 'br' <Predicate = true> <Delay = 0.46>

State 4 <SV = 3> <Delay = 2.76>
ST_4 : Operation 30 [1/1] (0.00ns)   --->   "%axi_last_V1 = phi i1 [ %axi_last_V_3, %5 ], [ %tmp_last_V, %.preheader232.preheader ]"   --->   Operation 30 'phi' 'axi_last_V1' <Predicate = true> <Delay = 0.00>
ST_4 : Operation 31 [1/1] (0.00ns)   --->   "%axi_data_V1 = phi i24 [ %axi_data_V_3, %5 ], [ %tmp_data_V, %.preheader232.preheader ]"   --->   Operation 31 'phi' 'axi_data_V1' <Predicate = true> <Delay = 0.00>
ST_4 : Operation 32 [1/1] (0.00ns)   --->   "%t_V = phi i32 [ %i_V, %5 ], [ 0, %.preheader232.preheader ]"   --->   Operation 32 'phi' 't_V' <Predicate = true> <Delay = 0.00>
ST_4 : Operation 33 [1/1] (1.96ns)   --->   "%exitcond2 = icmp eq i32 %t_V, %img_rows_V_read_1" [D:/VIVADO2018.3/Vivado/2018.3/common/technology/autopilot/hls/hls_video_io.h:71]   --->   Operation 33 'icmp' 'exitcond2' <Predicate = true> <Delay = 1.96> <Core = "Cmp">   --->   Core 25 'Cmp' <Latency = 0> <II = 1> <Delay = 1.96> <FuncUnit> <Opcode : 'icmp'> <InPorts = 2> <OutPorts = 1>
ST_4 : Operation 34 [1/1] (0.00ns)   --->   "call void (...)* @_ssdm_op_SpecLoopTripCount(i64 0, i64 1080, i64 0)"   --->   Operation 34 'speclooptripcount' <Predicate = true> <Delay = 0.00>
ST_4 : Operation 35 [1/1] (1.89ns)   --->   "%i_V = add i32 %t_V, 1" [D:/VIVADO2018.3/Vivado/2018.3/common/technology/autopilot/hls/hls_video_io.h:71]   --->   Operation 35 'add' 'i_V' <Predicate = true> <Delay = 1.89> <Core = "AddSub">   --->   Core 14 'AddSub' <Latency = 0> <II = 1> <Delay = 1.89> <FuncUnit> <Opcode : 'add' 'sub'> <InPorts = 2> <OutPorts = 1>
ST_4 : Operation 36 [1/1] (0.00ns)   --->   "br i1 %exitcond2, label %6, label %0" [D:/VIVADO2018.3/Vivado/2018.3/common/technology/autopilot/hls/hls_video_io.h:71]   --->   Operation 36 'br' <Predicate = true> <Delay = 0.00>
ST_4 : Operation 37 [1/1] (0.00ns)   --->   "call void (...)* @_ssdm_op_SpecLoopName([12 x i8]* @p_str11) nounwind" [D:/VIVADO2018.3/Vivado/2018.3/common/technology/autopilot/hls/hls_video_io.h:71]   --->   Operation 37 'specloopname' <Predicate = (!exitcond2)> <Delay = 0.00>
ST_4 : Operation 38 [1/1] (0.00ns)   --->   "%tmp_s = call i32 (...)* @_ssdm_op_SpecRegionBegin([12 x i8]* @p_str11)" [D:/VIVADO2018.3/Vivado/2018.3/common/technology/autopilot/hls/hls_video_io.h:71]   --->   Operation 38 'specregionbegin' 'tmp_s' <Predicate = (!exitcond2)> <Delay = 0.00>
ST_4 : Operation 39 [1/1] (0.46ns)   --->   "br label %1" [D:/VIVADO2018.3/Vivado/2018.3/common/technology/autopilot/hls/hls_video_io.h:73]   --->   Operation 39 'br' <Predicate = (!exitcond2)> <Delay = 0.46>
ST_4 : Operation 40 [1/1] (0.00ns)   --->   "ret void"   --->   Operation 40 'ret' <Predicate = (exitcond2)> <Delay = 0.00>

State 5 <SV = 4> <Delay = 2.76>
ST_5 : Operation 41 [1/1] (0.00ns)   --->   "%eol_1 = phi i1 [ %axi_last_V1, %0 ], [ %axi_last_V_2, %._crit_edge2 ]" [D:/VIVADO2018.3/Vivado/2018.3/common/technology/autopilot/hls/hls_video_io.h:100]   --->   Operation 41 'phi' 'eol_1' <Predicate = true> <Delay = 0.00>
ST_5 : Operation 42 [1/1] (0.00ns)   --->   "%axi_data_V_1 = phi i24 [ %axi_data_V1, %0 ], [ %p_Val2_s, %._crit_edge2 ]"   --->   Operation 42 'phi' 'axi_data_V_1' <Predicate = true> <Delay = 0.00>
ST_5 : Operation 43 [1/1] (0.00ns)   --->   "%t_V_2 = phi i32 [ 0, %0 ], [ %j_V, %._crit_edge2 ]"   --->   Operation 43 'phi' 't_V_2' <Predicate = true> <Delay = 0.00>
ST_5 : Operation 44 [1/1] (0.00ns)   --->   "%eol = phi i1 [ false, %0 ], [ %axi_last_V_2, %._crit_edge2 ]" [D:/VIVADO2018.3/Vivado/2018.3/common/technology/autopilot/hls/hls_video_io.h:81]   --->   Operation 44 'phi' 'eol' <Predicate = true> <Delay = 0.00>
ST_5 : Operation 45 [1/1] (1.96ns)   --->   "%exitcond = icmp eq i32 %t_V_2, %img_cols_V_read_1" [D:/VIVADO2018.3/Vivado/2018.3/common/technology/autopilot/hls/hls_video_io.h:73]   --->   Operation 45 'icmp' 'exitcond' <Predicate = true> <Delay = 1.96> <Core = "Cmp">   --->   Core 25 'Cmp' <Latency = 0> <II = 1> <Delay = 1.96> <FuncUnit> <Opcode : 'icmp'> <InPorts = 2> <OutPorts = 1>
ST_5 : Operation 46 [1/1] (0.00ns)   --->   "call void (...)* @_ssdm_op_SpecLoopTripCount(i64 0, i64 1920, i64 0)"   --->   Operation 46 'speclooptripcount' <Predicate = true> <Delay = 0.00>
ST_5 : Operation 47 [1/1] (1.89ns)   --->   "%j_V = add i32 %t_V_2, 1" [D:/VIVADO2018.3/Vivado/2018.3/common/technology/autopilot/hls/hls_video_io.h:73]   --->   Operation 47 'add' 'j_V' <Predicate = true> <Delay = 1.89> <Core = "AddSub">   --->   Core 14 'AddSub' <Latency = 0> <II = 1> <Delay = 1.89> <FuncUnit> <Opcode : 'add' 'sub'> <InPorts = 2> <OutPorts = 1>
ST_5 : Operation 48 [1/1] (0.00ns)   --->   "br i1 %exitcond, label %.preheader.preheader, label %2" [D:/VIVADO2018.3/Vivado/2018.3/common/technology/autopilot/hls/hls_video_io.h:73]   --->   Operation 48 'br' <Predicate = true> <Delay = 0.00>
ST_5 : Operation 49 [1/1] (0.00ns)   --->   "%sof_1_load = load i1* %sof_1" [D:/VIVADO2018.3/Vivado/2018.3/common/technology/autopilot/hls/hls_video_io.h:76]   --->   Operation 49 'load' 'sof_1_load' <Predicate = (!exitcond)> <Delay = 0.00>
ST_5 : Operation 50 [1/1] (0.80ns)   --->   "%brmerge = or i1 %sof_1_load, %eol" [D:/VIVADO2018.3/Vivado/2018.3/common/technology/autopilot/hls/hls_video_io.h:76]   --->   Operation 50 'or' 'brmerge' <Predicate = (!exitcond)> <Delay = 0.80> <Core = "LogicGate">   --->   Core 27 'LogicGate' <Latency = 0> <II = 1> <Delay = 0.80> <FuncUnit> <Opcode : 'and' 'or' 'xor'> <InPorts = 2> <OutPorts = 1>
ST_5 : Operation 51 [1/1] (0.46ns)   --->   "br i1 %brmerge, label %._crit_edge2, label %3" [D:/VIVADO2018.3/Vivado/2018.3/common/technology/autopilot/hls/hls_video_io.h:76]   --->   Operation 51 'br' <Predicate = (!exitcond)> <Delay = 0.46>
ST_5 : Operation 52 [1/1] (0.00ns)   --->   "%empty_47 = call { i24, i3, i3, i1, i1, i1, i1 } @_ssdm_op_Read.axis.volatile.i24P.i3P.i3P.i1P.i1P.i1P.i1P(i24* %AXI_video_strm_V_data_V, i3* %AXI_video_strm_V_keep_V, i3* %AXI_video_strm_V_strb_V, i1* %AXI_video_strm_V_user_V, i1* %AXI_video_strm_V_last_V, i1* %AXI_video_strm_V_id_V, i1* %AXI_video_strm_V_dest_V)" [D:/VIVADO2018.3/Vivado/2018.3/common/technology/autopilot/hls/hls_video_io.h:81]   --->   Operation 52 'read' 'empty_47' <Predicate = (!exitcond & !brmerge)> <Delay = 0.00> <Core = "AXI4Stream">   --->   Core 5 'AXI4Stream' <Latency = 0> <II = 1> <Delay = 1.00> <Adapter> <Opcode : >
ST_5 : Operation 53 [1/1] (0.00ns)   --->   "%tmp_data_V_1 = extractvalue { i24, i3, i3, i1, i1, i1, i1 } %empty_47, 0" [D:/VIVADO2018.3/Vivado/2018.3/common/technology/autopilot/hls/hls_video_io.h:81]   --->   Operation 53 'extractvalue' 'tmp_data_V_1' <Predicate = (!exitcond & !brmerge)> <Delay = 0.00>
ST_5 : Operation 54 [1/1] (0.00ns)   --->   "%tmp_last_V_1 = extractvalue { i24, i3, i3, i1, i1, i1, i1 } %empty_47, 4" [D:/VIVADO2018.3/Vivado/2018.3/common/technology/autopilot/hls/hls_video_io.h:81]   --->   Operation 54 'extractvalue' 'tmp_last_V_1' <Predicate = (!exitcond & !brmerge)> <Delay = 0.00>
ST_5 : Operation 55 [1/1] (0.46ns)   --->   "br label %._crit_edge2"   --->   Operation 55 'br' <Predicate = (!exitcond & !brmerge)> <Delay = 0.46>
ST_5 : Operation 56 [1/1] (0.00ns)   --->   "%axi_last_V_2 = phi i1 [ %tmp_last_V_1, %3 ], [ %eol_1, %2 ]"   --->   Operation 56 'phi' 'axi_last_V_2' <Predicate = (!exitcond)> <Delay = 0.00>
ST_5 : Operation 57 [1/1] (0.00ns)   --->   "%p_Val2_s = phi i24 [ %tmp_data_V_1, %3 ], [ %axi_data_V_1, %2 ]"   --->   Operation 57 'phi' 'p_Val2_s' <Predicate = (!exitcond)> <Delay = 0.00>
ST_5 : Operation 58 [1/1] (0.00ns)   --->   "%tmp_8 = trunc i24 %p_Val2_s to i8" [D:/VIVADO2018.3/Vivado/2018.3/common/technology/autopilot/hls/hls_axi_io.h:49->D:/VIVADO2018.3/Vivado/2018.3/common/technology/autopilot/hls/hls_axi_io.h:71->D:/VIVADO2018.3/Vivado/2018.3/common/technology/autopilot/hls/hls_video_io.h:92]   --->   Operation 58 'trunc' 'tmp_8' <Predicate = (!exitcond)> <Delay = 0.00>
ST_5 : Operation 59 [1/1] (0.00ns)   --->   "%tmp_4 = call i8 @_ssdm_op_PartSelect.i8.i24.i32.i32(i24 %p_Val2_s, i32 8, i32 15)" [D:/VIVADO2018.3/Vivado/2018.3/common/technology/autopilot/hls/hls_axi_io.h:49->D:/VIVADO2018.3/Vivado/2018.3/common/technology/autopilot/hls/hls_axi_io.h:71->D:/VIVADO2018.3/Vivado/2018.3/common/technology/autopilot/hls/hls_video_io.h:92]   --->   Operation 59 'partselect' 'tmp_4' <Predicate = (!exitcond)> <Delay = 0.00>
ST_5 : Operation 60 [1/1] (0.00ns)   --->   "%tmp_5 = call i8 @_ssdm_op_PartSelect.i8.i24.i32.i32(i24 %p_Val2_s, i32 16, i32 23)" [D:/VIVADO2018.3/Vivado/2018.3/common/technology/autopilot/hls/hls_axi_io.h:49->D:/VIVADO2018.3/Vivado/2018.3/common/technology/autopilot/hls/hls_axi_io.h:71->D:/VIVADO2018.3/Vivado/2018.3/common/technology/autopilot/hls/hls_video_io.h:92]   --->   Operation 60 'partselect' 'tmp_5' <Predicate = (!exitcond)> <Delay = 0.00>
ST_5 : Operation 61 [1/1] (0.46ns)   --->   "store i1 false, i1* %sof_1"   --->   Operation 61 'store' <Predicate = (!exitcond)> <Delay = 0.46>

State 6 <SV = 5> <Delay = 3.40>
ST_6 : Operation 62 [1/1] (0.00ns)   --->   "call void (...)* @_ssdm_op_SpecLoopName([11 x i8]* @p_str12) nounwind" [D:/VIVADO2018.3/Vivado/2018.3/common/technology/autopilot/hls/hls_video_io.h:73]   --->   Operation 62 'specloopname' <Predicate = (!exitcond)> <Delay = 0.00>
ST_6 : Operation 63 [1/1] (0.00ns)   --->   "%tmp_1 = call i32 (...)* @_ssdm_op_SpecRegionBegin([11 x i8]* @p_str12)" [D:/VIVADO2018.3/Vivado/2018.3/common/technology/autopilot/hls/hls_video_io.h:73]   --->   Operation 63 'specregionbegin' 'tmp_1' <Predicate = (!exitcond)> <Delay = 0.00>
ST_6 : Operation 64 [1/1] (0.00ns)   --->   "call void (...)* @_ssdm_op_SpecPipeline(i32 1, i32 1, i32 1, i32 0, [1 x i8]* @p_str2) nounwind" [D:/VIVADO2018.3/Vivado/2018.3/common/technology/autopilot/hls/hls_video_io.h:75]   --->   Operation 64 'specpipeline' <Predicate = (!exitcond)> <Delay = 0.00>
ST_6 : Operation 65 [1/1] (0.00ns)   --->   "%tmp_6 = call i32 (...)* @_ssdm_op_SpecRegionBegin([12 x i8]* @p_str20)" [D:/VIVADO2018.3/Vivado/2018.3/common/technology/autopilot/hls/hls_video_core.h:696->D:/VIVADO2018.3/Vivado/2018.3/common/technology/autopilot/hls/hls_video_core.h:717->D:/VIVADO2018.3/Vivado/2018.3/common/technology/autopilot/hls/hls_video_io.h:94]   --->   Operation 65 'specregionbegin' 'tmp_6' <Predicate = (!exitcond)> <Delay = 0.00>
ST_6 : Operation 66 [1/1] (0.00ns)   --->   "call void (...)* @_ssdm_op_SpecProtocol(i32 0, [1 x i8]* @p_str2) nounwind" [D:/VIVADO2018.3/Vivado/2018.3/common/technology/autopilot/hls/hls_video_core.h:700->D:/VIVADO2018.3/Vivado/2018.3/common/technology/autopilot/hls/hls_video_core.h:717->D:/VIVADO2018.3/Vivado/2018.3/common/technology/autopilot/hls/hls_video_io.h:94]   --->   Operation 66 'specprotocol' <Predicate = (!exitcond)> <Delay = 0.00>
ST_6 : Operation 67 [1/1] (3.40ns)   --->   "call void @_ssdm_op_Write.ap_fifo.volatile.i8P(i8* %img_data_stream_0_V, i8 %tmp_8)" [D:/VIVADO2018.3/Vivado/2018.3/common/technology/autopilot/hls/hls_video_core.h:703->D:/VIVADO2018.3/Vivado/2018.3/common/technology/autopilot/hls/hls_video_core.h:717->D:/VIVADO2018.3/Vivado/2018.3/common/technology/autopilot/hls/hls_video_io.h:94]   --->   Operation 67 'write' <Predicate = (!exitcond)> <Delay = 3.40> <Core = "FIFO">   --->   Core 32 'FIFO' <Latency = 0> <II = 1> <Delay = 3.40> <Storage> <Opcode : 'read' 'write' 'nbread' 'nbwrite'> <Ports = 0> <Width = 8> <Depth = 3> <FIFO>
ST_6 : Operation 68 [1/1] (3.40ns)   --->   "call void @_ssdm_op_Write.ap_fifo.volatile.i8P(i8* %img_data_stream_1_V, i8 %tmp_4)" [D:/VIVADO2018.3/Vivado/2018.3/common/technology/autopilot/hls/hls_video_core.h:703->D:/VIVADO2018.3/Vivado/2018.3/common/technology/autopilot/hls/hls_video_core.h:717->D:/VIVADO2018.3/Vivado/2018.3/common/technology/autopilot/hls/hls_video_io.h:94]   --->   Operation 68 'write' <Predicate = (!exitcond)> <Delay = 3.40> <Core = "FIFO">   --->   Core 32 'FIFO' <Latency = 0> <II = 1> <Delay = 3.40> <Storage> <Opcode : 'read' 'write' 'nbread' 'nbwrite'> <Ports = 0> <Width = 8> <Depth = 3> <FIFO>
ST_6 : Operation 69 [1/1] (3.40ns)   --->   "call void @_ssdm_op_Write.ap_fifo.volatile.i8P(i8* %img_data_stream_2_V, i8 %tmp_5)" [D:/VIVADO2018.3/Vivado/2018.3/common/technology/autopilot/hls/hls_video_core.h:703->D:/VIVADO2018.3/Vivado/2018.3/common/technology/autopilot/hls/hls_video_core.h:717->D:/VIVADO2018.3/Vivado/2018.3/common/technology/autopilot/hls/hls_video_io.h:94]   --->   Operation 69 'write' <Predicate = (!exitcond)> <Delay = 3.40> <Core = "FIFO">   --->   Core 32 'FIFO' <Latency = 0> <II = 1> <Delay = 3.40> <Storage> <Opcode : 'read' 'write' 'nbread' 'nbwrite'> <Ports = 0> <Width = 8> <Depth = 3> <FIFO>
ST_6 : Operation 70 [1/1] (0.00ns)   --->   "%empty_48 = call i32 (...)* @_ssdm_op_SpecRegionEnd([12 x i8]* @p_str20, i32 %tmp_6)" [D:/VIVADO2018.3/Vivado/2018.3/common/technology/autopilot/hls/hls_video_core.h:705->D:/VIVADO2018.3/Vivado/2018.3/common/technology/autopilot/hls/hls_video_core.h:717->D:/VIVADO2018.3/Vivado/2018.3/common/technology/autopilot/hls/hls_video_io.h:94]   --->   Operation 70 'specregionend' 'empty_48' <Predicate = (!exitcond)> <Delay = 0.00>
ST_6 : Operation 71 [1/1] (0.00ns)   --->   "%empty_49 = call i32 (...)* @_ssdm_op_SpecRegionEnd([11 x i8]* @p_str12, i32 %tmp_1)" [D:/VIVADO2018.3/Vivado/2018.3/common/technology/autopilot/hls/hls_video_io.h:95]   --->   Operation 71 'specregionend' 'empty_49' <Predicate = (!exitcond)> <Delay = 0.00>
ST_6 : Operation 72 [1/1] (0.00ns)   --->   "br label %1" [D:/VIVADO2018.3/Vivado/2018.3/common/technology/autopilot/hls/hls_video_io.h:73]   --->   Operation 72 'br' <Predicate = (!exitcond)> <Delay = 0.00>

State 7 <SV = 5> <Delay = 0.46>
ST_7 : Operation 73 [1/1] (0.46ns)   --->   "br label %.preheader" [D:/VIVADO2018.3/Vivado/2018.3/common/technology/autopilot/hls/hls_video_io.h:96]   --->   Operation 73 'br' <Predicate = true> <Delay = 0.46>

State 8 <SV = 6> <Delay = 0.00>
ST_8 : Operation 74 [1/1] (0.00ns)   --->   "%axi_last_V_3 = phi i1 [ %tmp_last_V_2, %4 ], [ %eol_1, %.preheader.preheader ]"   --->   Operation 74 'phi' 'axi_last_V_3' <Predicate = true> <Delay = 0.00>
ST_8 : Operation 75 [1/1] (0.00ns)   --->   "%axi_data_V_3 = phi i24 [ %tmp_data_V_2, %4 ], [ %axi_data_V_1, %.preheader.preheader ]"   --->   Operation 75 'phi' 'axi_data_V_3' <Predicate = true> <Delay = 0.00>
ST_8 : Operation 76 [1/1] (0.00ns)   --->   "%eol_2 = phi i1 [ %tmp_last_V_2, %4 ], [ %eol, %.preheader.preheader ]"   --->   Operation 76 'phi' 'eol_2' <Predicate = true> <Delay = 0.00>
ST_8 : Operation 77 [1/1] (0.00ns)   --->   "br i1 %eol_2, label %5, label %4" [D:/VIVADO2018.3/Vivado/2018.3/common/technology/autopilot/hls/hls_video_io.h:96]   --->   Operation 77 'br' <Predicate = true> <Delay = 0.00>
ST_8 : Operation 78 [1/1] (0.00ns)   --->   "call void (...)* @_ssdm_op_SpecLoopName([18 x i8]* @p_str17) nounwind" [D:/VIVADO2018.3/Vivado/2018.3/common/technology/autopilot/hls/hls_video_io.h:96]   --->   Operation 78 'specloopname' <Predicate = (!eol_2)> <Delay = 0.00>
ST_8 : Operation 79 [1/1] (0.00ns)   --->   "%tmp_2 = call i32 (...)* @_ssdm_op_SpecRegionBegin([18 x i8]* @p_str17)" [D:/VIVADO2018.3/Vivado/2018.3/common/technology/autopilot/hls/hls_video_io.h:96]   --->   Operation 79 'specregionbegin' 'tmp_2' <Predicate = (!eol_2)> <Delay = 0.00>
ST_8 : Operation 80 [1/1] (0.00ns)   --->   "call void (...)* @_ssdm_op_SpecPipeline(i32 1, i32 1, i32 1, i32 0, [1 x i8]* @p_str2) nounwind" [D:/VIVADO2018.3/Vivado/2018.3/common/technology/autopilot/hls/hls_video_io.h:97]   --->   Operation 80 'specpipeline' <Predicate = (!eol_2)> <Delay = 0.00>
ST_8 : Operation 81 [1/1] (0.00ns)   --->   "call void (...)* @_ssdm_op_SpecLoopTripCount(i32 0, i32 0, i32 0, [1 x i8]* @p_str2) nounwind" [D:/VIVADO2018.3/Vivado/2018.3/common/technology/autopilot/hls/hls_video_io.h:98]   --->   Operation 81 'speclooptripcount' <Predicate = (!eol_2)> <Delay = 0.00>
ST_8 : Operation 82 [1/1] (0.00ns)   --->   "%empty_50 = call { i24, i3, i3, i1, i1, i1, i1 } @_ssdm_op_Read.axis.volatile.i24P.i3P.i3P.i1P.i1P.i1P.i1P(i24* %AXI_video_strm_V_data_V, i3* %AXI_video_strm_V_keep_V, i3* %AXI_video_strm_V_strb_V, i1* %AXI_video_strm_V_user_V, i1* %AXI_video_strm_V_last_V, i1* %AXI_video_strm_V_id_V, i1* %AXI_video_strm_V_dest_V)" [D:/VIVADO2018.3/Vivado/2018.3/common/technology/autopilot/hls/hls_video_io.h:100]   --->   Operation 82 'read' 'empty_50' <Predicate = (!eol_2)> <Delay = 0.00> <Core = "AXI4Stream">   --->   Core 5 'AXI4Stream' <Latency = 0> <II = 1> <Delay = 1.00> <Adapter> <Opcode : >
ST_8 : Operation 83 [1/1] (0.00ns)   --->   "%tmp_data_V_2 = extractvalue { i24, i3, i3, i1, i1, i1, i1 } %empty_50, 0" [D:/VIVADO2018.3/Vivado/2018.3/common/technology/autopilot/hls/hls_video_io.h:100]   --->   Operation 83 'extractvalue' 'tmp_data_V_2' <Predicate = (!eol_2)> <Delay = 0.00>
ST_8 : Operation 84 [1/1] (0.00ns)   --->   "%tmp_last_V_2 = extractvalue { i24, i3, i3, i1, i1, i1, i1 } %empty_50, 4" [D:/VIVADO2018.3/Vivado/2018.3/common/technology/autopilot/hls/hls_video_io.h:100]   --->   Operation 84 'extractvalue' 'tmp_last_V_2' <Predicate = (!eol_2)> <Delay = 0.00>
ST_8 : Operation 85 [1/1] (0.00ns)   --->   "%empty_51 = call i32 (...)* @_ssdm_op_SpecRegionEnd([18 x i8]* @p_str17, i32 %tmp_2)" [D:/VIVADO2018.3/Vivado/2018.3/common/technology/autopilot/hls/hls_video_io.h:103]   --->   Operation 85 'specregionend' 'empty_51' <Predicate = (!eol_2)> <Delay = 0.00>
ST_8 : Operation 86 [1/1] (0.00ns)   --->   "br label %.preheader" [D:/VIVADO2018.3/Vivado/2018.3/common/technology/autopilot/hls/hls_video_io.h:103]   --->   Operation 86 'br' <Predicate = (!eol_2)> <Delay = 0.00>

State 9 <SV = 7> <Delay = 0.00>
ST_9 : Operation 87 [1/1] (0.00ns)   --->   "%empty_52 = call i32 (...)* @_ssdm_op_SpecRegionEnd([12 x i8]* @p_str11, i32 %tmp_s)" [D:/VIVADO2018.3/Vivado/2018.3/common/technology/autopilot/hls/hls_video_io.h:104]   --->   Operation 87 'specregionend' 'empty_52' <Predicate = true> <Delay = 0.00>
ST_9 : Operation 88 [1/1] (0.00ns)   --->   "br label %.preheader232" [D:/VIVADO2018.3/Vivado/2018.3/common/technology/autopilot/hls/hls_video_io.h:71]   --->   Operation 88 'br' <Predicate = true> <Delay = 0.00>


============================================================
+ Verbose Summary: Timing violations
============================================================
Target clock period: 10ns, clock uncertainty: 1.25ns.

 <State 1>: 0ns
The critical path consists of the following:

 <State 2>: 0ns
The critical path consists of the following:

 <State 3>: 0.466ns
The critical path consists of the following:
	'alloca' operation ('sof_1') [32]  (0 ns)
	'store' operation of constant 1 on local variable 'sof_1' [33]  (0.466 ns)

 <State 4>: 2.77ns
The critical path consists of the following:
	'icmp' operation ('exitcond2', D:/VIVADO2018.3/Vivado/2018.3/common/technology/autopilot/hls/hls_video_io.h:71) [39]  (1.97 ns)
	blocking operation 0.8 ns on control path)

 <State 5>: 2.77ns
The critical path consists of the following:
	'icmp' operation ('exitcond', D:/VIVADO2018.3/Vivado/2018.3/common/technology/autopilot/hls/hls_video_io.h:73) [52]  (1.97 ns)
	blocking operation 0.8 ns on control path)

 <State 6>: 3.4ns
The critical path consists of the following:
	fifo write on port 'img_data_stream_0_V' (D:/VIVADO2018.3/Vivado/2018.3/common/technology/autopilot/hls/hls_video_core.h:703->D:/VIVADO2018.3/Vivado/2018.3/common/technology/autopilot/hls/hls_video_core.h:717->D:/VIVADO2018.3/Vivado/2018.3/common/technology/autopilot/hls/hls_video_io.h:94) [76]  (3.4 ns)

 <State 7>: 0.466ns
The critical path consists of the following:
	multiplexor before 'phi' operation ('axi.last.V') with incoming values : ('tmp.last.V', D:/VIVADO2018.3/Vivado/2018.3/common/technology/autopilot/hls/hls_video_io.h:68) ('tmp.last.V', D:/VIVADO2018.3/Vivado/2018.3/common/technology/autopilot/hls/hls_video_io.h:81) ('tmp.last.V', D:/VIVADO2018.3/Vivado/2018.3/common/technology/autopilot/hls/hls_video_io.h:100) [86]  (0.466 ns)

 <State 8>: 0ns
The critical path consists of the following:

 <State 9>: 0ns
The critical path consists of the following:


============================================================
+ Verbose Summary: Binding
============================================================
N/A
* FSMD analyzer results:
  - Output states:
 - Input state : 
  - Chain level:
	State 1
	State 2
	State 3
	State 4
	State 5
	State 6
	State 7
	State 8
	State 9


============================================================
+ Verbose Summary: Datapath Resource usage 
============================================================
N/A
