

================================================================
== Vivado HLS Report for 'AXIvideo2Mat'
================================================================
* Date:           Fri Mar 31 12:32:10 2023

* Version:        2018.3 (Build 2405991 on Thu Dec 06 23:56:15 MST 2018)
* Project:        skin_hls
* Solution:       solution1
* Product family: zynq
* Target device:  xc7z020clg400-2


================================================================
== Performance Estimates
================================================================
+ Timing (ns): 
    * Summary: 
    +--------+-------+----------+------------+
    |  Clock | Target| Estimated| Uncertainty|
    +--------+-------+----------+------------+
    |ap_clk  |  10.00|     3.401|        1.25|
    +--------+-------+----------+------------+

+ Latency (clock cycles): 
    * Summary: 
    +-----+---------+-----+---------+---------+
    |    Latency    |    Interval   | Pipeline|
    | min |   max   | min |   max   |   Type  |
    +-----+---------+-----+---------+---------+
    |    3|  2079003|    3|  2079003|   none  |
    +-----+---------+-----+---------+---------+

    + Detail: 
        * Instance: 
        N/A

        * Loop: 
        +-----------------------+-----+---------+----------+-----------+-----------+----------+----------+
        |                       |    Latency    | Iteration|  Initiation Interval  |   Trip   |          |
        |       Loop Name       | min |   max   |  Latency |  achieved |   target  |   Count  | Pipelined|
        +-----------------------+-----+---------+----------+-----------+-----------+----------+----------+
        |- loop_wait_for_start  |    0|        0|         1|          1|          1|         0|    yes   |
        |- loop_height          |    0|  2079000| 5 ~ 1925 |          -|          -| 0 ~ 1080 |    no    |
        | + loop_width          |    0|     1920|         2|          1|          1| 0 ~ 1920 |    yes   |
        | + loop_wait_for_eol   |    0|        0|         1|          1|          1|         0|    yes   |
        +-----------------------+-----+---------+----------+-----------+-----------+----------+----------+

============================================================
+ Verbose Summary: Synthesis Manager
============================================================
InlineROM: 1
ExposeGlobal: 0
============================================================
+ Verbose Summary: CDFG Model
============================================================
IsTopModel: 0
ResetActiveHigh: 1
IsCombinational: 2
IsDatapathOnly: 0
HasWiredReturn: 1
HasMFsm: 0
HasVarLatency: 1
IsPipeline: 0
IsRtlPipelined: 0
IsInstanceOverlapped: 0
IsDontTouch: 0
HasImplIP: 0
IsGatedGlobalClock: 0

+ Individual pipeline summary: 
  * Pipeline-0: initiation interval (II) = 1, depth = 1
  * Pipeline-1: initiation interval (II) = 1, depth = 2
  * Pipeline-2: initiation interval (II) = 1, depth = 1


============================================================
+ Verbose Summary: Schedule
============================================================
* Number of FSM states : 9
* Pipeline : 3
  Pipeline-0 : II = 1, D = 1, States = { 2 }
  Pipeline-1 : II = 1, D = 2, States = { 5 6 }
  Pipeline-2 : II = 1, D = 1, States = { 8 }
* Dataflow Pipeline: 0

* FSM state transitions: 
1 --> 
	2  / true
2 --> 
	3  / (tmp_user_V)
	2  / (!tmp_user_V)
3 --> 
	4  / true
4 --> 
	5  / (!exitcond2)
5 --> 
	7  / (exitcond)
	6  / (!exitcond)
6 --> 
	5  / true
7 --> 
	8  / true
8 --> 
	9  / (eol_2)
	8  / (!eol_2)
9 --> 
	4  / true

* FSM state operations: 

State 1 <SV = 0> <Delay = 0.00>
ST_1 : Operation 10 [1/1] (0.00ns)   --->   "call void (...)* @_ssdm_op_SpecInterface(i8* %img_data_stream_2_V, [8 x i8]* @ap_fifo_str, i32 0, i32 0, [1 x i8]* @p_str50, i32 0, i32 0, [1 x i8]* @p_str51, [1 x i8]* @p_str52, [1 x i8]* @p_str53, i32 2, i32 2, i32 16, i32 16, [1 x i8]* @p_str54, [1 x i8]* @p_str55)"   --->   Operation 10 'specinterface' <Predicate = true> <Delay = 0.00>
ST_1 : Operation 11 [1/1] (0.00ns)   --->   "call void (...)* @_ssdm_op_SpecInterface(i8* %img_data_stream_1_V, [8 x i8]* @ap_fifo_str, i32 0, i32 0, [1 x i8]* @p_str43, i32 0, i32 0, [1 x i8]* @p_str44, [1 x i8]* @p_str45, [1 x i8]* @p_str46, i32 2, i32 2, i32 16, i32 16, [1 x i8]* @p_str47, [1 x i8]* @p_str48)"   --->   Operation 11 'specinterface' <Predicate = true> <Delay = 0.00>
ST_1 : Operation 12 [1/1] (0.00ns)   --->   "call void (...)* @_ssdm_op_SpecInterface(i8* %img_data_stream_0_V, [8 x i8]* @ap_fifo_str, i32 0, i32 0, [1 x i8]* @p_str36, i32 0, i32 0, [1 x i8]* @p_str37, [1 x i8]* @p_str38, [1 x i8]* @p_str39, i32 2, i32 2, i32 16, i32 16, [1 x i8]* @p_str40, [1 x i8]* @p_str41)"   --->   Operation 12 'specinterface' <Predicate = true> <Delay = 0.00>
ST_1 : Operation 13 [1/1] (0.00ns)   --->   "call void (...)* @_ssdm_op_SpecInterface(i24* %AXI_video_strm_V_data_V, i3* %AXI_video_strm_V_keep_V, i3* %AXI_video_strm_V_strb_V, i1* %AXI_video_strm_V_user_V, i1* %AXI_video_strm_V_last_V, i1* %AXI_video_strm_V_id_V, i1* %AXI_video_strm_V_dest_V, [5 x i8]* @p_str3, i32 1, i32 1, [5 x i8]* @p_str4, i32 0, i32 0, [1 x i8]* @p_str2, [1 x i8]* @p_str2, [1 x i8]* @p_str2, i32 0, i32 0, i32 0, i32 0, [1 x i8]* @p_str2, [1 x i8]* @p_str2) nounwind"   --->   Operation 13 'specinterface' <Predicate = true> <Delay = 0.00>
ST_1 : Operation 14 [1/1] (0.00ns)   --->   "%img_cols_V_read_1 = call i32 @_ssdm_op_Read.ap_auto.i32(i32 %img_cols_V_read)"   --->   Operation 14 'read' 'img_cols_V_read_1' <Predicate = true> <Delay = 0.00>
ST_1 : Operation 15 [1/1] (0.00ns)   --->   "%img_rows_V_read_1 = call i32 @_ssdm_op_Read.ap_auto.i32(i32 %img_rows_V_read)"   --->   Operation 15 'read' 'img_rows_V_read_1' <Predicate = true> <Delay = 0.00>
ST_1 : Operation 16 [1/1] (0.00ns)   --->   "br label %._crit_edge1" [D:/VIVADO2018.3/Vivado/2018.3/common/technology/autopilot/hls/hls_video_io.h:63]   --->   Operation 16 'br' <Predicate = true> <Delay = 0.00>

State 2 <SV = 1> <Delay = 0.00>
ST_2 : Operation 17 [1/1] (0.00ns)   --->   "call void (...)* @_ssdm_op_SpecLoopName([20 x i8]* @p_str16) nounwind" [D:/VIVADO2018.3/Vivado/2018.3/common/technology/autopilot/hls/hls_video_io.h:65]   --->   Operation 17 'specloopname' <Predicate = true> <Delay = 0.00>
ST_2 : Operation 18 [1/1] (0.00ns)   --->   "%tmp = call i32 (...)* @_ssdm_op_SpecRegionBegin([20 x i8]* @p_str16)" [D:/VIVADO2018.3/Vivado/2018.3/common/technology/autopilot/hls/hls_video_io.h:65]   --->   Operation 18 'specregionbegin' 'tmp' <Predicate = true> <Delay = 0.00>
ST_2 : Operation 19 [1/1] (0.00ns)   --->   "call void (...)* @_ssdm_op_SpecPipeline(i32 1, i32 1, i32 1, i32 0, [1 x i8]* @p_str2) nounwind" [D:/VIVADO2018.3/Vivado/2018.3/common/technology/autopilot/hls/hls_video_io.h:66]   --->   Operation 19 'specpipeline' <Predicate = true> <Delay = 0.00>
ST_2 : Operation 20 [1/1] (0.00ns)   --->   "call void (...)* @_ssdm_op_SpecLoopTripCount(i32 0, i32 0, i32 0, [1 x i8]* @p_str2) nounwind" [D:/VIVADO2018.3/Vivado/2018.3/common/technology/autopilot/hls/hls_video_io.h:67]   --->   Operation 20 'speclooptripcount' <Predicate = true> <Delay = 0.00>
ST_2 : Operation 21 [1/1] (0.00ns)   --->   "%empty = call { i24, i3, i3, i1, i1, i1, i1 } @_ssdm_op_Read.axis.volatile.i24P.i3P.i3P.i1P.i1P.i1P.i1P(i24* %AXI_video_strm_V_data_V, i3* %AXI_video_strm_V_keep_V, i3* %AXI_video_strm_V_strb_V, i1* %AXI_video_strm_V_user_V, i1* %AXI_video_strm_V_last_V, i1* %AXI_video_strm_V_id_V, i1* %AXI_video_strm_V_dest_V)" [D:/VIVADO2018.3/Vivado/2018.3/common/technology/autopilot/hls/hls_video_io.h:68]   --->   Operation 21 'read' 'empty' <Predicate = true> <Delay = 0.00> <Core = "AXI4Stream">   --->   Core 5 'AXI4Stream' <Latency = 0> <II = 1> <Delay = 1.00> <Adapter> <Opcode : >
ST_2 : Operation 22 [1/1] (0.00ns)   --->   "%tmp_data_V = extractvalue { i24, i3, i3, i1, i1, i1, i1 } %empty, 0" [D:/VIVADO2018.3/Vivado/2018.3/common/technology/autopilot/hls/hls_video_io.h:68]   --->   Operation 22 'extractvalue' 'tmp_data_V' <Predicate = true> <Delay = 0.00>
ST_2 : Operation 23 [1/1] (0.00ns)   --->   "%tmp_user_V = extractvalue { i24, i3, i3, i1, i1, i1, i1 } %empty, 3" [D:/VIVADO2018.3/Vivado/2018.3/common/technology/autopilot/hls/hls_video_io.h:68]   --->   Operation 23 'extractvalue' 'tmp_user_V' <Predicate = true> <Delay = 0.00>
ST_2 : Operation 24 [1/1] (0.00ns)   --->   "%tmp_last_V = extractvalue { i24, i3, i3, i1, i1, i1, i1 } %empty, 4" [D:/VIVADO2018.3/Vivado/2018.3/common/technology/autopilot/hls/hls_video_io.h:68]   --->   Operation 24 'extractvalue' 'tmp_last_V' <Predicate = true> <Delay = 0.00>
ST_2 : Operation 25 [1/1] (0.00ns)   --->   "%empty_46 = call i32 (...)* @_ssdm_op_SpecRegionEnd([20 x i8]* @p_str16, i32 %tmp)" [D:/VIVADO2018.3/Vivado/2018.3/common/technology/autopilot/hls/hls_video_io.h:70]   --->   Operation 25 'specregionend' 'empty_46' <Predicate = true> <Delay = 0.00>
ST_2 : Operation 26 [1/1] (0.00ns)   --->   "br i1 %tmp_user_V, label %.preheader232.preheader, label %._crit_edge1" [D:/VIVADO2018.3/Vivado/2018.3/common/technology/autopilot/hls/hls_video_io.h:65]   --->   Operation 26 'br' <Predicate = true> <Delay = 0.00>

State 3 <SV = 2> <Delay = 0.46>
ST_3 : Operation 27 [1/1] (0.00ns)   --->   "%sof_1 = alloca i1"   --->   Operation 27 'alloca' 'sof_1' <Predicate = true> <Delay = 0.00>
ST_3 : Operation 28 [1/1] (0.46ns)   --->   "store i1 true, i1* %sof_1"   --->   Operation 28 'store' <Predicate = true> <Delay = 0.46>
ST_3 : Operation 29 [1/1] (0.46ns)   --->   "br label %.preheader232" [D:/VIVADO2018.3/Vivado/2018.3/common/technology/autopilot/hls/hls_video_io.h:71]   --->   Operation 29 'br' <Predicate = true> <Delay = 0.46>

State 4 <SV = 3> <Delay = 2.76>
ST_4 : Operation 30 [1/1] (0.00ns)   --->   "%axi_last_V1 = phi i1 [ %axi_last_V_3, %5 ], [ %tmp_last_V, %.preheader232.preheader ]"   --->   Operation 30 'phi' 'axi_last_V1' <Predicate = true> <Delay = 0.00>
ST_4 : Operation 31 [1/1] (0.00ns)   --->   "%axi_data_V1 = phi i24 [ %axi_data_V_3, %5 ], [ %tmp_data_V, %.preheader232.preheader ]"   --->   Operation 31 'phi' 'axi_data_V1' <Predicate = true> <Delay = 0.00>
ST_4 : Operation 32 [1/1] (0.00ns)   --->   "%t_V = phi i32 [ %i_V, %5 ], [ 0, %.preheader232.preheader ]"   --->   Operation 32 'phi' 't_V' <Predicate = true> <Delay = 0.00>
ST_4 : Operation 33 [1/1] (1.96ns)   --->   "%exitcond2 = icmp eq i32 %t_V, %img_rows_V_read_1" [D:/VIVADO2018.3/Vivado/2018.3/common/technology/autopilot/hls/hls_video_io.h:71]   --->   Operation 33 'icmp' 'exitcond2' <Predicate = true> <Delay = 1.96> <Core = "Cmp">   --->   Core 25 'Cmp' <Latency = 0> <II = 1> <Delay = 1.96> <FuncUnit> <Opcode : 'icmp'> <InPorts = 2> <OutPorts = 1>
ST_4 : Operation 34 [1/1] (0.00ns)   --->   "call void (...)* @_ssdm_op_SpecLoopTripCount(i64 0, i64 1080, i64 0)"   --->   Operation 34 'speclooptripcount' <Predicate = true> <Delay = 0.00>
ST_4 : Operation 35 [1/1] (1.89ns)   --->   "%i_V = add i32 %t_V, 1" [D:/VIVADO2018.3/Vivado/2018.3/common/technology/autopilot/hls/hls_video_io.h:71]   --->   Operation 35 'add' 'i_V' <Predicate = true> <Delay = 1.89> <Core = "AddSub">   --->   Core 14 'AddSub' <Latency = 0> <II = 1> <Delay = 1.89> <FuncUnit> <Opcode : 'add' 'sub'> <InPorts = 2> <OutPorts = 1>
ST_4 : Operation 36 [1/1] (0.00ns)   --->   "br i1 %exitcond2, label %6, label %0" [D:/VIVADO2018.3/Vivado/2018.3/common/technology/autopilot/hls/hls_video_io.h:71]   --->   Operation 36 'br' <Predicate = true> <Delay = 0.00>
ST_4 : Operation 37 [1/1] (0.00ns)   --->   "call void (...)* @_ssdm_op_SpecLoopName([12 x i8]* @p_str11) nounwind" [D:/VIVADO2018.3/Vivado/2018.3/common/technology/autopilot/hls/hls_video_io.h:71]   --->   Operation 37 'specloopname' <Predicate = (!exitcond2)> <Delay = 0.00>
ST_4 : Operation 38 [1/1] (0.00ns)   --->   "%tmp_s = call i32 (...)* @_ssdm_op_SpecRegionBegin([12 x i8]* @p_str11)" [D:/VIVADO2018.3/Vivado/2018.3/common/technology/autopilot/hls/hls_video_io.h:71]   --->   Operation 38 'specregionbegin' 'tmp_s' <Predicate = (!exitcond2)> <Delay = 0.00>
ST_4 : Operation 39 [1/1] (0.46ns)   --->   "br label %1" [D:/VIVADO2018.3/Vivado/2018.3/common/technology/autopilot/hls/hls_video_io.h:73]   --->   Operation 39 'br' <Predicate = (!exitcond2)> <Delay = 0.46>
ST_4 : Operation 40 [1/1] (0.00ns)   --->   "ret void"   --->   Operation 40 'ret' <Predicate = (exitcond2)> <Delay = 0.00>

State 5 <SV = 4> <Delay = 2.76>
ST_5 : Operation 41 [1/1] (0.00ns)   --->   "%eol_1 = phi i1 [ %axi_last_V1, %0 ], [ %axi_last_V_2, %._crit_edge2 ]" [D:/VIVADO2018.3/Vivado/2018.3/common/technology/autopilot/hls/hls_video_io.h:100]   --->   Operation 41 'phi' 'eol_1' <Predicate = true> <Delay = 0.00>
ST_5 : Operation 42 [1/1] (0.00ns)   --->   "%axi_data_V_1 = phi i24 [ %axi_data_V1, %0 ], [ %p_Val2_s, %._crit_edge2 ]"   --->   Operation 42 'phi' 'axi_data_V_1' <Predicate = true> <Delay = 0.00>
ST_5 : Operation 43 [1/1] (0.00ns)   --->   "%t_V_2 = phi i32 [ 0, %0 ], [ %j_V, %._crit_edge2 ]"   --->   Operation 43 'phi' 't_V_2' <Predicate = true> <Delay = 0.00>
ST_5 : Operation 44 [1/1] (0.00ns)   --->   "%eol = phi i1 [ false, %0 ], [ %axi_last_V_2, %._crit_edge2 ]" [D:/VIVADO2018.3/Vivado/2018.3/common/technology/autopilot/hls/hls_video_io.h:81]   --->   Operation 44 'phi' 'eol' <Predicate = true> <Delay = 0.00>
ST_5 : Operation 45 [1/1] (1.96ns)   --->   "%exitcond = icmp eq i32 %t_V_2, %img_cols_V_read_1" [D:/VIVADO2018.3/Vivado/2018.3/common/technology/autopilot/hls/hls_video_io.h:73]   --->   Operation 45 'icmp' 'exitcond' <Predicate = true> <Delay = 1.96> <Core = "Cmp">   --->   Core 25 'Cmp' <Latency = 0> <II = 1> <Delay = 1.96> <FuncUnit> <Opcode : 'icmp'> <InPorts = 2> <OutPorts = 1>
ST_5 : Operation 46 [1/1] (0.00ns)   --->   "call void (...)* @_ssdm_op_SpecLoopTripCount(i64 0, i64 1920, i64 0)"   --->   Operation 46 'speclooptripcount' <Predicate = true> <Delay = 0.00>
ST_5 : Operation 47 [1/1] (1.89ns)   --->   "%j_V = add i32 %t_V_2, 1" [D:/VIVADO2018.3/Vivado/2018.3/common/technology/autopilot/hls/hls_video_io.h:73]   --->   Operation 47 'add' 'j_V' <Predicate = true> <Delay = 1.89> <Core = "AddSub">   --->   Core 14 'AddSub' <Latency = 0> <II = 1> <Delay = 1.89> <FuncUnit> <Opcode : 'add' 'sub'> <InPorts = 2> <OutPorts = 1>
ST_5 : Operation 48 [1/1] (0.00ns)   --->   "br i1 %exitcond, label %.preheader.preheader, label %2" [D:/VIVADO2018.3/Vivado/2018.3/common/technology/autopilot/hls/hls_video_io.h:73]   --->   Operation 48 'br' <Predicate = true> <Delay = 0.00>
ST_5 : Operation 49 [1/1] (0.00ns)   --->   "%sof_1_load = load i1* %sof_1" [D:/VIVADO2018.3/Vivado/2018.3/common/technology/autopilot/hls/hls_video_io.h:76]   --->   Operation 49 'load' 'sof_1_load' <Predicate = (!exitcond)> <Delay = 0.00>
ST_5 : Operation 50 [1/1] (0.80ns)   --->   "%brmerge = or i1 %sof_1_load, %eol" [D:/VIVADO2018.3/Vivado/2018.3/common/technology/autopilot/hls/hls_video_io.h:76]   --->   Operation 50 'or' 'brmerge' <Predicate = (!exitcond)> <Delay = 0.80> <Core = "LogicGate">   --->   Core 27 'LogicGate' <Latency = 0> <II = 1> <Delay = 0.80> <FuncUnit> <Opcode : 'and' 'or' 'xor'> <InPorts = 2> <OutPorts = 1>
ST_5 : Operation 51 [1/1] (0.46ns)   --->   "br i1 %brmerge, label %._crit_edge2, label %3" [D:/VIVADO2018.3/Vivado/2018.3/common/technology/autopilot/hls/hls_video_io.h:76]   --->   Operation 51 'br' <Predicate = (!exitcond)> <Delay = 0.46>
ST_5 : Operation 52 [1/1] (0.00ns)   --->   "%empty_47 = call { i24, i3, i3, i1, i1, i1, i1 } @_ssdm_op_Read.axis.volatile.i24P.i3P.i3P.i1P.i1P.i1P.i1P(i24* %AXI_video_strm_V_data_V, i3* %AXI_video_strm_V_keep_V, i3* %AXI_video_strm_V_strb_V, i1* %AXI_video_strm_V_user_V, i1* %AXI_video_strm_V_last_V, i1* %AXI_video_strm_V_id_V, i1* %AXI_video_strm_V_dest_V)" [D:/VIVADO2018.3/Vivado/2018.3/common/technology/autopilot/hls/hls_video_io.h:81]   --->   Operation 52 'read' 'empty_47' <Predicate = (!exitcond & !brmerge)> <Delay = 0.00> <Core = "AXI4Stream">   --->   Core 5 'AXI4Stream' <Latency = 0> <II = 1> <Delay = 1.00> <Adapter> <Opcode : >
ST_5 : Operation 53 [1/1] (0.00ns)   --->   "%tmp_data_V_1 = extractvalue { i24, i3, i3, i1, i1, i1, i1 } %empty_47, 0" [D:/VIVADO2018.3/Vivado/2018.3/common/technology/autopilot/hls/hls_video_io.h:81]   --->   Operation 53 'extractvalue' 'tmp_data_V_1' <Predicate = (!exitcond & !brmerge)> <Delay = 0.00>
ST_5 : Operation 54 [1/1] (0.00ns)   --->   "%tmp_last_V_1 = extractvalue { i24, i3, i3, i1, i1, i1, i1 } %empty_47, 4" [D:/VIVADO2018.3/Vivado/2018.3/common/technology/autopilot/hls/hls_video_io.h:81]   --->   Operation 54 'extractvalue' 'tmp_last_V_1' <Predicate = (!exitcond & !brmerge)> <Delay = 0.00>
ST_5 : Operation 55 [1/1] (0.46ns)   --->   "br label %._crit_edge2"   --->   Operation 55 'br' <Predicate = (!exitcond & !brmerge)> <Delay = 0.46>
ST_5 : Operation 56 [1/1] (0.00ns)   --->   "%axi_last_V_2 = phi i1 [ %tmp_last_V_1, %3 ], [ %eol_1, %2 ]"   --->   Operation 56 'phi' 'axi_last_V_2' <Predicate = (!exitcond)> <Delay = 0.00>
ST_5 : Operation 57 [1/1] (0.00ns)   --->   "%p_Val2_s = phi i24 [ %tmp_data_V_1, %3 ], [ %axi_data_V_1, %2 ]"   --->   Operation 57 'phi' 'p_Val2_s' <Predicate = (!exitcond)> <Delay = 0.00>
ST_5 : Operation 58 [1/1] (0.00ns)   --->   "%tmp_8 = trunc i24 %p_Val2_s to i8" [D:/VIVADO2018.3/Vivado/2018.3/common/technology/autopilot/hls/hls_axi_io.h:49->D:/VIVADO2018.3/Vivado/2018.3/common/technology/autopilot/hls/hls_axi_io.h:71->D:/VIVADO2018.3/Vivado/2018.3/common/technology/autopilot/hls/hls_video_io.h:92]   --->   Operation 58 'trunc' 'tmp_8' <Predicate = (!exitcond)> <Delay = 0.00>
ST_5 : Operation 59 [1/1] (0.00ns)   --->   "%tmp_4 = call i8 @_ssdm_op_PartSelect.i8.i24.i32.i32(i24 %p_Val2_s, i32 8, i32 15)" [D:/VIVADO2018.3/Vivado/2018.3/common/technology/autopilot/hls/hls_axi_io.h:49->D:/VIVADO2018.3/Vivado/2018.3/common/technology/autopilot/hls/hls_axi_io.h:71->D:/VIVADO2018.3/Vivado/2018.3/common/technology/autopilot/hls/hls_video_io.h:92]   --->   Operation 59 'partselect' 'tmp_4' <Predicate = (!exitcond)> <Delay = 0.00>
ST_5 : Operation 60 [1/1] (0.00ns)   --->   "%tmp_5 = call i8 @_ssdm_op_PartSelect.i8.i24.i32.i32(i24 %p_Val2_s, i32 16, i32 23)" [D:/VIVADO2018.3/Vivado/2018.3/common/technology/autopilot/hls/hls_axi_io.h:49->D:/VIVADO2018.3/Vivado/2018.3/common/technology/autopilot/hls/hls_axi_io.h:71->D:/VIVADO2018.3/Vivado/2018.3/common/technology/autopilot/hls/hls_video_io.h:92]   --->   Operation 60 'partselect' 'tmp_5' <Predicate = (!exitcond)> <Delay = 0.00>
ST_5 : Operation 61 [1/1] (0.46ns)   --->   "store i1 false, i1* %sof_1"   --->   Operation 61 'store' <Predicate = (!exitcond)> <Delay = 0.46>

State 6 <SV = 5> <Delay = 3.40>
ST_6 : Operation 62 [1/1] (0.00ns)   --->   "call void (...)* @_ssdm_op_SpecLoopName([11 x i8]* @p_str12) nounwind" [D:/VIVADO2018.3/Vivado/2018.3/common/technology/autopilot/hls/hls_video_io.h:73]   --->   Operation 62 'specloopname' <Predicate = (!exitcond)> <Delay = 0.00>
ST_6 : Operation 63 [1/1] (0.00ns)   --->   "%tmp_1 = call i32 (...)* @_ssdm_op_SpecRegionBegin([11 x i8]* @p_str12)" [D:/VIVADO2018.3/Vivado/2018.3/common/technology/autopilot/hls/hls_video_io.h:73]   --->   Operation 63 'specregionbegin' 'tmp_1' <Predicate = (!exitcond)> <Delay = 0.00>
ST_6 : Operation 64 [1/1] (0.00ns)   --->   "call void (...)* @_ssdm_op_SpecPipeline(i32 1, i32 1, i32 1, i32 0, [1 x i8]* @p_str2) nounwind" [D:/VIVADO2018.3/Vivado/2018.3/common/technology/autopilot/hls/hls_video_io.h:75]   --->   Operation 64 'specpipeline' <Predicate = (!exitcond)> <Delay = 0.00>
ST_6 : Operation 65 [1/1] (0.00ns)   --->   "%tmp_6 = call i32 (...)* @_ssdm_op_SpecRegionBegin([12 x i8]* @p_str20)" [D:/VIVADO2018.3/Vivado/2018.3/common/technology/autopilot/hls/hls_video_core.h:696->D:/VIVADO2018.3/Vivado/2018.3/common/technology/autopilot/hls/hls_video_core.h:717->D:/VIVADO2018.3/Vivado/2018.3/common/technology/autopilot/hls/hls_video_io.h:94]   --->   Operation 65 'specregionbegin' 'tmp_6' <Predicate = (!exitcond)> <Delay = 0.00>
ST_6 : Operation 66 [1/1] (0.00ns)   --->   "call void (...)* @_ssdm_op_SpecProtocol(i32 0, [1 x i8]* @p_str2) nounwind" [D:/VIVADO2018.3/Vivado/2018.3/common/technology/autopilot/hls/hls_video_core.h:700->D:/VIVADO2018.3/Vivado/2018.3/common/technology/autopilot/hls/hls_video_core.h:717->D:/VIVADO2018.3/Vivado/2018.3/common/technology/autopilot/hls/hls_video_io.h:94]   --->   Operation 66 'specprotocol' <Predicate = (!exitcond)> <Delay = 0.00>
ST_6 : Operation 67 [1/1] (3.40ns)   --->   "call void @_ssdm_op_Write.ap_fifo.volatile.i8P(i8* %img_data_stream_0_V, i8 %tmp_8)" [D:/VIVADO2018.3/Vivado/2018.3/common/technology/autopilot/hls/hls_video_core.h:703->D:/VIVADO2018.3/Vivado/2018.3/common/technology/autopilot/hls/hls_video_core.h:717->D:/VIVADO2018.3/Vivado/2018.3/common/technology/autopilot/hls/hls_video_io.h:94]   --->   Operation 67 'write' <Predicate = (!exitcond)> <Delay = 3.40> <Core = "FIFO">   --->   Core 32 'FIFO' <Latency = 0> <II = 1> <Delay = 3.40> <Storage> <Opcode : 'read' 'write' 'nbread' 'nbwrite'> <Ports = 0> <Width = 8> <Depth = 3> <FIFO>
ST_6 : Operation 68 [1/1] (3.40ns)   --->   "call void @_ssdm_op_Write.ap_fifo.volatile.i8P(i8* %img_data_stream_1_V, i8 %tmp_4)" [D:/VIVADO2018.3/Vivado/2018.3/common/technology/autopilot/hls/hls_video_core.h:703->D:/VIVADO2018.3/Vivado/2018.3/common/technology/autopilot/hls/hls_video_core.h:717->D:/VIVADO2018.3/Vivado/2018.3/common/technology/autopilot/hls/hls_video_io.h:94]   --->   Operation 68 'write' <Predicate = (!exitcond)> <Delay = 3.40> <Core = "FIFO">   --->   Core 32 'FIFO' <Latency = 0> <II = 1> <Delay = 3.40> <Storage> <Opcode : 'read' 'write' 'nbread' 'nbwrite'> <Ports = 0> <Width = 8> <Depth = 3> <FIFO>
ST_6 : Operation 69 [1/1] (3.40ns)   --->   "call void @_ssdm_op_Write.ap_fifo.volatile.i8P(i8* %img_data_stream_2_V, i8 %tmp_5)" [D:/VIVADO2018.3/Vivado/2018.3/common/technology/autopilot/hls/hls_video_core.h:703->D:/VIVADO2018.3/Vivado/2018.3/common/technology/autopilot/hls/hls_video_core.h:717->D:/VIVADO2018.3/Vivado/2018.3/common/technology/autopilot/hls/hls_video_io.h:94]   --->   Operation 69 'write' <Predicate = (!exitcond)> <Delay = 3.40> <Core = "FIFO">   --->   Core 32 'FIFO' <Latency = 0> <II = 1> <Delay = 3.40> <Storage> <Opcode : 'read' 'write' 'nbread' 'nbwrite'> <Ports = 0> <Width = 8> <Depth = 3> <FIFO>
ST_6 : Operation 70 [1/1] (0.00ns)   --->   "%empty_48 = call i32 (...)* @_ssdm_op_SpecRegionEnd([12 x i8]* @p_str20, i32 %tmp_6)" [D:/VIVADO2018.3/Vivado/2018.3/common/technology/autopilot/hls/hls_video_core.h:705->D:/VIVADO2018.3/Vivado/2018.3/common/technology/autopilot/hls/hls_video_core.h:717->D:/VIVADO2018.3/Vivado/2018.3/common/technology/autopilot/hls/hls_video_io.h:94]   --->   Operation 70 'specregionend' 'empty_48' <Predicate = (!exitcond)> <Delay = 0.00>
ST_6 : Operation 71 [1/1] (0.00ns)   --->   "%empty_49 = call i32 (...)* @_ssdm_op_SpecRegionEnd([11 x i8]* @p_str12, i32 %tmp_1)" [D:/VIVADO2018.3/Vivado/2018.3/common/technology/autopilot/hls/hls_video_io.h:95]   --->   Operation 71 'specregionend' 'empty_49' <Predicate = (!exitcond)> <Delay = 0.00>
ST_6 : Operation 72 [1/1] (0.00ns)   --->   "br label %1" [D:/VIVADO2018.3/Vivado/2018.3/common/technology/autopilot/hls/hls_video_io.h:73]   --->   Operation 72 'br' <Predicate = (!exitcond)> <Delay = 0.00>

State 7 <SV = 5> <Delay = 0.46>
ST_7 : Operation 73 [1/1] (0.46ns)   --->   "br label %.preheader" [D:/VIVADO2018.3/Vivado/2018.3/common/technology/autopilot/hls/hls_video_io.h:96]   --->   Operation 73 'br' <Predicate = true> <Delay = 0.46>

State 8 <SV = 6> <Delay = 0.00>
ST_8 : Operation 74 [1/1] (0.00ns)   --->   "%axi_last_V_3 = phi i1 [ %tmp_last_V_2, %4 ], [ %eol_1, %.preheader.preheader ]"   --->   Operation 74 'phi' 'axi_last_V_3' <Predicate = true> <Delay = 0.00>
ST_8 : Operation 75 [1/1] (0.00ns)   --->   "%axi_data_V_3 = phi i24 [ %tmp_data_V_2, %4 ], [ %axi_data_V_1, %.preheader.preheader ]"   --->   Operation 75 'phi' 'axi_data_V_3' <Predicate = true> <Delay = 0.00>
ST_8 : Operation 76 [1/1] (0.00ns)   --->   "%eol_2 = phi i1 [ %tmp_last_V_2, %4 ], [ %eol, %.preheader.preheader ]"   --->   Operation 76 'phi' 'eol_2' <Predicate = true> <Delay = 0.00>
ST_8 : Operation 77 [1/1] (0.00ns)   --->   "br i1 %eol_2, label %5, label %4" [D:/VIVADO2018.3/Vivado/2018.3/common/technology/autopilot/hls/hls_video_io.h:96]   --->   Operation 77 'br' <Predicate = true> <Delay = 0.00>
ST_8 : Operation 78 [1/1] (0.00ns)   --->   "call void (...)* @_ssdm_op_SpecLoopName([18 x i8]* @p_str17) nounwind" [D:/VIVADO2018.3/Vivado/2018.3/common/technology/autopilot/hls/hls_video_io.h:96]   --->   Operation 78 'specloopname' <Predicate = (!eol_2)> <Delay = 0.00>
ST_8 : Operation 79 [1/1] (0.00ns)   --->   "%tmp_2 = call i32 (...)* @_ssdm_op_SpecRegionBegin([18 x i8]* @p_str17)" [D:/VIVADO2018.3/Vivado/2018.3/common/technology/autopilot/hls/hls_video_io.h:96]   --->   Operation 79 'specregionbegin' 'tmp_2' <Predicate = (!eol_2)> <Delay = 0.00>
ST_8 : Operation 80 [1/1] (0.00ns)   --->   "call void (...)* @_ssdm_op_SpecPipeline(i32 1, i32 1, i32 1, i32 0, [1 x i8]* @p_str2) nounwind" [D:/VIVADO2018.3/Vivado/2018.3/common/technology/autopilot/hls/hls_video_io.h:97]   --->   Operation 80 'specpipeline' <Predicate = (!eol_2)> <Delay = 0.00>
ST_8 : Operation 81 [1/1] (0.00ns)   --->   "call void (...)* @_ssdm_op_SpecLoopTripCount(i32 0, i32 0, i32 0, [1 x i8]* @p_str2) nounwind" [D:/VIVADO2018.3/Vivado/2018.3/common/technology/autopilot/hls/hls_video_io.h:98]   --->   Operation 81 'speclooptripcount' <Predicate = (!eol_2)> <Delay = 0.00>
ST_8 : Operation 82 [1/1] (0.00ns)   --->   "%empty_50 = call { i24, i3, i3, i1, i1, i1, i1 } @_ssdm_op_Read.axis.volatile.i24P.i3P.i3P.i1P.i1P.i1P.i1P(i24* %AXI_video_strm_V_data_V, i3* %AXI_video_strm_V_keep_V, i3* %AXI_video_strm_V_strb_V, i1* %AXI_video_strm_V_user_V, i1* %AXI_video_strm_V_last_V, i1* %AXI_video_strm_V_id_V, i1* %AXI_video_strm_V_dest_V)" [D:/VIVADO2018.3/Vivado/2018.3/common/technology/autopilot/hls/hls_video_io.h:100]   --->   Operation 82 'read' 'empty_50' <Predicate = (!eol_2)> <Delay = 0.00> <Core = "AXI4Stream">   --->   Core 5 'AXI4Stream' <Latency = 0> <II = 1> <Delay = 1.00> <Adapter> <Opcode : >
ST_8 : Operation 83 [1/1] (0.00ns)   --->   "%tmp_data_V_2 = extractvalue { i24, i3, i3, i1, i1, i1, i1 } %empty_50, 0" [D:/VIVADO2018.3/Vivado/2018.3/common/technology/autopilot/hls/hls_video_io.h:100]   --->   Operation 83 'extractvalue' 'tmp_data_V_2' <Predicate = (!eol_2)> <Delay = 0.00>
ST_8 : Operation 84 [1/1] (0.00ns)   --->   "%tmp_last_V_2 = extractvalue { i24, i3, i3, i1, i1, i1, i1 } %empty_50, 4" [D:/VIVADO2018.3/Vivado/2018.3/common/technology/autopilot/hls/hls_video_io.h:100]   --->   Operation 84 'extractvalue' 'tmp_last_V_2' <Predicate = (!eol_2)> <Delay = 0.00>
ST_8 : Operation 85 [1/1] (0.00ns)   --->   "%empty_51 = call i32 (...)* @_ssdm_op_SpecRegionEnd([18 x i8]* @p_str17, i32 %tmp_2)" [D:/VIVADO2018.3/Vivado/2018.3/common/technology/autopilot/hls/hls_video_io.h:103]   --->   Operation 85 'specregionend' 'empty_51' <Predicate = (!eol_2)> <Delay = 0.00>
ST_8 : Operation 86 [1/1] (0.00ns)   --->   "br label %.preheader" [D:/VIVADO2018.3/Vivado/2018.3/common/technology/autopilot/hls/hls_video_io.h:103]   --->   Operation 86 'br' <Predicate = (!eol_2)> <Delay = 0.00>

State 9 <SV = 7> <Delay = 0.00>
ST_9 : Operation 87 [1/1] (0.00ns)   --->   "%empty_52 = call i32 (...)* @_ssdm_op_SpecRegionEnd([12 x i8]* @p_str11, i32 %tmp_s)" [D:/VIVADO2018.3/Vivado/2018.3/common/technology/autopilot/hls/hls_video_io.h:104]   --->   Operation 87 'specregionend' 'empty_52' <Predicate = true> <Delay = 0.00>
ST_9 : Operation 88 [1/1] (0.00ns)   --->   "br label %.preheader232" [D:/VIVADO2018.3/Vivado/2018.3/common/technology/autopilot/hls/hls_video_io.h:71]   --->   Operation 88 'br' <Predicate = true> <Delay = 0.00>


============================================================
+ Verbose Summary: Binding
============================================================
STG Binding: 
---------------- STG Properties BEGIN ----------------
- Is combinational: 0
- Is one-state seq: 0
- Is datapath-only: 0
- Is pipelined: 0
- Is top level: 0
Port [ Return ] is wired: 1; IO mode=ap_ctrl_hs:ce=0
Port [ AXI_video_strm_V_data_V]:  wired=1; compound=1; hidden=0; nouse=0; global=0; static=0; extern=0; dir=0; type=0; pingpong=0; private_global=0; IO mode=axis:ce=0
Port [ AXI_video_strm_V_keep_V]:  wired=1; compound=1; hidden=0; nouse=0; global=0; static=0; extern=0; dir=0; type=0; pingpong=0; private_global=0; IO mode=axis:ce=0
Port [ AXI_video_strm_V_strb_V]:  wired=1; compound=1; hidden=0; nouse=0; global=0; static=0; extern=0; dir=0; type=0; pingpong=0; private_global=0; IO mode=axis:ce=0
Port [ AXI_video_strm_V_user_V]:  wired=1; compound=1; hidden=0; nouse=0; global=0; static=0; extern=0; dir=0; type=0; pingpong=0; private_global=0; IO mode=axis:ce=0
Port [ AXI_video_strm_V_last_V]:  wired=1; compound=1; hidden=0; nouse=0; global=0; static=0; extern=0; dir=0; type=0; pingpong=0; private_global=0; IO mode=axis:ce=0
Port [ AXI_video_strm_V_id_V]:  wired=1; compound=1; hidden=0; nouse=0; global=0; static=0; extern=0; dir=0; type=0; pingpong=0; private_global=0; IO mode=axis:ce=0
Port [ AXI_video_strm_V_dest_V]:  wired=1; compound=1; hidden=0; nouse=0; global=0; static=0; extern=0; dir=0; type=0; pingpong=0; private_global=0; IO mode=axis:ce=0
Port [ img_rows_V_read]:  wired=1; compound=0; hidden=0; nouse=0; global=0; static=0; extern=0; dir=0; type=0; pingpong=0; private_global=0; IO mode=ap_none:ce=0
Port [ img_cols_V_read]:  wired=1; compound=0; hidden=0; nouse=0; global=0; static=0; extern=0; dir=0; type=0; pingpong=0; private_global=0; IO mode=ap_none:ce=0
Port [ img_data_stream_0_V]:  wired=1; compound=1; hidden=0; nouse=0; global=0; static=0; extern=0; dir=1; type=3; pingpong=0; private_global=0; IO mode=ap_fifo:ce=0
Port [ img_data_stream_1_V]:  wired=1; compound=1; hidden=0; nouse=0; global=0; static=0; extern=0; dir=1; type=3; pingpong=0; private_global=0; IO mode=ap_fifo:ce=0
Port [ img_data_stream_2_V]:  wired=1; compound=1; hidden=0; nouse=0; global=0; static=0; extern=0; dir=1; type=3; pingpong=0; private_global=0; IO mode=ap_fifo:ce=0
---------------- STG Properties END ------------------

---------------- Datapath Model BEGIN ----------------

<LifeTime>
<method=bitvector/>
StgValue_10       (specinterface    ) [ 0000000000]
StgValue_11       (specinterface    ) [ 0000000000]
StgValue_12       (specinterface    ) [ 0000000000]
StgValue_13       (specinterface    ) [ 0000000000]
img_cols_V_read_1 (read             ) [ 0011111111]
img_rows_V_read_1 (read             ) [ 0011111111]
StgValue_16       (br               ) [ 0000000000]
StgValue_17       (specloopname     ) [ 0000000000]
tmp               (specregionbegin  ) [ 0000000000]
StgValue_19       (specpipeline     ) [ 0000000000]
StgValue_20       (speclooptripcount) [ 0000000000]
empty             (read             ) [ 0000000000]
tmp_data_V        (extractvalue     ) [ 0001111111]
tmp_user_V        (extractvalue     ) [ 0010000000]
tmp_last_V        (extractvalue     ) [ 0001111111]
empty_46          (specregionend    ) [ 0000000000]
StgValue_26       (br               ) [ 0000000000]
sof_1             (alloca           ) [ 0001111111]
StgValue_28       (store            ) [ 0000000000]
StgValue_29       (br               ) [ 0001111111]
axi_last_V1       (phi              ) [ 0000111000]
axi_data_V1       (phi              ) [ 0000111000]
t_V               (phi              ) [ 0000100000]
exitcond2         (icmp             ) [ 0000111111]
StgValue_34       (speclooptripcount) [ 0000000000]
i_V               (add              ) [ 0001111111]
StgValue_36       (br               ) [ 0000000000]
StgValue_37       (specloopname     ) [ 0000000000]
tmp_s             (specregionbegin  ) [ 0000011111]
StgValue_39       (br               ) [ 0000111111]
StgValue_40       (ret              ) [ 0000000000]
eol_1             (phi              ) [ 0000010110]
axi_data_V_1      (phi              ) [ 0000010110]
t_V_2             (phi              ) [ 0000010000]
eol               (phi              ) [ 0000010110]
exitcond          (icmp             ) [ 0000111111]
StgValue_46       (speclooptripcount) [ 0000000000]
j_V               (add              ) [ 0000111111]
StgValue_48       (br               ) [ 0000000000]
sof_1_load        (load             ) [ 0000000000]
brmerge           (or               ) [ 0000111111]
StgValue_51       (br               ) [ 0000000000]
empty_47          (read             ) [ 0000000000]
tmp_data_V_1      (extractvalue     ) [ 0000000000]
tmp_last_V_1      (extractvalue     ) [ 0000000000]
StgValue_55       (br               ) [ 0000000000]
axi_last_V_2      (phi              ) [ 0000111111]
p_Val2_s          (phi              ) [ 0000111111]
tmp_8             (trunc            ) [ 0000011000]
tmp_4             (partselect       ) [ 0000011000]
tmp_5             (partselect       ) [ 0000011000]
StgValue_61       (store            ) [ 0000000000]
StgValue_62       (specloopname     ) [ 0000000000]
tmp_1             (specregionbegin  ) [ 0000000000]
StgValue_64       (specpipeline     ) [ 0000000000]
tmp_6             (specregionbegin  ) [ 0000000000]
StgValue_66       (specprotocol     ) [ 0000000000]
StgValue_67       (write            ) [ 0000000000]
StgValue_68       (write            ) [ 0000000000]
StgValue_69       (write            ) [ 0000000000]
empty_48          (specregionend    ) [ 0000000000]
empty_49          (specregionend    ) [ 0000000000]
StgValue_72       (br               ) [ 0000111111]
StgValue_73       (br               ) [ 0000111111]
axi_last_V_3      (phi              ) [ 0001100011]
axi_data_V_3      (phi              ) [ 0001100011]
eol_2             (phi              ) [ 0000000010]
StgValue_77       (br               ) [ 0000000000]
StgValue_78       (specloopname     ) [ 0000000000]
tmp_2             (specregionbegin  ) [ 0000000000]
StgValue_80       (specpipeline     ) [ 0000000000]
StgValue_81       (speclooptripcount) [ 0000000000]
empty_50          (read             ) [ 0000000000]
tmp_data_V_2      (extractvalue     ) [ 0000111111]
tmp_last_V_2      (extractvalue     ) [ 0000111111]
empty_51          (specregionend    ) [ 0000000000]
StgValue_86       (br               ) [ 0000111111]
empty_52          (specregionend    ) [ 0000000000]
StgValue_88       (br               ) [ 0001111111]
</LifeTime>

<model>

<comp_list>
<comp id="0" class="1000" name="AXI_video_strm_V_data_V">
<pin_list>
<pin id="1" dir="1" index="0" bw="1" slack="0"/>
</pin_list>
<bind>
<StgValue><ssdm name="AXI_video_strm_V_data_V"/></StgValue>
</bind>
</comp>

<comp id="2" class="1000" name="AXI_video_strm_V_keep_V">
<pin_list>
<pin id="3" dir="1" index="0" bw="1" slack="0"/>
</pin_list>
<bind>
<StgValue><ssdm name="AXI_video_strm_V_keep_V"/></StgValue>
</bind>
</comp>

<comp id="4" class="1000" name="AXI_video_strm_V_strb_V">
<pin_list>
<pin id="5" dir="1" index="0" bw="1" slack="0"/>
</pin_list>
<bind>
<StgValue><ssdm name="AXI_video_strm_V_strb_V"/></StgValue>
</bind>
</comp>

<comp id="6" class="1000" name="AXI_video_strm_V_user_V">
<pin_list>
<pin id="7" dir="1" index="0" bw="1" slack="0"/>
</pin_list>
<bind>
<StgValue><ssdm name="AXI_video_strm_V_user_V"/></StgValue>
</bind>
</comp>

<comp id="8" class="1000" name="AXI_video_strm_V_last_V">
<pin_list>
<pin id="9" dir="1" index="0" bw="1" slack="0"/>
</pin_list>
<bind>
<StgValue><ssdm name="AXI_video_strm_V_last_V"/></StgValue>
</bind>
</comp>

<comp id="10" class="1000" name="AXI_video_strm_V_id_V">
<pin_list>
<pin id="11" dir="1" index="0" bw="1" slack="0"/>
</pin_list>
<bind>
<StgValue><ssdm name="AXI_video_strm_V_id_V"/></StgValue>
</bind>
</comp>

<comp id="12" class="1000" name="AXI_video_strm_V_dest_V">
<pin_list>
<pin id="13" dir="1" index="0" bw="1" slack="0"/>
</pin_list>
<bind>
<StgValue><ssdm name="AXI_video_strm_V_dest_V"/></StgValue>
</bind>
</comp>

<comp id="14" class="1000" name="img_rows_V_read">
<pin_list>
<pin id="15" dir="1" index="0" bw="1" slack="0"/>
</pin_list>
<bind>
<StgValue><ssdm name="img_rows_V_read"/></StgValue>
</bind>
</comp>

<comp id="16" class="1000" name="img_cols_V_read">
<pin_list>
<pin id="17" dir="1" index="0" bw="1" slack="0"/>
</pin_list>
<bind>
<StgValue><ssdm name="img_cols_V_read"/></StgValue>
</bind>
</comp>

<comp id="18" class="1000" name="img_data_stream_0_V">
<pin_list>
<pin id="19" dir="1" index="0" bw="1" slack="0"/>
</pin_list>
<bind>
<StgValue><ssdm name="img_data_stream_0_V"/></StgValue>
</bind>
</comp>

<comp id="20" class="1000" name="img_data_stream_1_V">
<pin_list>
<pin id="21" dir="1" index="0" bw="1" slack="0"/>
</pin_list>
<bind>
<StgValue><ssdm name="img_data_stream_1_V"/></StgValue>
</bind>
</comp>

<comp id="22" class="1000" name="img_data_stream_2_V">
<pin_list>
<pin id="23" dir="1" index="0" bw="1" slack="0"/>
</pin_list>
<bind>
<StgValue><ssdm name="img_data_stream_2_V"/></StgValue>
</bind>
</comp>

<comp id="24" class="1001" name="const_24">
<pin_list>
<pin id="25" dir="1" index="0" bw="1" slack="2147483647"/>
</pin_list>
<bind>
<StgValue><ssdm name="_ssdm_op_SpecInterface"/></StgValue>
</bind>
</comp>

<comp id="26" class="1001" name="const_26">
<pin_list>
<pin id="27" dir="1" index="0" bw="1" slack="2147483647"/>
</pin_list>
<bind>
<StgValue><ssdm name="ap_fifo_str"/></StgValue>
</bind>
</comp>

<comp id="28" class="1001" name="const_28">
<pin_list>
<pin id="29" dir="1" index="0" bw="1" slack="1"/>
</pin_list>
<bind>
<StgValue><ssdm name=""/></StgValue>
</bind>
</comp>

<comp id="30" class="1001" name="const_30">
<pin_list>
<pin id="31" dir="1" index="0" bw="1" slack="2147483647"/>
</pin_list>
<bind>
<StgValue><ssdm name="p_str50"/></StgValue>
</bind>
</comp>

<comp id="32" class="1001" name="const_32">
<pin_list>
<pin id="33" dir="1" index="0" bw="1" slack="2147483647"/>
</pin_list>
<bind>
<StgValue><ssdm name="p_str51"/></StgValue>
</bind>
</comp>

<comp id="34" class="1001" name="const_34">
<pin_list>
<pin id="35" dir="1" index="0" bw="1" slack="2147483647"/>
</pin_list>
<bind>
<StgValue><ssdm name="p_str52"/></StgValue>
</bind>
</comp>

<comp id="36" class="1001" name="const_36">
<pin_list>
<pin id="37" dir="1" index="0" bw="1" slack="2147483647"/>
</pin_list>
<bind>
<StgValue><ssdm name="p_str53"/></StgValue>
</bind>
</comp>

<comp id="38" class="1001" name="const_38">
<pin_list>
<pin id="39" dir="1" index="0" bw="1" slack="2147483647"/>
</pin_list>
<bind>
<StgValue><ssdm name=""/></StgValue>
</bind>
</comp>

<comp id="40" class="1001" name="const_40">
<pin_list>
<pin id="41" dir="1" index="0" bw="1" slack="0"/>
</pin_list>
<bind>
<StgValue><ssdm name=""/></StgValue>
</bind>
</comp>

<comp id="42" class="1001" name="const_42">
<pin_list>
<pin id="43" dir="1" index="0" bw="1" slack="2147483647"/>
</pin_list>
<bind>
<StgValue><ssdm name="p_str54"/></StgValue>
</bind>
</comp>

<comp id="44" class="1001" name="const_44">
<pin_list>
<pin id="45" dir="1" index="0" bw="1" slack="2147483647"/>
</pin_list>
<bind>
<StgValue><ssdm name="p_str55"/></StgValue>
</bind>
</comp>

<comp id="46" class="1001" name="const_46">
<pin_list>
<pin id="47" dir="1" index="0" bw="1" slack="2147483647"/>
</pin_list>
<bind>
<StgValue><ssdm name="p_str43"/></StgValue>
</bind>
</comp>

<comp id="48" class="1001" name="const_48">
<pin_list>
<pin id="49" dir="1" index="0" bw="1" slack="2147483647"/>
</pin_list>
<bind>
<StgValue><ssdm name="p_str44"/></StgValue>
</bind>
</comp>

<comp id="50" class="1001" name="const_50">
<pin_list>
<pin id="51" dir="1" index="0" bw="1" slack="2147483647"/>
</pin_list>
<bind>
<StgValue><ssdm name="p_str45"/></StgValue>
</bind>
</comp>

<comp id="52" class="1001" name="const_52">
<pin_list>
<pin id="53" dir="1" index="0" bw="1" slack="2147483647"/>
</pin_list>
<bind>
<StgValue><ssdm name="p_str46"/></StgValue>
</bind>
</comp>

<comp id="54" class="1001" name="const_54">
<pin_list>
<pin id="55" dir="1" index="0" bw="1" slack="2147483647"/>
</pin_list>
<bind>
<StgValue><ssdm name="p_str47"/></StgValue>
</bind>
</comp>

<comp id="56" class="1001" name="const_56">
<pin_list>
<pin id="57" dir="1" index="0" bw="1" slack="2147483647"/>
</pin_list>
<bind>
<StgValue><ssdm name="p_str48"/></StgValue>
</bind>
</comp>

<comp id="58" class="1001" name="const_58">
<pin_list>
<pin id="59" dir="1" index="0" bw="1" slack="2147483647"/>
</pin_list>
<bind>
<StgValue><ssdm name="p_str36"/></StgValue>
</bind>
</comp>

<comp id="60" class="1001" name="const_60">
<pin_list>
<pin id="61" dir="1" index="0" bw="1" slack="2147483647"/>
</pin_list>
<bind>
<StgValue><ssdm name="p_str37"/></StgValue>
</bind>
</comp>

<comp id="62" class="1001" name="const_62">
<pin_list>
<pin id="63" dir="1" index="0" bw="1" slack="2147483647"/>
</pin_list>
<bind>
<StgValue><ssdm name="p_str38"/></StgValue>
</bind>
</comp>

<comp id="64" class="1001" name="const_64">
<pin_list>
<pin id="65" dir="1" index="0" bw="1" slack="2147483647"/>
</pin_list>
<bind>
<StgValue><ssdm name="p_str39"/></StgValue>
</bind>
</comp>

<comp id="66" class="1001" name="const_66">
<pin_list>
<pin id="67" dir="1" index="0" bw="1" slack="2147483647"/>
</pin_list>
<bind>
<StgValue><ssdm name="p_str40"/></StgValue>
</bind>
</comp>

<comp id="68" class="1001" name="const_68">
<pin_list>
<pin id="69" dir="1" index="0" bw="1" slack="2147483647"/>
</pin_list>
<bind>
<StgValue><ssdm name="p_str41"/></StgValue>
</bind>
</comp>

<comp id="70" class="1001" name="const_70">
<pin_list>
<pin id="71" dir="1" index="0" bw="1" slack="2147483647"/>
</pin_list>
<bind>
<StgValue><ssdm name="p_str3"/></StgValue>
</bind>
</comp>

<comp id="72" class="1001" name="const_72">
<pin_list>
<pin id="73" dir="1" index="0" bw="1" slack="0"/>
</pin_list>
<bind>
<StgValue><ssdm name=""/></StgValue>
</bind>
</comp>

<comp id="74" class="1001" name="const_74">
<pin_list>
<pin id="75" dir="1" index="0" bw="1" slack="2147483647"/>
</pin_list>
<bind>
<StgValue><ssdm name="p_str4"/></StgValue>
</bind>
</comp>

<comp id="76" class="1001" name="const_76">
<pin_list>
<pin id="77" dir="1" index="0" bw="1" slack="2147483647"/>
</pin_list>
<bind>
<StgValue><ssdm name="p_str2"/></StgValue>
</bind>
</comp>

<comp id="78" class="1001" name="const_78">
<pin_list>
<pin id="79" dir="1" index="0" bw="1" slack="0"/>
</pin_list>
<bind>
<StgValue><ssdm name="_ssdm_op_Read.ap_auto.i32"/></StgValue>
</bind>
</comp>

<comp id="80" class="1001" name="const_80">
<pin_list>
<pin id="81" dir="1" index="0" bw="1" slack="2147483647"/>
</pin_list>
<bind>
<StgValue><ssdm name="_ssdm_op_SpecLoopName"/></StgValue>
</bind>
</comp>

<comp id="82" class="1001" name="const_82">
<pin_list>
<pin id="83" dir="1" index="0" bw="1" slack="2147483647"/>
</pin_list>
<bind>
<StgValue><ssdm name="p_str16"/></StgValue>
</bind>
</comp>

<comp id="84" class="1001" name="const_84">
<pin_list>
<pin id="85" dir="1" index="0" bw="1" slack="2147483647"/>
</pin_list>
<bind>
<StgValue><ssdm name="_ssdm_op_SpecRegionBegin"/></StgValue>
</bind>
</comp>

<comp id="86" class="1001" name="const_86">
<pin_list>
<pin id="87" dir="1" index="0" bw="1" slack="2147483647"/>
</pin_list>
<bind>
<StgValue><ssdm name="_ssdm_op_SpecPipeline"/></StgValue>
</bind>
</comp>

<comp id="88" class="1001" name="const_88">
<pin_list>
<pin id="89" dir="1" index="0" bw="1" slack="2147483647"/>
</pin_list>
<bind>
<StgValue><ssdm name="_ssdm_op_SpecLoopTripCount"/></StgValue>
</bind>
</comp>

<comp id="90" class="1001" name="const_90">
<pin_list>
<pin id="91" dir="1" index="0" bw="1" slack="0"/>
</pin_list>
<bind>
<StgValue><ssdm name="_ssdm_op_Read.axis.volatile.i24P.i3P.i3P.i1P.i1P.i1P.i1P"/></StgValue>
</bind>
</comp>

<comp id="92" class="1001" name="const_92">
<pin_list>
<pin id="93" dir="1" index="0" bw="1" slack="2147483647"/>
</pin_list>
<bind>
<StgValue><ssdm name="_ssdm_op_SpecRegionEnd"/></StgValue>
</bind>
</comp>

<comp id="94" class="1001" name="const_94">
<pin_list>
<pin id="95" dir="1" index="0" bw="1" slack="0"/>
</pin_list>
<bind>
<StgValue><ssdm name=""/></StgValue>
</bind>
</comp>

<comp id="96" class="1001" name="const_96">
<pin_list>
<pin id="97" dir="1" index="0" bw="1" slack="2147483647"/>
</pin_list>
<bind>
<StgValue><ssdm name=""/></StgValue>
</bind>
</comp>

<comp id="98" class="1001" name="const_98">
<pin_list>
<pin id="99" dir="1" index="0" bw="1" slack="2147483647"/>
</pin_list>
<bind>
<StgValue><ssdm name=""/></StgValue>
</bind>
</comp>

<comp id="100" class="1001" name="const_100">
<pin_list>
<pin id="101" dir="1" index="0" bw="1" slack="2147483647"/>
</pin_list>
<bind>
<StgValue><ssdm name="p_str11"/></StgValue>
</bind>
</comp>

<comp id="102" class="1001" name="const_102">
<pin_list>
<pin id="103" dir="1" index="0" bw="1" slack="0"/>
</pin_list>
<bind>
<StgValue><ssdm name=""/></StgValue>
</bind>
</comp>

<comp id="104" class="1001" name="const_104">
<pin_list>
<pin id="105" dir="1" index="0" bw="1" slack="2147483647"/>
</pin_list>
<bind>
<StgValue><ssdm name=""/></StgValue>
</bind>
</comp>

<comp id="106" class="1001" name="const_106">
<pin_list>
<pin id="107" dir="1" index="0" bw="1" slack="0"/>
</pin_list>
<bind>
<StgValue><ssdm name="_ssdm_op_PartSelect.i8.i24.i32.i32"/></StgValue>
</bind>
</comp>

<comp id="108" class="1001" name="const_108">
<pin_list>
<pin id="109" dir="1" index="0" bw="1" slack="0"/>
</pin_list>
<bind>
<StgValue><ssdm name=""/></StgValue>
</bind>
</comp>

<comp id="110" class="1001" name="const_110">
<pin_list>
<pin id="111" dir="1" index="0" bw="1" slack="0"/>
</pin_list>
<bind>
<StgValue><ssdm name=""/></StgValue>
</bind>
</comp>

<comp id="112" class="1001" name="const_112">
<pin_list>
<pin id="113" dir="1" index="0" bw="1" slack="0"/>
</pin_list>
<bind>
<StgValue><ssdm name=""/></StgValue>
</bind>
</comp>

<comp id="114" class="1001" name="const_114">
<pin_list>
<pin id="115" dir="1" index="0" bw="1" slack="2147483647"/>
</pin_list>
<bind>
<StgValue><ssdm name="p_str12"/></StgValue>
</bind>
</comp>

<comp id="116" class="1001" name="const_116">
<pin_list>
<pin id="117" dir="1" index="0" bw="1" slack="2147483647"/>
</pin_list>
<bind>
<StgValue><ssdm name="p_str20"/></StgValue>
</bind>
</comp>

<comp id="118" class="1001" name="const_118">
<pin_list>
<pin id="119" dir="1" index="0" bw="1" slack="2147483647"/>
</pin_list>
<bind>
<StgValue><ssdm name="_ssdm_op_SpecProtocol"/></StgValue>
</bind>
</comp>

<comp id="120" class="1001" name="const_120">
<pin_list>
<pin id="121" dir="1" index="0" bw="1" slack="0"/>
</pin_list>
<bind>
<StgValue><ssdm name="_ssdm_op_Write.ap_fifo.volatile.i8P"/></StgValue>
</bind>
</comp>

<comp id="122" class="1001" name="const_122">
<pin_list>
<pin id="123" dir="1" index="0" bw="1" slack="2147483647"/>
</pin_list>
<bind>
<StgValue><ssdm name="p_str17"/></StgValue>
</bind>
</comp>

<comp id="124" class="1004" name="sof_1_fu_124">
<pin_list>
<pin id="125" dir="0" index="0" bw="1" slack="0"/>
<pin id="126" dir="1" index="1" bw="1" slack="0"/>
</pin_list>
<bind>
<opcode="alloca(26) " fcode="alloca"/>
<opset="sof_1/3 "/>
</bind>
</comp>

<comp id="128" class="1004" name="img_cols_V_read_1_read_fu_128">
<pin_list>
<pin id="129" dir="0" index="0" bw="32" slack="0"/>
<pin id="130" dir="0" index="1" bw="32" slack="0"/>
<pin id="131" dir="1" index="2" bw="32" slack="4"/>
</pin_list>
<bind>
<opcode="read(1150) " fcode="read"/>
<opset="img_cols_V_read_1/1 "/>
</bind>
</comp>

<comp id="134" class="1004" name="img_rows_V_read_1_read_fu_134">
<pin_list>
<pin id="135" dir="0" index="0" bw="32" slack="0"/>
<pin id="136" dir="0" index="1" bw="32" slack="0"/>
<pin id="137" dir="1" index="2" bw="32" slack="3"/>
</pin_list>
<bind>
<opcode="read(1150) " fcode="read"/>
<opset="img_rows_V_read_1/1 "/>
</bind>
</comp>

<comp id="140" class="1004" name="grp_read_fu_140">
<pin_list>
<pin id="141" dir="0" index="0" bw="34" slack="0"/>
<pin id="142" dir="0" index="1" bw="24" slack="0"/>
<pin id="143" dir="0" index="2" bw="3" slack="0"/>
<pin id="144" dir="0" index="3" bw="3" slack="0"/>
<pin id="145" dir="0" index="4" bw="1" slack="0"/>
<pin id="146" dir="0" index="5" bw="1" slack="0"/>
<pin id="147" dir="0" index="6" bw="1" slack="0"/>
<pin id="148" dir="0" index="7" bw="1" slack="0"/>
<pin id="149" dir="1" index="8" bw="34" slack="0"/>
</pin_list>
<bind>
<opcode="read(1150) " fcode="read"/>
<opset="empty/2 empty_47/5 empty_50/8 "/>
</bind>
</comp>

<comp id="158" class="1004" name="StgValue_67_write_fu_158">
<pin_list>
<pin id="159" dir="0" index="0" bw="0" slack="0"/>
<pin id="160" dir="0" index="1" bw="8" slack="0"/>
<pin id="161" dir="0" index="2" bw="8" slack="1"/>
<pin id="162" dir="1" index="3" bw="0" slack="2147483647"/>
</pin_list>
<bind>
<opcode="write(1151) " fcode="write"/>
<opset="StgValue_67/6 "/>
</bind>
</comp>

<comp id="165" class="1004" name="StgValue_68_write_fu_165">
<pin_list>
<pin id="166" dir="0" index="0" bw="0" slack="0"/>
<pin id="167" dir="0" index="1" bw="8" slack="0"/>
<pin id="168" dir="0" index="2" bw="8" slack="1"/>
<pin id="169" dir="1" index="3" bw="0" slack="2147483647"/>
</pin_list>
<bind>
<opcode="write(1151) " fcode="write"/>
<opset="StgValue_68/6 "/>
</bind>
</comp>

<comp id="172" class="1004" name="StgValue_69_write_fu_172">
<pin_list>
<pin id="173" dir="0" index="0" bw="0" slack="0"/>
<pin id="174" dir="0" index="1" bw="8" slack="0"/>
<pin id="175" dir="0" index="2" bw="8" slack="1"/>
<pin id="176" dir="1" index="3" bw="0" slack="2147483647"/>
</pin_list>
<bind>
<opcode="write(1151) " fcode="write"/>
<opset="StgValue_69/6 "/>
</bind>
</comp>

<comp id="179" class="1005" name="axi_last_V1_reg_179">
<pin_list>
<pin id="180" dir="0" index="0" bw="1" slack="1"/>
<pin id="181" dir="1" index="1" bw="1" slack="1"/>
</pin_list>
<bind>
<opset="axi_last_V1 (phireg) "/>
</bind>
</comp>

<comp id="182" class="1004" name="axi_last_V1_phi_fu_182">
<pin_list>
<pin id="183" dir="0" index="0" bw="1" slack="1"/>
<pin id="184" dir="0" index="1" bw="0" slack="2147483647"/>
<pin id="185" dir="0" index="2" bw="1" slack="2"/>
<pin id="186" dir="0" index="3" bw="0" slack="2147483647"/>
<pin id="187" dir="1" index="4" bw="1" slack="1"/>
</pin_list>
<bind>
<opcode="phi(47) " fcode="phi"/>
<opset="axi_last_V1/4 "/>
</bind>
</comp>

<comp id="189" class="1005" name="axi_data_V1_reg_189">
<pin_list>
<pin id="190" dir="0" index="0" bw="24" slack="1"/>
<pin id="191" dir="1" index="1" bw="24" slack="1"/>
</pin_list>
<bind>
<opset="axi_data_V1 (phireg) "/>
</bind>
</comp>

<comp id="192" class="1004" name="axi_data_V1_phi_fu_192">
<pin_list>
<pin id="193" dir="0" index="0" bw="24" slack="1"/>
<pin id="194" dir="0" index="1" bw="0" slack="2147483647"/>
<pin id="195" dir="0" index="2" bw="24" slack="2"/>
<pin id="196" dir="0" index="3" bw="0" slack="2147483647"/>
<pin id="197" dir="1" index="4" bw="24" slack="1"/>
</pin_list>
<bind>
<opcode="phi(47) " fcode="phi"/>
<opset="axi_data_V1/4 "/>
</bind>
</comp>

<comp id="199" class="1005" name="t_V_reg_199">
<pin_list>
<pin id="200" dir="0" index="0" bw="32" slack="1"/>
<pin id="201" dir="1" index="1" bw="32" slack="1"/>
</pin_list>
<bind>
<opset="t_V (phireg) "/>
</bind>
</comp>

<comp id="203" class="1004" name="t_V_phi_fu_203">
<pin_list>
<pin id="204" dir="0" index="0" bw="32" slack="0"/>
<pin id="205" dir="0" index="1" bw="0" slack="2147483647"/>
<pin id="206" dir="0" index="2" bw="1" slack="1"/>
<pin id="207" dir="0" index="3" bw="0" slack="2147483647"/>
<pin id="208" dir="1" index="4" bw="32" slack="0"/>
</pin_list>
<bind>
<opcode="phi(47) " fcode="phi"/>
<opset="t_V/4 "/>
</bind>
</comp>

<comp id="210" class="1005" name="eol_1_reg_210">
<pin_list>
<pin id="211" dir="0" index="0" bw="1" slack="2"/>
<pin id="212" dir="1" index="1" bw="1" slack="2"/>
</pin_list>
<bind>
<opset="eol_1 (phireg) "/>
</bind>
</comp>

<comp id="213" class="1004" name="eol_1_phi_fu_213">
<pin_list>
<pin id="214" dir="0" index="0" bw="1" slack="1"/>
<pin id="215" dir="0" index="1" bw="0" slack="2147483647"/>
<pin id="216" dir="0" index="2" bw="1" slack="0"/>
<pin id="217" dir="0" index="3" bw="0" slack="2147483647"/>
<pin id="218" dir="1" index="4" bw="1" slack="0"/>
</pin_list>
<bind>
<opcode="phi(47) " fcode="phi"/>
<opset="eol_1/5 "/>
</bind>
</comp>

<comp id="221" class="1005" name="axi_data_V_1_reg_221">
<pin_list>
<pin id="222" dir="0" index="0" bw="24" slack="2"/>
<pin id="223" dir="1" index="1" bw="24" slack="2"/>
</pin_list>
<bind>
<opset="axi_data_V_1 (phireg) "/>
</bind>
</comp>

<comp id="224" class="1004" name="axi_data_V_1_phi_fu_224">
<pin_list>
<pin id="225" dir="0" index="0" bw="24" slack="1"/>
<pin id="226" dir="0" index="1" bw="0" slack="2147483647"/>
<pin id="227" dir="0" index="2" bw="24" slack="0"/>
<pin id="228" dir="0" index="3" bw="0" slack="2147483647"/>
<pin id="229" dir="1" index="4" bw="24" slack="0"/>
</pin_list>
<bind>
<opcode="phi(47) " fcode="phi"/>
<opset="axi_data_V_1/5 "/>
</bind>
</comp>

<comp id="232" class="1005" name="t_V_2_reg_232">
<pin_list>
<pin id="233" dir="0" index="0" bw="32" slack="1"/>
<pin id="234" dir="1" index="1" bw="32" slack="1"/>
</pin_list>
<bind>
<opset="t_V_2 (phireg) "/>
</bind>
</comp>

<comp id="236" class="1004" name="t_V_2_phi_fu_236">
<pin_list>
<pin id="237" dir="0" index="0" bw="1" slack="1"/>
<pin id="238" dir="0" index="1" bw="0" slack="2147483647"/>
<pin id="239" dir="0" index="2" bw="32" slack="0"/>
<pin id="240" dir="0" index="3" bw="0" slack="2147483647"/>
<pin id="241" dir="1" index="4" bw="32" slack="0"/>
</pin_list>
<bind>
<opcode="phi(47) " fcode="phi"/>
<opset="t_V_2/5 "/>
</bind>
</comp>

<comp id="243" class="1005" name="eol_reg_243">
<pin_list>
<pin id="244" dir="0" index="0" bw="1" slack="1"/>
<pin id="245" dir="1" index="1" bw="1" slack="1"/>
</pin_list>
<bind>
<opset="eol (phireg) "/>
</bind>
</comp>

<comp id="247" class="1004" name="eol_phi_fu_247">
<pin_list>
<pin id="248" dir="0" index="0" bw="1" slack="1"/>
<pin id="249" dir="0" index="1" bw="0" slack="2147483647"/>
<pin id="250" dir="0" index="2" bw="1" slack="0"/>
<pin id="251" dir="0" index="3" bw="0" slack="2147483647"/>
<pin id="252" dir="1" index="4" bw="1" slack="0"/>
</pin_list>
<bind>
<opcode="phi(47) " fcode="phi"/>
<opset="eol/5 "/>
</bind>
</comp>

<comp id="255" class="1005" name="axi_last_V_2_reg_255">
<pin_list>
<pin id="256" dir="0" index="0" bw="1" slack="0"/>
<pin id="257" dir="1" index="1" bw="1" slack="0"/>
</pin_list>
<bind>
<opset="axi_last_V_2 (phireg) "/>
</bind>
</comp>

<comp id="260" class="1004" name="axi_last_V_2_phi_fu_260">
<pin_list>
<pin id="261" dir="0" index="0" bw="1" slack="0"/>
<pin id="262" dir="0" index="1" bw="0" slack="2147483647"/>
<pin id="263" dir="0" index="2" bw="1" slack="0"/>
<pin id="264" dir="0" index="3" bw="0" slack="2147483647"/>
<pin id="265" dir="1" index="4" bw="1" slack="0"/>
</pin_list>
<bind>
<opcode="phi(47) " fcode="phi"/>
<opset="axi_last_V_2/5 "/>
</bind>
</comp>

<comp id="268" class="1005" name="p_Val2_s_reg_268">
<pin_list>
<pin id="269" dir="0" index="0" bw="24" slack="0"/>
<pin id="270" dir="1" index="1" bw="24" slack="0"/>
</pin_list>
<bind>
<opset="p_Val2_s (phireg) "/>
</bind>
</comp>

<comp id="272" class="1004" name="p_Val2_s_phi_fu_272">
<pin_list>
<pin id="273" dir="0" index="0" bw="24" slack="0"/>
<pin id="274" dir="0" index="1" bw="0" slack="2147483647"/>
<pin id="275" dir="0" index="2" bw="24" slack="0"/>
<pin id="276" dir="0" index="3" bw="0" slack="2147483647"/>
<pin id="277" dir="1" index="4" bw="24" slack="0"/>
</pin_list>
<bind>
<opcode="phi(47) " fcode="phi"/>
<opset="p_Val2_s/5 "/>
</bind>
</comp>

<comp id="280" class="1005" name="axi_last_V_3_reg_280">
<pin_list>
<pin id="281" dir="0" index="0" bw="1" slack="1"/>
<pin id="282" dir="1" index="1" bw="1" slack="1"/>
</pin_list>
<bind>
<opset="axi_last_V_3 (phireg) "/>
</bind>
</comp>

<comp id="284" class="1004" name="axi_last_V_3_phi_fu_284">
<pin_list>
<pin id="285" dir="0" index="0" bw="1" slack="0"/>
<pin id="286" dir="0" index="1" bw="0" slack="2147483647"/>
<pin id="287" dir="0" index="2" bw="1" slack="2"/>
<pin id="288" dir="0" index="3" bw="0" slack="2147483647"/>
<pin id="289" dir="1" index="4" bw="1" slack="1"/>
</pin_list>
<bind>
<opcode="phi(47) " fcode="phi"/>
<opset="axi_last_V_3/8 "/>
</bind>
</comp>

<comp id="292" class="1005" name="axi_data_V_3_reg_292">
<pin_list>
<pin id="293" dir="0" index="0" bw="24" slack="1"/>
<pin id="294" dir="1" index="1" bw="24" slack="1"/>
</pin_list>
<bind>
<opset="axi_data_V_3 (phireg) "/>
</bind>
</comp>

<comp id="296" class="1004" name="axi_data_V_3_phi_fu_296">
<pin_list>
<pin id="297" dir="0" index="0" bw="24" slack="0"/>
<pin id="298" dir="0" index="1" bw="0" slack="2147483647"/>
<pin id="299" dir="0" index="2" bw="24" slack="2"/>
<pin id="300" dir="0" index="3" bw="0" slack="2147483647"/>
<pin id="301" dir="1" index="4" bw="24" slack="1"/>
</pin_list>
<bind>
<opcode="phi(47) " fcode="phi"/>
<opset="axi_data_V_3/8 "/>
</bind>
</comp>

<comp id="304" class="1005" name="eol_2_reg_304">
<pin_list>
<pin id="305" dir="0" index="0" bw="1" slack="2147483647"/>
<pin id="306" dir="1" index="1" bw="1" slack="2147483647"/>
</pin_list>
<bind>
<opset="eol_2 (phireg) "/>
</bind>
</comp>

<comp id="307" class="1004" name="eol_2_phi_fu_307">
<pin_list>
<pin id="308" dir="0" index="0" bw="1" slack="0"/>
<pin id="309" dir="0" index="1" bw="0" slack="2147483647"/>
<pin id="310" dir="0" index="2" bw="1" slack="2"/>
<pin id="311" dir="0" index="3" bw="0" slack="2147483647"/>
<pin id="312" dir="1" index="4" bw="1" slack="2147483647"/>
</pin_list>
<bind>
<opcode="phi(47) " fcode="phi"/>
<opset="eol_2/8 "/>
</bind>
</comp>

<comp id="314" class="1004" name="grp_fu_314">
<pin_list>
<pin id="315" dir="0" index="0" bw="34" slack="0"/>
<pin id="316" dir="1" index="1" bw="24" slack="0"/>
</pin_list>
<bind>
<opcode="extractvalue(56) " fcode="extractvalue"/>
<opset="tmp_data_V/2 tmp_data_V_1/5 tmp_data_V_2/8 "/>
</bind>
</comp>

<comp id="319" class="1004" name="grp_fu_319">
<pin_list>
<pin id="320" dir="0" index="0" bw="34" slack="0"/>
<pin id="321" dir="1" index="1" bw="1" slack="0"/>
</pin_list>
<bind>
<opcode="extractvalue(56) " fcode="extractvalue"/>
<opset="tmp_last_V/2 tmp_last_V_1/5 tmp_last_V_2/8 "/>
</bind>
</comp>

<comp id="324" class="1004" name="tmp_user_V_fu_324">
<pin_list>
<pin id="325" dir="0" index="0" bw="34" slack="0"/>
<pin id="326" dir="1" index="1" bw="1" slack="2147483647"/>
</pin_list>
<bind>
<opcode="extractvalue(56) " fcode="extractvalue"/>
<opset="tmp_user_V/2 "/>
</bind>
</comp>

<comp id="328" class="1004" name="StgValue_28_store_fu_328">
<pin_list>
<pin id="329" dir="0" index="0" bw="1" slack="0"/>
<pin id="330" dir="0" index="1" bw="1" slack="0"/>
<pin id="331" dir="1" index="2" bw="0" slack="2147483647"/>
</pin_list>
<bind>
<opcode="store(28) " fcode="store"/>
<opset="StgValue_28/3 "/>
</bind>
</comp>

<comp id="333" class="1004" name="exitcond2_fu_333">
<pin_list>
<pin id="334" dir="0" index="0" bw="32" slack="0"/>
<pin id="335" dir="0" index="1" bw="32" slack="3"/>
<pin id="336" dir="1" index="2" bw="1" slack="1"/>
</pin_list>
<bind>
<opcode="icmp(45) " fcode="icmp"/>
<opset="exitcond2/4 "/>
</bind>
</comp>

<comp id="338" class="1004" name="i_V_fu_338">
<pin_list>
<pin id="339" dir="0" index="0" bw="32" slack="0"/>
<pin id="340" dir="0" index="1" bw="1" slack="0"/>
<pin id="341" dir="1" index="2" bw="32" slack="0"/>
</pin_list>
<bind>
<opcode="add(8) " fcode="add"/>
<opset="i_V/4 "/>
</bind>
</comp>

<comp id="344" class="1004" name="exitcond_fu_344">
<pin_list>
<pin id="345" dir="0" index="0" bw="32" slack="0"/>
<pin id="346" dir="0" index="1" bw="32" slack="4"/>
<pin id="347" dir="1" index="2" bw="1" slack="1"/>
</pin_list>
<bind>
<opcode="icmp(45) " fcode="icmp"/>
<opset="exitcond/5 "/>
</bind>
</comp>

<comp id="349" class="1004" name="j_V_fu_349">
<pin_list>
<pin id="350" dir="0" index="0" bw="32" slack="0"/>
<pin id="351" dir="0" index="1" bw="1" slack="0"/>
<pin id="352" dir="1" index="2" bw="32" slack="0"/>
</pin_list>
<bind>
<opcode="add(8) " fcode="add"/>
<opset="j_V/5 "/>
</bind>
</comp>

<comp id="355" class="1004" name="sof_1_load_load_fu_355">
<pin_list>
<pin id="356" dir="0" index="0" bw="1" slack="2"/>
<pin id="357" dir="1" index="1" bw="1" slack="0"/>
</pin_list>
<bind>
<opcode="load(27) " fcode="load"/>
<opset="sof_1_load/5 "/>
</bind>
</comp>

<comp id="358" class="1004" name="brmerge_fu_358">
<pin_list>
<pin id="359" dir="0" index="0" bw="1" slack="0"/>
<pin id="360" dir="0" index="1" bw="1" slack="0"/>
<pin id="361" dir="1" index="2" bw="1" slack="1"/>
</pin_list>
<bind>
<opcode="or(24) " fcode="or"/>
<opset="brmerge/5 "/>
</bind>
</comp>

<comp id="364" class="1004" name="tmp_8_fu_364">
<pin_list>
<pin id="365" dir="0" index="0" bw="24" slack="0"/>
<pin id="366" dir="1" index="1" bw="8" slack="1"/>
</pin_list>
<bind>
<opcode="trunc(33) " fcode="trunc"/>
<opset="tmp_8/5 "/>
</bind>
</comp>

<comp id="368" class="1004" name="tmp_4_fu_368">
<pin_list>
<pin id="369" dir="0" index="0" bw="8" slack="0"/>
<pin id="370" dir="0" index="1" bw="24" slack="0"/>
<pin id="371" dir="0" index="2" bw="5" slack="0"/>
<pin id="372" dir="0" index="3" bw="5" slack="0"/>
<pin id="373" dir="1" index="4" bw="8" slack="1"/>
</pin_list>
<bind>
<opcode="partselect(1002) " fcode="partselect"/>
<opset="tmp_4/5 "/>
</bind>
</comp>

<comp id="378" class="1004" name="tmp_5_fu_378">
<pin_list>
<pin id="379" dir="0" index="0" bw="8" slack="0"/>
<pin id="380" dir="0" index="1" bw="24" slack="0"/>
<pin id="381" dir="0" index="2" bw="6" slack="0"/>
<pin id="382" dir="0" index="3" bw="6" slack="0"/>
<pin id="383" dir="1" index="4" bw="8" slack="1"/>
</pin_list>
<bind>
<opcode="partselect(1002) " fcode="partselect"/>
<opset="tmp_5/5 "/>
</bind>
</comp>

<comp id="388" class="1004" name="StgValue_61_store_fu_388">
<pin_list>
<pin id="389" dir="0" index="0" bw="1" slack="0"/>
<pin id="390" dir="0" index="1" bw="1" slack="2"/>
<pin id="391" dir="1" index="2" bw="0" slack="2147483647"/>
</pin_list>
<bind>
<opcode="store(28) " fcode="store"/>
<opset="StgValue_61/5 "/>
</bind>
</comp>

<comp id="393" class="1005" name="img_cols_V_read_1_reg_393">
<pin_list>
<pin id="394" dir="0" index="0" bw="32" slack="4"/>
<pin id="395" dir="1" index="1" bw="32" slack="4"/>
</pin_list>
<bind>
<opset="img_cols_V_read_1 "/>
</bind>
</comp>

<comp id="398" class="1005" name="img_rows_V_read_1_reg_398">
<pin_list>
<pin id="399" dir="0" index="0" bw="32" slack="3"/>
<pin id="400" dir="1" index="1" bw="32" slack="3"/>
</pin_list>
<bind>
<opset="img_rows_V_read_1 "/>
</bind>
</comp>

<comp id="403" class="1005" name="tmp_data_V_reg_403">
<pin_list>
<pin id="404" dir="0" index="0" bw="24" slack="2"/>
<pin id="405" dir="1" index="1" bw="24" slack="2"/>
</pin_list>
<bind>
<opset="tmp_data_V "/>
</bind>
</comp>

<comp id="411" class="1005" name="tmp_last_V_reg_411">
<pin_list>
<pin id="412" dir="0" index="0" bw="1" slack="2"/>
<pin id="413" dir="1" index="1" bw="1" slack="2"/>
</pin_list>
<bind>
<opset="tmp_last_V "/>
</bind>
</comp>

<comp id="416" class="1005" name="sof_1_reg_416">
<pin_list>
<pin id="417" dir="0" index="0" bw="1" slack="0"/>
<pin id="418" dir="1" index="1" bw="1" slack="0"/>
</pin_list>
<bind>
<opset="sof_1 "/>
</bind>
</comp>

<comp id="423" class="1005" name="exitcond2_reg_423">
<pin_list>
<pin id="424" dir="0" index="0" bw="1" slack="1"/>
<pin id="425" dir="1" index="1" bw="1" slack="2147483647"/>
</pin_list>
<bind>
<opset="exitcond2 "/>
</bind>
</comp>

<comp id="427" class="1005" name="i_V_reg_427">
<pin_list>
<pin id="428" dir="0" index="0" bw="32" slack="0"/>
<pin id="429" dir="1" index="1" bw="32" slack="0"/>
</pin_list>
<bind>
<opset="i_V "/>
</bind>
</comp>

<comp id="432" class="1005" name="exitcond_reg_432">
<pin_list>
<pin id="433" dir="0" index="0" bw="1" slack="1"/>
<pin id="434" dir="1" index="1" bw="1" slack="2147483647"/>
</pin_list>
<bind>
<opset="exitcond "/>
</bind>
</comp>

<comp id="436" class="1005" name="j_V_reg_436">
<pin_list>
<pin id="437" dir="0" index="0" bw="32" slack="0"/>
<pin id="438" dir="1" index="1" bw="32" slack="0"/>
</pin_list>
<bind>
<opset="j_V "/>
</bind>
</comp>

<comp id="441" class="1005" name="brmerge_reg_441">
<pin_list>
<pin id="442" dir="0" index="0" bw="1" slack="1"/>
<pin id="443" dir="1" index="1" bw="1" slack="2147483647"/>
</pin_list>
<bind>
<opset="brmerge "/>
</bind>
</comp>

<comp id="445" class="1005" name="tmp_8_reg_445">
<pin_list>
<pin id="446" dir="0" index="0" bw="8" slack="1"/>
<pin id="447" dir="1" index="1" bw="8" slack="1"/>
</pin_list>
<bind>
<opset="tmp_8 "/>
</bind>
</comp>

<comp id="450" class="1005" name="tmp_4_reg_450">
<pin_list>
<pin id="451" dir="0" index="0" bw="8" slack="1"/>
<pin id="452" dir="1" index="1" bw="8" slack="1"/>
</pin_list>
<bind>
<opset="tmp_4 "/>
</bind>
</comp>

<comp id="455" class="1005" name="tmp_5_reg_455">
<pin_list>
<pin id="456" dir="0" index="0" bw="8" slack="1"/>
<pin id="457" dir="1" index="1" bw="8" slack="1"/>
</pin_list>
<bind>
<opset="tmp_5 "/>
</bind>
</comp>

<comp id="460" class="1005" name="tmp_data_V_2_reg_460">
<pin_list>
<pin id="461" dir="0" index="0" bw="24" slack="0"/>
<pin id="462" dir="1" index="1" bw="24" slack="0"/>
</pin_list>
<bind>
<opset="tmp_data_V_2 "/>
</bind>
</comp>

<comp id="465" class="1005" name="tmp_last_V_2_reg_465">
<pin_list>
<pin id="466" dir="0" index="0" bw="1" slack="0"/>
<pin id="467" dir="1" index="1" bw="1" slack="0"/>
</pin_list>
<bind>
<opset="tmp_last_V_2 "/>
</bind>
</comp>

</comp_list>

<net_list>
<net id="127"><net_src comp="72" pin="0"/><net_sink comp="124" pin=0"/></net>

<net id="132"><net_src comp="78" pin="0"/><net_sink comp="128" pin=0"/></net>

<net id="133"><net_src comp="16" pin="0"/><net_sink comp="128" pin=1"/></net>

<net id="138"><net_src comp="78" pin="0"/><net_sink comp="134" pin=0"/></net>

<net id="139"><net_src comp="14" pin="0"/><net_sink comp="134" pin=1"/></net>

<net id="150"><net_src comp="90" pin="0"/><net_sink comp="140" pin=0"/></net>

<net id="151"><net_src comp="0" pin="0"/><net_sink comp="140" pin=1"/></net>

<net id="152"><net_src comp="2" pin="0"/><net_sink comp="140" pin=2"/></net>

<net id="153"><net_src comp="4" pin="0"/><net_sink comp="140" pin=3"/></net>

<net id="154"><net_src comp="6" pin="0"/><net_sink comp="140" pin=4"/></net>

<net id="155"><net_src comp="8" pin="0"/><net_sink comp="140" pin=5"/></net>

<net id="156"><net_src comp="10" pin="0"/><net_sink comp="140" pin=6"/></net>

<net id="157"><net_src comp="12" pin="0"/><net_sink comp="140" pin=7"/></net>

<net id="163"><net_src comp="120" pin="0"/><net_sink comp="158" pin=0"/></net>

<net id="164"><net_src comp="18" pin="0"/><net_sink comp="158" pin=1"/></net>

<net id="170"><net_src comp="120" pin="0"/><net_sink comp="165" pin=0"/></net>

<net id="171"><net_src comp="20" pin="0"/><net_sink comp="165" pin=1"/></net>

<net id="177"><net_src comp="120" pin="0"/><net_sink comp="172" pin=0"/></net>

<net id="178"><net_src comp="22" pin="0"/><net_sink comp="172" pin=1"/></net>

<net id="188"><net_src comp="182" pin="4"/><net_sink comp="179" pin=0"/></net>

<net id="198"><net_src comp="192" pin="4"/><net_sink comp="189" pin=0"/></net>

<net id="202"><net_src comp="28" pin="0"/><net_sink comp="199" pin=0"/></net>

<net id="209"><net_src comp="199" pin="1"/><net_sink comp="203" pin=2"/></net>

<net id="219"><net_src comp="179" pin="1"/><net_sink comp="213" pin=0"/></net>

<net id="220"><net_src comp="213" pin="4"/><net_sink comp="210" pin=0"/></net>

<net id="230"><net_src comp="189" pin="1"/><net_sink comp="224" pin=0"/></net>

<net id="231"><net_src comp="224" pin="4"/><net_sink comp="221" pin=0"/></net>

<net id="235"><net_src comp="28" pin="0"/><net_sink comp="232" pin=0"/></net>

<net id="242"><net_src comp="232" pin="1"/><net_sink comp="236" pin=0"/></net>

<net id="246"><net_src comp="102" pin="0"/><net_sink comp="243" pin=0"/></net>

<net id="253"><net_src comp="243" pin="1"/><net_sink comp="247" pin=0"/></net>

<net id="254"><net_src comp="247" pin="4"/><net_sink comp="243" pin=0"/></net>

<net id="258"><net_src comp="255" pin="1"/><net_sink comp="213" pin=2"/></net>

<net id="259"><net_src comp="255" pin="1"/><net_sink comp="247" pin=2"/></net>

<net id="266"><net_src comp="213" pin="4"/><net_sink comp="260" pin=2"/></net>

<net id="267"><net_src comp="260" pin="4"/><net_sink comp="255" pin=0"/></net>

<net id="271"><net_src comp="268" pin="1"/><net_sink comp="224" pin=2"/></net>

<net id="278"><net_src comp="224" pin="4"/><net_sink comp="272" pin=2"/></net>

<net id="279"><net_src comp="272" pin="4"/><net_sink comp="268" pin=0"/></net>

<net id="283"><net_src comp="280" pin="1"/><net_sink comp="182" pin=0"/></net>

<net id="290"><net_src comp="210" pin="1"/><net_sink comp="284" pin=2"/></net>

<net id="291"><net_src comp="284" pin="4"/><net_sink comp="280" pin=0"/></net>

<net id="295"><net_src comp="292" pin="1"/><net_sink comp="192" pin=0"/></net>

<net id="302"><net_src comp="221" pin="1"/><net_sink comp="296" pin=2"/></net>

<net id="303"><net_src comp="296" pin="4"/><net_sink comp="292" pin=0"/></net>

<net id="313"><net_src comp="243" pin="1"/><net_sink comp="307" pin=2"/></net>

<net id="317"><net_src comp="140" pin="8"/><net_sink comp="314" pin=0"/></net>

<net id="318"><net_src comp="314" pin="1"/><net_sink comp="272" pin=0"/></net>

<net id="322"><net_src comp="140" pin="8"/><net_sink comp="319" pin=0"/></net>

<net id="323"><net_src comp="319" pin="1"/><net_sink comp="260" pin=0"/></net>

<net id="327"><net_src comp="140" pin="8"/><net_sink comp="324" pin=0"/></net>

<net id="332"><net_src comp="94" pin="0"/><net_sink comp="328" pin=0"/></net>

<net id="337"><net_src comp="203" pin="4"/><net_sink comp="333" pin=0"/></net>

<net id="342"><net_src comp="203" pin="4"/><net_sink comp="338" pin=0"/></net>

<net id="343"><net_src comp="72" pin="0"/><net_sink comp="338" pin=1"/></net>

<net id="348"><net_src comp="236" pin="4"/><net_sink comp="344" pin=0"/></net>

<net id="353"><net_src comp="236" pin="4"/><net_sink comp="349" pin=0"/></net>

<net id="354"><net_src comp="72" pin="0"/><net_sink comp="349" pin=1"/></net>

<net id="362"><net_src comp="355" pin="1"/><net_sink comp="358" pin=0"/></net>

<net id="363"><net_src comp="247" pin="4"/><net_sink comp="358" pin=1"/></net>

<net id="367"><net_src comp="272" pin="4"/><net_sink comp="364" pin=0"/></net>

<net id="374"><net_src comp="106" pin="0"/><net_sink comp="368" pin=0"/></net>

<net id="375"><net_src comp="272" pin="4"/><net_sink comp="368" pin=1"/></net>

<net id="376"><net_src comp="108" pin="0"/><net_sink comp="368" pin=2"/></net>

<net id="377"><net_src comp="110" pin="0"/><net_sink comp="368" pin=3"/></net>

<net id="384"><net_src comp="106" pin="0"/><net_sink comp="378" pin=0"/></net>

<net id="385"><net_src comp="272" pin="4"/><net_sink comp="378" pin=1"/></net>

<net id="386"><net_src comp="40" pin="0"/><net_sink comp="378" pin=2"/></net>

<net id="387"><net_src comp="112" pin="0"/><net_sink comp="378" pin=3"/></net>

<net id="392"><net_src comp="102" pin="0"/><net_sink comp="388" pin=0"/></net>

<net id="396"><net_src comp="128" pin="2"/><net_sink comp="393" pin=0"/></net>

<net id="397"><net_src comp="393" pin="1"/><net_sink comp="344" pin=1"/></net>

<net id="401"><net_src comp="134" pin="2"/><net_sink comp="398" pin=0"/></net>

<net id="402"><net_src comp="398" pin="1"/><net_sink comp="333" pin=1"/></net>

<net id="406"><net_src comp="314" pin="1"/><net_sink comp="403" pin=0"/></net>

<net id="407"><net_src comp="403" pin="1"/><net_sink comp="192" pin=2"/></net>

<net id="414"><net_src comp="319" pin="1"/><net_sink comp="411" pin=0"/></net>

<net id="415"><net_src comp="411" pin="1"/><net_sink comp="182" pin=2"/></net>

<net id="419"><net_src comp="124" pin="1"/><net_sink comp="416" pin=0"/></net>

<net id="420"><net_src comp="416" pin="1"/><net_sink comp="328" pin=1"/></net>

<net id="421"><net_src comp="416" pin="1"/><net_sink comp="355" pin=0"/></net>

<net id="422"><net_src comp="416" pin="1"/><net_sink comp="388" pin=1"/></net>

<net id="426"><net_src comp="333" pin="2"/><net_sink comp="423" pin=0"/></net>

<net id="430"><net_src comp="338" pin="2"/><net_sink comp="427" pin=0"/></net>

<net id="431"><net_src comp="427" pin="1"/><net_sink comp="203" pin=0"/></net>

<net id="435"><net_src comp="344" pin="2"/><net_sink comp="432" pin=0"/></net>

<net id="439"><net_src comp="349" pin="2"/><net_sink comp="436" pin=0"/></net>

<net id="440"><net_src comp="436" pin="1"/><net_sink comp="236" pin=2"/></net>

<net id="444"><net_src comp="358" pin="2"/><net_sink comp="441" pin=0"/></net>

<net id="448"><net_src comp="364" pin="1"/><net_sink comp="445" pin=0"/></net>

<net id="449"><net_src comp="445" pin="1"/><net_sink comp="158" pin=2"/></net>

<net id="453"><net_src comp="368" pin="4"/><net_sink comp="450" pin=0"/></net>

<net id="454"><net_src comp="450" pin="1"/><net_sink comp="165" pin=2"/></net>

<net id="458"><net_src comp="378" pin="4"/><net_sink comp="455" pin=0"/></net>

<net id="459"><net_src comp="455" pin="1"/><net_sink comp="172" pin=2"/></net>

<net id="463"><net_src comp="314" pin="1"/><net_sink comp="460" pin=0"/></net>

<net id="464"><net_src comp="460" pin="1"/><net_sink comp="296" pin=0"/></net>

<net id="468"><net_src comp="319" pin="1"/><net_sink comp="465" pin=0"/></net>

<net id="469"><net_src comp="465" pin="1"/><net_sink comp="284" pin=0"/></net>

<net id="470"><net_src comp="465" pin="1"/><net_sink comp="307" pin=0"/></net>

</net_list>

</model> 
---------------- Datapath Model END ------------------

* FSMD analyzer results:
  - Output states:
	Port: img_data_stream_0_V | {6 }
	Port: img_data_stream_1_V | {6 }
	Port: img_data_stream_2_V | {6 }
 - Input state : 
	Port: AXIvideo2Mat : AXI_video_strm_V_data_V | {2 5 8 }
	Port: AXIvideo2Mat : AXI_video_strm_V_keep_V | {2 5 8 }
	Port: AXIvideo2Mat : AXI_video_strm_V_strb_V | {2 5 8 }
	Port: AXIvideo2Mat : AXI_video_strm_V_user_V | {2 5 8 }
	Port: AXIvideo2Mat : AXI_video_strm_V_last_V | {2 5 8 }
	Port: AXIvideo2Mat : AXI_video_strm_V_id_V | {2 5 8 }
	Port: AXIvideo2Mat : AXI_video_strm_V_dest_V | {2 5 8 }
	Port: AXIvideo2Mat : img_rows_V_read | {1 }
	Port: AXIvideo2Mat : img_cols_V_read | {1 }
  - Chain level:
	State 1
	State 2
		empty_46 : 1
		StgValue_26 : 1
	State 3
		StgValue_28 : 1
	State 4
		exitcond2 : 1
		i_V : 1
		StgValue_36 : 2
	State 5
		exitcond : 1
		j_V : 1
		StgValue_48 : 2
		brmerge : 1
		StgValue_51 : 1
		axi_last_V_2 : 2
		p_Val2_s : 2
		tmp_8 : 3
		tmp_4 : 3
		tmp_5 : 3
	State 6
		empty_48 : 1
		empty_49 : 1
	State 7
	State 8
		StgValue_77 : 1
		empty_51 : 1
	State 9


============================================================
+ Verbose Summary: Datapath Resource usage 
============================================================

* Functional unit list:
|----------|-------------------------------|---------|---------|
| Operation|        Functional Unit        |    FF   |   LUT   |
|----------|-------------------------------|---------|---------|
|    add   |           i_V_fu_338          |    0    |    32   |
|          |           j_V_fu_349          |    0    |    32   |
|----------|-------------------------------|---------|---------|
|   icmp   |        exitcond2_fu_333       |    0    |    12   |
|          |        exitcond_fu_344        |    0    |    12   |
|----------|-------------------------------|---------|---------|
|    or    |         brmerge_fu_358        |    0    |    1    |
|----------|-------------------------------|---------|---------|
|          | img_cols_V_read_1_read_fu_128 |    0    |    0    |
|   read   | img_rows_V_read_1_read_fu_134 |    0    |    0    |
|          |        grp_read_fu_140        |    0    |    0    |
|----------|-------------------------------|---------|---------|
|          |    StgValue_67_write_fu_158   |    0    |    0    |
|   write  |    StgValue_68_write_fu_165   |    0    |    0    |
|          |    StgValue_69_write_fu_172   |    0    |    0    |
|----------|-------------------------------|---------|---------|
|          |           grp_fu_314          |    0    |    0    |
|extractvalue|           grp_fu_319          |    0    |    0    |
|          |       tmp_user_V_fu_324       |    0    |    0    |
|----------|-------------------------------|---------|---------|
|   trunc  |          tmp_8_fu_364         |    0    |    0    |
|----------|-------------------------------|---------|---------|
|partselect|          tmp_4_fu_368         |    0    |    0    |
|          |          tmp_5_fu_378         |    0    |    0    |
|----------|-------------------------------|---------|---------|
|   Total  |                               |    0    |    89   |
|----------|-------------------------------|---------|---------|

Memories:
N/A

* Register list:
+-------------------------+--------+
|                         |   FF   |
+-------------------------+--------+
|   axi_data_V1_reg_189   |   24   |
|   axi_data_V_1_reg_221  |   24   |
|   axi_data_V_3_reg_292  |   24   |
|   axi_last_V1_reg_179   |    1   |
|   axi_last_V_2_reg_255  |    1   |
|   axi_last_V_3_reg_280  |    1   |
|     brmerge_reg_441     |    1   |
|      eol_1_reg_210      |    1   |
|      eol_2_reg_304      |    1   |
|       eol_reg_243       |    1   |
|    exitcond2_reg_423    |    1   |
|     exitcond_reg_432    |    1   |
|       i_V_reg_427       |   32   |
|img_cols_V_read_1_reg_393|   32   |
|img_rows_V_read_1_reg_398|   32   |
|       j_V_reg_436       |   32   |
|     p_Val2_s_reg_268    |   24   |
|      sof_1_reg_416      |    1   |
|      t_V_2_reg_232      |   32   |
|       t_V_reg_199       |   32   |
|      tmp_4_reg_450      |    8   |
|      tmp_5_reg_455      |    8   |
|      tmp_8_reg_445      |    8   |
|   tmp_data_V_2_reg_460  |   24   |
|    tmp_data_V_reg_403   |   24   |
|   tmp_last_V_2_reg_465  |    1   |
|    tmp_last_V_reg_411   |    1   |
+-------------------------+--------+
|          Total          |   372  |
+-------------------------+--------+

* Multiplexer (MUX) list: 
|-------------|------|------|------|--------||---------||---------|
|     Comp    |  Pin | Size |  BW  | S x BW ||  Delay  ||   LUT   |
|-------------|------|------|------|--------||---------||---------|
| eol_reg_243 |  p0  |   2  |   1  |    2   ||    3    |
|-------------|------|------|------|--------||---------||---------|
|    Total    |      |      |      |    2   ||  0.466  ||    3    |
|-------------|------|------|------|--------||---------||---------|



* Summary:
+-----------+--------+--------+--------+
|           |  Delay |   FF   |   LUT  |
+-----------+--------+--------+--------+
|  Function |    -   |    0   |   89   |
|   Memory  |    -   |    -   |    -   |
|Multiplexer|    0   |    -   |    3   |
|  Register |    -   |   372  |    -   |
+-----------+--------+--------+--------+
|   Total   |    0   |   372  |   92   |
+-----------+--------+--------+--------+
