

================================================================
== Vivado HLS Report for 'Block_Mat_exit45_pro'
================================================================
* Date:           Fri Mar 31 12:32:10 2023

* Version:        2018.3 (Build 2405991 on Thu Dec 06 23:56:15 MST 2018)
* Project:        skin_hls
* Solution:       solution1
* Product family: zynq
* Target device:  xc7z020clg400-2


================================================================
== Performance Estimates
================================================================
+ Timing (ns): 
    * Summary: 
    +--------+-------+----------+------------+
    |  Clock | Target| Estimated| Uncertainty|
    +--------+-------+----------+------------+
    |ap_clk  |  10.00|     3.401|        1.25|
    +--------+-------+----------+------------+

+ Latency (clock cycles): 
    * Summary: 
    +-----+-----+-----+-----+---------+
    |  Latency  |  Interval | Pipeline|
    | min | max | min | max |   Type  |
    +-----+-----+-----+-----+---------+
    |    0|    0|    0|    0|   none  |
    +-----+-----+-----+-----+---------+

    + Detail: 
        * Instance: 
        N/A

        * Loop: 
        N/A

============================================================
+ Verbose Summary: Synthesis Manager
============================================================
InlineROM: 1
ExposeGlobal: 0
============================================================
+ Verbose Summary: CDFG Model
============================================================
IsTopModel: 0
ResetActiveHigh: 1
IsCombinational: 2
IsDatapathOnly: 0
HasWiredReturn: 1
HasMFsm: 0
HasVarLatency: 0
IsPipeline: 0
IsRtlPipelined: 0
IsInstanceOverlapped: 0
IsDontTouch: 0
HasImplIP: 0
IsGatedGlobalClock: 0


============================================================
+ Verbose Summary: Schedule
============================================================
* Number of FSM states : 1
* Pipeline : 0
* Dataflow Pipeline: 0

* FSM state transitions: 
1 --> 

* FSM state operations: 

State 1 <SV = 0> <Delay = 3.40>
ST_1 : Operation 2 [1/1] (0.00ns)   --->   "call void (...)* @_ssdm_op_SpecInterface(i32* %img_1_cols_V_out, [8 x i8]* @ap_fifo_str, i32 0, i32 0, [1 x i8]* @p_str95, i32 0, i32 0, [1 x i8]* @p_str96, [1 x i8]* @p_str97, [1 x i8]* @p_str98, i32 2, i32 2, i32 16, i32 16, [1 x i8]* @p_str99, [1 x i8]* @p_str100)"   --->   Operation 2 'specinterface' <Predicate = true> <Delay = 0.00>
ST_1 : Operation 3 [1/1] (0.00ns)   --->   "call void (...)* @_ssdm_op_SpecInterface(i32* %img_1_rows_V_out, [8 x i8]* @ap_fifo_str, i32 0, i32 0, [1 x i8]* @p_str89, i32 0, i32 0, [1 x i8]* @p_str90, [1 x i8]* @p_str91, [1 x i8]* @p_str92, i32 2, i32 2, i32 16, i32 16, [1 x i8]* @p_str93, [1 x i8]* @p_str94)"   --->   Operation 3 'specinterface' <Predicate = true> <Delay = 0.00>
ST_1 : Operation 4 [1/1] (0.00ns)   --->   "call void (...)* @_ssdm_op_SpecInterface(i32* %rows_out, [8 x i8]* @ap_fifo_str, i32 0, i32 0, [1 x i8]* @p_str79, i32 0, i32 0, [1 x i8]* @p_str80, [1 x i8]* @p_str81, [1 x i8]* @p_str82, i32 2, i32 2, i32 16, i32 16, [1 x i8]* @p_str83, [11 x i8]* @ScalarProp_str)"   --->   Operation 4 'specinterface' <Predicate = true> <Delay = 0.00>
ST_1 : Operation 5 [1/1] (0.00ns)   --->   "%b_up_read = call i32 @_ssdm_op_Read.ap_auto.i32(i32 %b_up)"   --->   Operation 5 'read' 'b_up_read' <Predicate = true> <Delay = 0.00>
ST_1 : Operation 6 [1/1] (0.00ns)   --->   "%b_low_read = call i32 @_ssdm_op_Read.ap_auto.i32(i32 %b_low)"   --->   Operation 6 'read' 'b_low_read' <Predicate = true> <Delay = 0.00>
ST_1 : Operation 7 [1/1] (0.00ns)   --->   "%g_up_read = call i32 @_ssdm_op_Read.ap_auto.i32(i32 %g_up)"   --->   Operation 7 'read' 'g_up_read' <Predicate = true> <Delay = 0.00>
ST_1 : Operation 8 [1/1] (0.00ns)   --->   "%g_low_read = call i32 @_ssdm_op_Read.ap_auto.i32(i32 %g_low)"   --->   Operation 8 'read' 'g_low_read' <Predicate = true> <Delay = 0.00>
ST_1 : Operation 9 [1/1] (0.00ns)   --->   "%r_up_read = call i32 @_ssdm_op_Read.ap_auto.i32(i32 %r_up)"   --->   Operation 9 'read' 'r_up_read' <Predicate = true> <Delay = 0.00>
ST_1 : Operation 10 [1/1] (0.00ns)   --->   "%r_low_read = call i32 @_ssdm_op_Read.ap_auto.i32(i32 %r_low)"   --->   Operation 10 'read' 'r_low_read' <Predicate = true> <Delay = 0.00>
ST_1 : Operation 11 [1/1] (0.00ns)   --->   "%cols_read = call i32 @_ssdm_op_Read.ap_auto.i32(i32 %cols)"   --->   Operation 11 'read' 'cols_read' <Predicate = true> <Delay = 0.00>
ST_1 : Operation 12 [1/1] (0.00ns)   --->   "%rows_read = call i32 @_ssdm_op_Read.ap_auto.i32(i32 %rows)"   --->   Operation 12 'read' 'rows_read' <Predicate = true> <Delay = 0.00>
ST_1 : Operation 13 [1/1] (3.40ns)   --->   "call void @_ssdm_op_Write.ap_fifo.i32P(i32* %rows_out, i32 %rows_read)"   --->   Operation 13 'write' <Predicate = true> <Delay = 3.40> <Core = "FIFO">   --->   Core 32 'FIFO' <Latency = 0> <II = 1> <Delay = 3.40> <Storage> <Opcode : 'read' 'write' 'nbread' 'nbwrite'> <Ports = 0> <Width = 32> <Depth = 3> <FIFO>
ST_1 : Operation 14 [1/1] (0.00ns)   --->   "call void (...)* @_ssdm_op_SpecInterface(i32* %cols_out, [8 x i8]* @ap_fifo_str, i32 0, i32 0, [1 x i8]* @p_str84, i32 0, i32 0, [1 x i8]* @p_str85, [1 x i8]* @p_str86, [1 x i8]* @p_str87, i32 2, i32 2, i32 16, i32 16, [1 x i8]* @p_str88, [11 x i8]* @ScalarProp_str)"   --->   Operation 14 'specinterface' <Predicate = true> <Delay = 0.00>
ST_1 : Operation 15 [1/1] (3.40ns)   --->   "call void @_ssdm_op_Write.ap_fifo.i32P(i32* %cols_out, i32 %cols_read)"   --->   Operation 15 'write' <Predicate = true> <Delay = 3.40> <Core = "FIFO">   --->   Core 32 'FIFO' <Latency = 0> <II = 1> <Delay = 3.40> <Storage> <Opcode : 'read' 'write' 'nbread' 'nbwrite'> <Ports = 0> <Width = 32> <Depth = 3> <FIFO>
ST_1 : Operation 16 [1/1] (0.00ns)   --->   "call void (...)* @_ssdm_op_SpecInterface(i32* %r_low_out, [8 x i8]* @ap_fifo_str, i32 0, i32 0, [1 x i8]* @p_str101, i32 0, i32 0, [1 x i8]* @p_str102, [1 x i8]* @p_str103, [1 x i8]* @p_str104, i32 2, i32 2, i32 16, i32 16, [1 x i8]* @p_str105, [11 x i8]* @ScalarProp_str)"   --->   Operation 16 'specinterface' <Predicate = true> <Delay = 0.00>
ST_1 : Operation 17 [1/1] (3.40ns)   --->   "call void @_ssdm_op_Write.ap_fifo.i32P(i32* %r_low_out, i32 %r_low_read)"   --->   Operation 17 'write' <Predicate = true> <Delay = 3.40> <Core = "FIFO">   --->   Core 32 'FIFO' <Latency = 0> <II = 1> <Delay = 3.40> <Storage> <Opcode : 'read' 'write' 'nbread' 'nbwrite'> <Ports = 0> <Width = 32> <Depth = 3> <FIFO>
ST_1 : Operation 18 [1/1] (0.00ns)   --->   "call void (...)* @_ssdm_op_SpecInterface(i32* %r_up_out, [8 x i8]* @ap_fifo_str, i32 0, i32 0, [1 x i8]* @p_str106, i32 0, i32 0, [1 x i8]* @p_str107, [1 x i8]* @p_str108, [1 x i8]* @p_str109, i32 2, i32 2, i32 16, i32 16, [1 x i8]* @p_str110, [11 x i8]* @ScalarProp_str)"   --->   Operation 18 'specinterface' <Predicate = true> <Delay = 0.00>
ST_1 : Operation 19 [1/1] (3.40ns)   --->   "call void @_ssdm_op_Write.ap_fifo.i32P(i32* %r_up_out, i32 %r_up_read)"   --->   Operation 19 'write' <Predicate = true> <Delay = 3.40> <Core = "FIFO">   --->   Core 32 'FIFO' <Latency = 0> <II = 1> <Delay = 3.40> <Storage> <Opcode : 'read' 'write' 'nbread' 'nbwrite'> <Ports = 0> <Width = 32> <Depth = 3> <FIFO>
ST_1 : Operation 20 [1/1] (0.00ns)   --->   "call void (...)* @_ssdm_op_SpecInterface(i32* %g_low_out, [8 x i8]* @ap_fifo_str, i32 0, i32 0, [1 x i8]* @p_str111, i32 0, i32 0, [1 x i8]* @p_str112, [1 x i8]* @p_str113, [1 x i8]* @p_str114, i32 2, i32 2, i32 16, i32 16, [1 x i8]* @p_str115, [11 x i8]* @ScalarProp_str)"   --->   Operation 20 'specinterface' <Predicate = true> <Delay = 0.00>
ST_1 : Operation 21 [1/1] (3.40ns)   --->   "call void @_ssdm_op_Write.ap_fifo.i32P(i32* %g_low_out, i32 %g_low_read)"   --->   Operation 21 'write' <Predicate = true> <Delay = 3.40> <Core = "FIFO">   --->   Core 32 'FIFO' <Latency = 0> <II = 1> <Delay = 3.40> <Storage> <Opcode : 'read' 'write' 'nbread' 'nbwrite'> <Ports = 0> <Width = 32> <Depth = 3> <FIFO>
ST_1 : Operation 22 [1/1] (0.00ns)   --->   "call void (...)* @_ssdm_op_SpecInterface(i32* %g_up_out, [8 x i8]* @ap_fifo_str, i32 0, i32 0, [1 x i8]* @p_str116, i32 0, i32 0, [1 x i8]* @p_str117, [1 x i8]* @p_str118, [1 x i8]* @p_str119, i32 2, i32 2, i32 16, i32 16, [1 x i8]* @p_str120, [11 x i8]* @ScalarProp_str)"   --->   Operation 22 'specinterface' <Predicate = true> <Delay = 0.00>
ST_1 : Operation 23 [1/1] (3.40ns)   --->   "call void @_ssdm_op_Write.ap_fifo.i32P(i32* %g_up_out, i32 %g_up_read)"   --->   Operation 23 'write' <Predicate = true> <Delay = 3.40> <Core = "FIFO">   --->   Core 32 'FIFO' <Latency = 0> <II = 1> <Delay = 3.40> <Storage> <Opcode : 'read' 'write' 'nbread' 'nbwrite'> <Ports = 0> <Width = 32> <Depth = 3> <FIFO>
ST_1 : Operation 24 [1/1] (0.00ns)   --->   "call void (...)* @_ssdm_op_SpecInterface(i32* %b_low_out, [8 x i8]* @ap_fifo_str, i32 0, i32 0, [1 x i8]* @p_str121, i32 0, i32 0, [1 x i8]* @p_str122, [1 x i8]* @p_str123, [1 x i8]* @p_str124, i32 2, i32 2, i32 16, i32 16, [1 x i8]* @p_str125, [11 x i8]* @ScalarProp_str)"   --->   Operation 24 'specinterface' <Predicate = true> <Delay = 0.00>
ST_1 : Operation 25 [1/1] (3.40ns)   --->   "call void @_ssdm_op_Write.ap_fifo.i32P(i32* %b_low_out, i32 %b_low_read)"   --->   Operation 25 'write' <Predicate = true> <Delay = 3.40> <Core = "FIFO">   --->   Core 32 'FIFO' <Latency = 0> <II = 1> <Delay = 3.40> <Storage> <Opcode : 'read' 'write' 'nbread' 'nbwrite'> <Ports = 0> <Width = 32> <Depth = 3> <FIFO>
ST_1 : Operation 26 [1/1] (0.00ns)   --->   "call void (...)* @_ssdm_op_SpecInterface(i32* %b_up_out, [8 x i8]* @ap_fifo_str, i32 0, i32 0, [1 x i8]* @p_str126, i32 0, i32 0, [1 x i8]* @p_str127, [1 x i8]* @p_str128, [1 x i8]* @p_str129, i32 2, i32 2, i32 16, i32 16, [1 x i8]* @p_str130, [11 x i8]* @ScalarProp_str)"   --->   Operation 26 'specinterface' <Predicate = true> <Delay = 0.00>
ST_1 : Operation 27 [1/1] (3.40ns)   --->   "call void @_ssdm_op_Write.ap_fifo.i32P(i32* %b_up_out, i32 %b_up_read)"   --->   Operation 27 'write' <Predicate = true> <Delay = 3.40> <Core = "FIFO">   --->   Core 32 'FIFO' <Latency = 0> <II = 1> <Delay = 3.40> <Storage> <Opcode : 'read' 'write' 'nbread' 'nbwrite'> <Ports = 0> <Width = 32> <Depth = 3> <FIFO>
ST_1 : Operation 28 [1/1] (3.40ns)   --->   "call void @_ssdm_op_Write.ap_fifo.i32P(i32* %img_1_rows_V_out, i32 %rows_read)" [D:/VIVADO2018.3/Vivado/2018.3/common/technology/autopilot/hls/hls_video_core.h:656->D:/VIVADO2018.3/Vivado/2018.3/common/technology/autopilot/hls/hls_video_core.h:642->D:/VIVADO2018.3/Vivado/2018.3/common/technology/autopilot/hls/hls_video_core.h:643->skin_hls/top.cpp:81]   --->   Operation 28 'write' <Predicate = true> <Delay = 3.40> <Core = "FIFO">   --->   Core 32 'FIFO' <Latency = 0> <II = 1> <Delay = 3.40> <Storage> <Opcode : 'read' 'write' 'nbread' 'nbwrite'> <Ports = 0> <Width = 32> <Depth = 3> <FIFO>
ST_1 : Operation 29 [1/1] (3.40ns)   --->   "call void @_ssdm_op_Write.ap_fifo.i32P(i32* %img_1_cols_V_out, i32 %cols_read)" [D:/VIVADO2018.3/Vivado/2018.3/common/technology/autopilot/hls/hls_video_core.h:657->D:/VIVADO2018.3/Vivado/2018.3/common/technology/autopilot/hls/hls_video_core.h:642->D:/VIVADO2018.3/Vivado/2018.3/common/technology/autopilot/hls/hls_video_core.h:643->skin_hls/top.cpp:81]   --->   Operation 29 'write' <Predicate = true> <Delay = 3.40> <Core = "FIFO">   --->   Core 32 'FIFO' <Latency = 0> <II = 1> <Delay = 3.40> <Storage> <Opcode : 'read' 'write' 'nbread' 'nbwrite'> <Ports = 0> <Width = 32> <Depth = 3> <FIFO>
ST_1 : Operation 30 [1/1] (0.00ns)   --->   "%mrv = insertvalue { i32, i32 } undef, i32 %rows_read, 0"   --->   Operation 30 'insertvalue' 'mrv' <Predicate = true> <Delay = 0.00>
ST_1 : Operation 31 [1/1] (0.00ns)   --->   "%mrv_1 = insertvalue { i32, i32 } %mrv, i32 %cols_read, 1"   --->   Operation 31 'insertvalue' 'mrv_1' <Predicate = true> <Delay = 0.00>
ST_1 : Operation 32 [1/1] (0.00ns)   --->   "ret { i32, i32 } %mrv_1"   --->   Operation 32 'ret' <Predicate = true> <Delay = 0.00>


============================================================
+ Verbose Summary: Binding
============================================================
STG Binding: 
---------------- STG Properties BEGIN ----------------
- Is combinational: 0
- Is one-state seq: 1
- Is datapath-only: 0
- Is pipelined: 0
- Is top level: 0
Port [ Return ] is wired: 1; IO mode=ap_ctrl_hs:ce=0
Port [ rows]:  wired=1; compound=0; hidden=0; nouse=0; global=0; static=0; extern=0; dir=0; type=0; pingpong=0; private_global=0; IO mode=ap_none:ce=0
Port [ cols]:  wired=1; compound=0; hidden=0; nouse=0; global=0; static=0; extern=0; dir=0; type=0; pingpong=0; private_global=0; IO mode=ap_none:ce=0
Port [ r_low]:  wired=1; compound=0; hidden=0; nouse=0; global=0; static=0; extern=0; dir=0; type=0; pingpong=0; private_global=0; IO mode=ap_none:ce=0
Port [ r_up]:  wired=1; compound=0; hidden=0; nouse=0; global=0; static=0; extern=0; dir=0; type=0; pingpong=0; private_global=0; IO mode=ap_none:ce=0
Port [ g_low]:  wired=1; compound=0; hidden=0; nouse=0; global=0; static=0; extern=0; dir=0; type=0; pingpong=0; private_global=0; IO mode=ap_none:ce=0
Port [ g_up]:  wired=1; compound=0; hidden=0; nouse=0; global=0; static=0; extern=0; dir=0; type=0; pingpong=0; private_global=0; IO mode=ap_none:ce=0
Port [ b_low]:  wired=1; compound=0; hidden=0; nouse=0; global=0; static=0; extern=0; dir=0; type=0; pingpong=0; private_global=0; IO mode=ap_none:ce=0
Port [ b_up]:  wired=1; compound=0; hidden=0; nouse=0; global=0; static=0; extern=0; dir=0; type=0; pingpong=0; private_global=0; IO mode=ap_none:ce=0
Port [ rows_out]:  wired=1; compound=1; hidden=0; nouse=0; global=0; static=0; extern=0; dir=1; type=3; pingpong=0; private_global=0; IO mode=ap_fifo:ce=0
Port [ cols_out]:  wired=1; compound=1; hidden=0; nouse=0; global=0; static=0; extern=0; dir=1; type=3; pingpong=0; private_global=0; IO mode=ap_fifo:ce=0
Port [ img_1_rows_V_out]:  wired=1; compound=1; hidden=0; nouse=0; global=0; static=0; extern=0; dir=1; type=3; pingpong=0; private_global=0; IO mode=ap_fifo:ce=0
Port [ img_1_cols_V_out]:  wired=1; compound=1; hidden=0; nouse=0; global=0; static=0; extern=0; dir=1; type=3; pingpong=0; private_global=0; IO mode=ap_fifo:ce=0
Port [ r_low_out]:  wired=1; compound=1; hidden=0; nouse=0; global=0; static=0; extern=0; dir=1; type=3; pingpong=0; private_global=0; IO mode=ap_fifo:ce=0
Port [ r_up_out]:  wired=1; compound=1; hidden=0; nouse=0; global=0; static=0; extern=0; dir=1; type=3; pingpong=0; private_global=0; IO mode=ap_fifo:ce=0
Port [ g_low_out]:  wired=1; compound=1; hidden=0; nouse=0; global=0; static=0; extern=0; dir=1; type=3; pingpong=0; private_global=0; IO mode=ap_fifo:ce=0
Port [ g_up_out]:  wired=1; compound=1; hidden=0; nouse=0; global=0; static=0; extern=0; dir=1; type=3; pingpong=0; private_global=0; IO mode=ap_fifo:ce=0
Port [ b_low_out]:  wired=1; compound=1; hidden=0; nouse=0; global=0; static=0; extern=0; dir=1; type=3; pingpong=0; private_global=0; IO mode=ap_fifo:ce=0
Port [ b_up_out]:  wired=1; compound=1; hidden=0; nouse=0; global=0; static=0; extern=0; dir=1; type=3; pingpong=0; private_global=0; IO mode=ap_fifo:ce=0
---------------- STG Properties END ------------------

---------------- Datapath Model BEGIN ----------------

<LifeTime>
<method=bitvector/>
StgValue_2  (specinterface) [ 00]
StgValue_3  (specinterface) [ 00]
StgValue_4  (specinterface) [ 00]
b_up_read   (read         ) [ 00]
b_low_read  (read         ) [ 00]
g_up_read   (read         ) [ 00]
g_low_read  (read         ) [ 00]
r_up_read   (read         ) [ 00]
r_low_read  (read         ) [ 00]
cols_read   (read         ) [ 00]
rows_read   (read         ) [ 00]
StgValue_13 (write        ) [ 00]
StgValue_14 (specinterface) [ 00]
StgValue_15 (write        ) [ 00]
StgValue_16 (specinterface) [ 00]
StgValue_17 (write        ) [ 00]
StgValue_18 (specinterface) [ 00]
StgValue_19 (write        ) [ 00]
StgValue_20 (specinterface) [ 00]
StgValue_21 (write        ) [ 00]
StgValue_22 (specinterface) [ 00]
StgValue_23 (write        ) [ 00]
StgValue_24 (specinterface) [ 00]
StgValue_25 (write        ) [ 00]
StgValue_26 (specinterface) [ 00]
StgValue_27 (write        ) [ 00]
StgValue_28 (write        ) [ 00]
StgValue_29 (write        ) [ 00]
mrv         (insertvalue  ) [ 00]
mrv_1       (insertvalue  ) [ 00]
StgValue_32 (ret          ) [ 00]
</LifeTime>

<model>

<comp_list>
<comp id="0" class="1000" name="rows">
<pin_list>
<pin id="1" dir="1" index="0" bw="1" slack="0"/>
</pin_list>
<bind>
<StgValue><ssdm name="rows"/></StgValue>
</bind>
</comp>

<comp id="2" class="1000" name="cols">
<pin_list>
<pin id="3" dir="1" index="0" bw="1" slack="0"/>
</pin_list>
<bind>
<StgValue><ssdm name="cols"/></StgValue>
</bind>
</comp>

<comp id="4" class="1000" name="r_low">
<pin_list>
<pin id="5" dir="1" index="0" bw="1" slack="0"/>
</pin_list>
<bind>
<StgValue><ssdm name="r_low"/></StgValue>
</bind>
</comp>

<comp id="6" class="1000" name="r_up">
<pin_list>
<pin id="7" dir="1" index="0" bw="1" slack="0"/>
</pin_list>
<bind>
<StgValue><ssdm name="r_up"/></StgValue>
</bind>
</comp>

<comp id="8" class="1000" name="g_low">
<pin_list>
<pin id="9" dir="1" index="0" bw="1" slack="0"/>
</pin_list>
<bind>
<StgValue><ssdm name="g_low"/></StgValue>
</bind>
</comp>

<comp id="10" class="1000" name="g_up">
<pin_list>
<pin id="11" dir="1" index="0" bw="1" slack="0"/>
</pin_list>
<bind>
<StgValue><ssdm name="g_up"/></StgValue>
</bind>
</comp>

<comp id="12" class="1000" name="b_low">
<pin_list>
<pin id="13" dir="1" index="0" bw="1" slack="0"/>
</pin_list>
<bind>
<StgValue><ssdm name="b_low"/></StgValue>
</bind>
</comp>

<comp id="14" class="1000" name="b_up">
<pin_list>
<pin id="15" dir="1" index="0" bw="1" slack="0"/>
</pin_list>
<bind>
<StgValue><ssdm name="b_up"/></StgValue>
</bind>
</comp>

<comp id="16" class="1000" name="rows_out">
<pin_list>
<pin id="17" dir="1" index="0" bw="1" slack="0"/>
</pin_list>
<bind>
<StgValue><ssdm name="rows_out"/></StgValue>
</bind>
</comp>

<comp id="18" class="1000" name="cols_out">
<pin_list>
<pin id="19" dir="1" index="0" bw="1" slack="0"/>
</pin_list>
<bind>
<StgValue><ssdm name="cols_out"/></StgValue>
</bind>
</comp>

<comp id="20" class="1000" name="img_1_rows_V_out">
<pin_list>
<pin id="21" dir="1" index="0" bw="1" slack="0"/>
</pin_list>
<bind>
<StgValue><ssdm name="img_1_rows_V_out"/></StgValue>
</bind>
</comp>

<comp id="22" class="1000" name="img_1_cols_V_out">
<pin_list>
<pin id="23" dir="1" index="0" bw="1" slack="0"/>
</pin_list>
<bind>
<StgValue><ssdm name="img_1_cols_V_out"/></StgValue>
</bind>
</comp>

<comp id="24" class="1000" name="r_low_out">
<pin_list>
<pin id="25" dir="1" index="0" bw="1" slack="0"/>
</pin_list>
<bind>
<StgValue><ssdm name="r_low_out"/></StgValue>
</bind>
</comp>

<comp id="26" class="1000" name="r_up_out">
<pin_list>
<pin id="27" dir="1" index="0" bw="1" slack="0"/>
</pin_list>
<bind>
<StgValue><ssdm name="r_up_out"/></StgValue>
</bind>
</comp>

<comp id="28" class="1000" name="g_low_out">
<pin_list>
<pin id="29" dir="1" index="0" bw="1" slack="0"/>
</pin_list>
<bind>
<StgValue><ssdm name="g_low_out"/></StgValue>
</bind>
</comp>

<comp id="30" class="1000" name="g_up_out">
<pin_list>
<pin id="31" dir="1" index="0" bw="1" slack="0"/>
</pin_list>
<bind>
<StgValue><ssdm name="g_up_out"/></StgValue>
</bind>
</comp>

<comp id="32" class="1000" name="b_low_out">
<pin_list>
<pin id="33" dir="1" index="0" bw="1" slack="0"/>
</pin_list>
<bind>
<StgValue><ssdm name="b_low_out"/></StgValue>
</bind>
</comp>

<comp id="34" class="1000" name="b_up_out">
<pin_list>
<pin id="35" dir="1" index="0" bw="1" slack="0"/>
</pin_list>
<bind>
<StgValue><ssdm name="b_up_out"/></StgValue>
</bind>
</comp>

<comp id="36" class="1001" name="const_36">
<pin_list>
<pin id="37" dir="1" index="0" bw="1" slack="2147483647"/>
</pin_list>
<bind>
<StgValue><ssdm name="_ssdm_op_SpecInterface"/></StgValue>
</bind>
</comp>

<comp id="38" class="1001" name="const_38">
<pin_list>
<pin id="39" dir="1" index="0" bw="1" slack="2147483647"/>
</pin_list>
<bind>
<StgValue><ssdm name="ap_fifo_str"/></StgValue>
</bind>
</comp>

<comp id="40" class="1001" name="const_40">
<pin_list>
<pin id="41" dir="1" index="0" bw="1" slack="2147483647"/>
</pin_list>
<bind>
<StgValue><ssdm name=""/></StgValue>
</bind>
</comp>

<comp id="42" class="1001" name="const_42">
<pin_list>
<pin id="43" dir="1" index="0" bw="1" slack="2147483647"/>
</pin_list>
<bind>
<StgValue><ssdm name="p_str95"/></StgValue>
</bind>
</comp>

<comp id="44" class="1001" name="const_44">
<pin_list>
<pin id="45" dir="1" index="0" bw="1" slack="2147483647"/>
</pin_list>
<bind>
<StgValue><ssdm name="p_str96"/></StgValue>
</bind>
</comp>

<comp id="46" class="1001" name="const_46">
<pin_list>
<pin id="47" dir="1" index="0" bw="1" slack="2147483647"/>
</pin_list>
<bind>
<StgValue><ssdm name="p_str97"/></StgValue>
</bind>
</comp>

<comp id="48" class="1001" name="const_48">
<pin_list>
<pin id="49" dir="1" index="0" bw="1" slack="2147483647"/>
</pin_list>
<bind>
<StgValue><ssdm name="p_str98"/></StgValue>
</bind>
</comp>

<comp id="50" class="1001" name="const_50">
<pin_list>
<pin id="51" dir="1" index="0" bw="1" slack="2147483647"/>
</pin_list>
<bind>
<StgValue><ssdm name=""/></StgValue>
</bind>
</comp>

<comp id="52" class="1001" name="const_52">
<pin_list>
<pin id="53" dir="1" index="0" bw="1" slack="2147483647"/>
</pin_list>
<bind>
<StgValue><ssdm name=""/></StgValue>
</bind>
</comp>

<comp id="54" class="1001" name="const_54">
<pin_list>
<pin id="55" dir="1" index="0" bw="1" slack="2147483647"/>
</pin_list>
<bind>
<StgValue><ssdm name="p_str99"/></StgValue>
</bind>
</comp>

<comp id="56" class="1001" name="const_56">
<pin_list>
<pin id="57" dir="1" index="0" bw="1" slack="2147483647"/>
</pin_list>
<bind>
<StgValue><ssdm name="p_str100"/></StgValue>
</bind>
</comp>

<comp id="58" class="1001" name="const_58">
<pin_list>
<pin id="59" dir="1" index="0" bw="1" slack="2147483647"/>
</pin_list>
<bind>
<StgValue><ssdm name="p_str89"/></StgValue>
</bind>
</comp>

<comp id="60" class="1001" name="const_60">
<pin_list>
<pin id="61" dir="1" index="0" bw="1" slack="2147483647"/>
</pin_list>
<bind>
<StgValue><ssdm name="p_str90"/></StgValue>
</bind>
</comp>

<comp id="62" class="1001" name="const_62">
<pin_list>
<pin id="63" dir="1" index="0" bw="1" slack="2147483647"/>
</pin_list>
<bind>
<StgValue><ssdm name="p_str91"/></StgValue>
</bind>
</comp>

<comp id="64" class="1001" name="const_64">
<pin_list>
<pin id="65" dir="1" index="0" bw="1" slack="2147483647"/>
</pin_list>
<bind>
<StgValue><ssdm name="p_str92"/></StgValue>
</bind>
</comp>

<comp id="66" class="1001" name="const_66">
<pin_list>
<pin id="67" dir="1" index="0" bw="1" slack="2147483647"/>
</pin_list>
<bind>
<StgValue><ssdm name="p_str93"/></StgValue>
</bind>
</comp>

<comp id="68" class="1001" name="const_68">
<pin_list>
<pin id="69" dir="1" index="0" bw="1" slack="2147483647"/>
</pin_list>
<bind>
<StgValue><ssdm name="p_str94"/></StgValue>
</bind>
</comp>

<comp id="70" class="1001" name="const_70">
<pin_list>
<pin id="71" dir="1" index="0" bw="1" slack="2147483647"/>
</pin_list>
<bind>
<StgValue><ssdm name="p_str79"/></StgValue>
</bind>
</comp>

<comp id="72" class="1001" name="const_72">
<pin_list>
<pin id="73" dir="1" index="0" bw="1" slack="2147483647"/>
</pin_list>
<bind>
<StgValue><ssdm name="p_str80"/></StgValue>
</bind>
</comp>

<comp id="74" class="1001" name="const_74">
<pin_list>
<pin id="75" dir="1" index="0" bw="1" slack="2147483647"/>
</pin_list>
<bind>
<StgValue><ssdm name="p_str81"/></StgValue>
</bind>
</comp>

<comp id="76" class="1001" name="const_76">
<pin_list>
<pin id="77" dir="1" index="0" bw="1" slack="2147483647"/>
</pin_list>
<bind>
<StgValue><ssdm name="p_str82"/></StgValue>
</bind>
</comp>

<comp id="78" class="1001" name="const_78">
<pin_list>
<pin id="79" dir="1" index="0" bw="1" slack="2147483647"/>
</pin_list>
<bind>
<StgValue><ssdm name="p_str83"/></StgValue>
</bind>
</comp>

<comp id="80" class="1001" name="const_80">
<pin_list>
<pin id="81" dir="1" index="0" bw="1" slack="2147483647"/>
</pin_list>
<bind>
<StgValue><ssdm name="ScalarProp_str"/></StgValue>
</bind>
</comp>

<comp id="82" class="1001" name="const_82">
<pin_list>
<pin id="83" dir="1" index="0" bw="1" slack="0"/>
</pin_list>
<bind>
<StgValue><ssdm name="_ssdm_op_Read.ap_auto.i32"/></StgValue>
</bind>
</comp>

<comp id="84" class="1001" name="const_84">
<pin_list>
<pin id="85" dir="1" index="0" bw="1" slack="0"/>
</pin_list>
<bind>
<StgValue><ssdm name="_ssdm_op_Write.ap_fifo.i32P"/></StgValue>
</bind>
</comp>

<comp id="86" class="1001" name="const_86">
<pin_list>
<pin id="87" dir="1" index="0" bw="1" slack="2147483647"/>
</pin_list>
<bind>
<StgValue><ssdm name="p_str84"/></StgValue>
</bind>
</comp>

<comp id="88" class="1001" name="const_88">
<pin_list>
<pin id="89" dir="1" index="0" bw="1" slack="2147483647"/>
</pin_list>
<bind>
<StgValue><ssdm name="p_str85"/></StgValue>
</bind>
</comp>

<comp id="90" class="1001" name="const_90">
<pin_list>
<pin id="91" dir="1" index="0" bw="1" slack="2147483647"/>
</pin_list>
<bind>
<StgValue><ssdm name="p_str86"/></StgValue>
</bind>
</comp>

<comp id="92" class="1001" name="const_92">
<pin_list>
<pin id="93" dir="1" index="0" bw="1" slack="2147483647"/>
</pin_list>
<bind>
<StgValue><ssdm name="p_str87"/></StgValue>
</bind>
</comp>

<comp id="94" class="1001" name="const_94">
<pin_list>
<pin id="95" dir="1" index="0" bw="1" slack="2147483647"/>
</pin_list>
<bind>
<StgValue><ssdm name="p_str88"/></StgValue>
</bind>
</comp>

<comp id="96" class="1001" name="const_96">
<pin_list>
<pin id="97" dir="1" index="0" bw="1" slack="2147483647"/>
</pin_list>
<bind>
<StgValue><ssdm name="p_str101"/></StgValue>
</bind>
</comp>

<comp id="98" class="1001" name="const_98">
<pin_list>
<pin id="99" dir="1" index="0" bw="1" slack="2147483647"/>
</pin_list>
<bind>
<StgValue><ssdm name="p_str102"/></StgValue>
</bind>
</comp>

<comp id="100" class="1001" name="const_100">
<pin_list>
<pin id="101" dir="1" index="0" bw="1" slack="2147483647"/>
</pin_list>
<bind>
<StgValue><ssdm name="p_str103"/></StgValue>
</bind>
</comp>

<comp id="102" class="1001" name="const_102">
<pin_list>
<pin id="103" dir="1" index="0" bw="1" slack="2147483647"/>
</pin_list>
<bind>
<StgValue><ssdm name="p_str104"/></StgValue>
</bind>
</comp>

<comp id="104" class="1001" name="const_104">
<pin_list>
<pin id="105" dir="1" index="0" bw="1" slack="2147483647"/>
</pin_list>
<bind>
<StgValue><ssdm name="p_str105"/></StgValue>
</bind>
</comp>

<comp id="106" class="1001" name="const_106">
<pin_list>
<pin id="107" dir="1" index="0" bw="1" slack="2147483647"/>
</pin_list>
<bind>
<StgValue><ssdm name="p_str106"/></StgValue>
</bind>
</comp>

<comp id="108" class="1001" name="const_108">
<pin_list>
<pin id="109" dir="1" index="0" bw="1" slack="2147483647"/>
</pin_list>
<bind>
<StgValue><ssdm name="p_str107"/></StgValue>
</bind>
</comp>

<comp id="110" class="1001" name="const_110">
<pin_list>
<pin id="111" dir="1" index="0" bw="1" slack="2147483647"/>
</pin_list>
<bind>
<StgValue><ssdm name="p_str108"/></StgValue>
</bind>
</comp>

<comp id="112" class="1001" name="const_112">
<pin_list>
<pin id="113" dir="1" index="0" bw="1" slack="2147483647"/>
</pin_list>
<bind>
<StgValue><ssdm name="p_str109"/></StgValue>
</bind>
</comp>

<comp id="114" class="1001" name="const_114">
<pin_list>
<pin id="115" dir="1" index="0" bw="1" slack="2147483647"/>
</pin_list>
<bind>
<StgValue><ssdm name="p_str110"/></StgValue>
</bind>
</comp>

<comp id="116" class="1001" name="const_116">
<pin_list>
<pin id="117" dir="1" index="0" bw="1" slack="2147483647"/>
</pin_list>
<bind>
<StgValue><ssdm name="p_str111"/></StgValue>
</bind>
</comp>

<comp id="118" class="1001" name="const_118">
<pin_list>
<pin id="119" dir="1" index="0" bw="1" slack="2147483647"/>
</pin_list>
<bind>
<StgValue><ssdm name="p_str112"/></StgValue>
</bind>
</comp>

<comp id="120" class="1001" name="const_120">
<pin_list>
<pin id="121" dir="1" index="0" bw="1" slack="2147483647"/>
</pin_list>
<bind>
<StgValue><ssdm name="p_str113"/></StgValue>
</bind>
</comp>

<comp id="122" class="1001" name="const_122">
<pin_list>
<pin id="123" dir="1" index="0" bw="1" slack="2147483647"/>
</pin_list>
<bind>
<StgValue><ssdm name="p_str114"/></StgValue>
</bind>
</comp>

<comp id="124" class="1001" name="const_124">
<pin_list>
<pin id="125" dir="1" index="0" bw="1" slack="2147483647"/>
</pin_list>
<bind>
<StgValue><ssdm name="p_str115"/></StgValue>
</bind>
</comp>

<comp id="126" class="1001" name="const_126">
<pin_list>
<pin id="127" dir="1" index="0" bw="1" slack="2147483647"/>
</pin_list>
<bind>
<StgValue><ssdm name="p_str116"/></StgValue>
</bind>
</comp>

<comp id="128" class="1001" name="const_128">
<pin_list>
<pin id="129" dir="1" index="0" bw="1" slack="2147483647"/>
</pin_list>
<bind>
<StgValue><ssdm name="p_str117"/></StgValue>
</bind>
</comp>

<comp id="130" class="1001" name="const_130">
<pin_list>
<pin id="131" dir="1" index="0" bw="1" slack="2147483647"/>
</pin_list>
<bind>
<StgValue><ssdm name="p_str118"/></StgValue>
</bind>
</comp>

<comp id="132" class="1001" name="const_132">
<pin_list>
<pin id="133" dir="1" index="0" bw="1" slack="2147483647"/>
</pin_list>
<bind>
<StgValue><ssdm name="p_str119"/></StgValue>
</bind>
</comp>

<comp id="134" class="1001" name="const_134">
<pin_list>
<pin id="135" dir="1" index="0" bw="1" slack="2147483647"/>
</pin_list>
<bind>
<StgValue><ssdm name="p_str120"/></StgValue>
</bind>
</comp>

<comp id="136" class="1001" name="const_136">
<pin_list>
<pin id="137" dir="1" index="0" bw="1" slack="2147483647"/>
</pin_list>
<bind>
<StgValue><ssdm name="p_str121"/></StgValue>
</bind>
</comp>

<comp id="138" class="1001" name="const_138">
<pin_list>
<pin id="139" dir="1" index="0" bw="1" slack="2147483647"/>
</pin_list>
<bind>
<StgValue><ssdm name="p_str122"/></StgValue>
</bind>
</comp>

<comp id="140" class="1001" name="const_140">
<pin_list>
<pin id="141" dir="1" index="0" bw="1" slack="2147483647"/>
</pin_list>
<bind>
<StgValue><ssdm name="p_str123"/></StgValue>
</bind>
</comp>

<comp id="142" class="1001" name="const_142">
<pin_list>
<pin id="143" dir="1" index="0" bw="1" slack="2147483647"/>
</pin_list>
<bind>
<StgValue><ssdm name="p_str124"/></StgValue>
</bind>
</comp>

<comp id="144" class="1001" name="const_144">
<pin_list>
<pin id="145" dir="1" index="0" bw="1" slack="2147483647"/>
</pin_list>
<bind>
<StgValue><ssdm name="p_str125"/></StgValue>
</bind>
</comp>

<comp id="146" class="1001" name="const_146">
<pin_list>
<pin id="147" dir="1" index="0" bw="1" slack="2147483647"/>
</pin_list>
<bind>
<StgValue><ssdm name="p_str126"/></StgValue>
</bind>
</comp>

<comp id="148" class="1001" name="const_148">
<pin_list>
<pin id="149" dir="1" index="0" bw="1" slack="2147483647"/>
</pin_list>
<bind>
<StgValue><ssdm name="p_str127"/></StgValue>
</bind>
</comp>

<comp id="150" class="1001" name="const_150">
<pin_list>
<pin id="151" dir="1" index="0" bw="1" slack="2147483647"/>
</pin_list>
<bind>
<StgValue><ssdm name="p_str128"/></StgValue>
</bind>
</comp>

<comp id="152" class="1001" name="const_152">
<pin_list>
<pin id="153" dir="1" index="0" bw="1" slack="2147483647"/>
</pin_list>
<bind>
<StgValue><ssdm name="p_str129"/></StgValue>
</bind>
</comp>

<comp id="154" class="1001" name="const_154">
<pin_list>
<pin id="155" dir="1" index="0" bw="1" slack="2147483647"/>
</pin_list>
<bind>
<StgValue><ssdm name="p_str130"/></StgValue>
</bind>
</comp>

<comp id="156" class="1001" name="const_156">
<pin_list>
<pin id="157" dir="1" index="0" bw="1" slack="0"/>
</pin_list>
<bind>
<StgValue><ssdm name=""/></StgValue>
</bind>
</comp>

<comp id="158" class="1004" name="b_up_read_read_fu_158">
<pin_list>
<pin id="159" dir="0" index="0" bw="32" slack="0"/>
<pin id="160" dir="0" index="1" bw="32" slack="0"/>
<pin id="161" dir="1" index="2" bw="32" slack="0"/>
</pin_list>
<bind>
<opcode="read(1150) " fcode="read"/>
<opset="b_up_read/1 "/>
</bind>
</comp>

<comp id="164" class="1004" name="b_low_read_read_fu_164">
<pin_list>
<pin id="165" dir="0" index="0" bw="32" slack="0"/>
<pin id="166" dir="0" index="1" bw="32" slack="0"/>
<pin id="167" dir="1" index="2" bw="32" slack="0"/>
</pin_list>
<bind>
<opcode="read(1150) " fcode="read"/>
<opset="b_low_read/1 "/>
</bind>
</comp>

<comp id="170" class="1004" name="g_up_read_read_fu_170">
<pin_list>
<pin id="171" dir="0" index="0" bw="32" slack="0"/>
<pin id="172" dir="0" index="1" bw="32" slack="0"/>
<pin id="173" dir="1" index="2" bw="32" slack="0"/>
</pin_list>
<bind>
<opcode="read(1150) " fcode="read"/>
<opset="g_up_read/1 "/>
</bind>
</comp>

<comp id="176" class="1004" name="g_low_read_read_fu_176">
<pin_list>
<pin id="177" dir="0" index="0" bw="32" slack="0"/>
<pin id="178" dir="0" index="1" bw="32" slack="0"/>
<pin id="179" dir="1" index="2" bw="32" slack="0"/>
</pin_list>
<bind>
<opcode="read(1150) " fcode="read"/>
<opset="g_low_read/1 "/>
</bind>
</comp>

<comp id="182" class="1004" name="r_up_read_read_fu_182">
<pin_list>
<pin id="183" dir="0" index="0" bw="32" slack="0"/>
<pin id="184" dir="0" index="1" bw="32" slack="0"/>
<pin id="185" dir="1" index="2" bw="32" slack="0"/>
</pin_list>
<bind>
<opcode="read(1150) " fcode="read"/>
<opset="r_up_read/1 "/>
</bind>
</comp>

<comp id="188" class="1004" name="r_low_read_read_fu_188">
<pin_list>
<pin id="189" dir="0" index="0" bw="32" slack="0"/>
<pin id="190" dir="0" index="1" bw="32" slack="0"/>
<pin id="191" dir="1" index="2" bw="32" slack="0"/>
</pin_list>
<bind>
<opcode="read(1150) " fcode="read"/>
<opset="r_low_read/1 "/>
</bind>
</comp>

<comp id="194" class="1004" name="cols_read_read_fu_194">
<pin_list>
<pin id="195" dir="0" index="0" bw="32" slack="0"/>
<pin id="196" dir="0" index="1" bw="32" slack="0"/>
<pin id="197" dir="1" index="2" bw="32" slack="0"/>
</pin_list>
<bind>
<opcode="read(1150) " fcode="read"/>
<opset="cols_read/1 "/>
</bind>
</comp>

<comp id="200" class="1004" name="rows_read_read_fu_200">
<pin_list>
<pin id="201" dir="0" index="0" bw="32" slack="0"/>
<pin id="202" dir="0" index="1" bw="32" slack="0"/>
<pin id="203" dir="1" index="2" bw="32" slack="0"/>
</pin_list>
<bind>
<opcode="read(1150) " fcode="read"/>
<opset="rows_read/1 "/>
</bind>
</comp>

<comp id="206" class="1004" name="StgValue_13_write_fu_206">
<pin_list>
<pin id="207" dir="0" index="0" bw="0" slack="0"/>
<pin id="208" dir="0" index="1" bw="32" slack="0"/>
<pin id="209" dir="0" index="2" bw="32" slack="0"/>
<pin id="210" dir="1" index="3" bw="0" slack="2147483647"/>
</pin_list>
<bind>
<opcode="write(1151) " fcode="write"/>
<opset="StgValue_13/1 "/>
</bind>
</comp>

<comp id="214" class="1004" name="StgValue_15_write_fu_214">
<pin_list>
<pin id="215" dir="0" index="0" bw="0" slack="0"/>
<pin id="216" dir="0" index="1" bw="32" slack="0"/>
<pin id="217" dir="0" index="2" bw="32" slack="0"/>
<pin id="218" dir="1" index="3" bw="0" slack="2147483647"/>
</pin_list>
<bind>
<opcode="write(1151) " fcode="write"/>
<opset="StgValue_15/1 "/>
</bind>
</comp>

<comp id="222" class="1004" name="StgValue_17_write_fu_222">
<pin_list>
<pin id="223" dir="0" index="0" bw="0" slack="0"/>
<pin id="224" dir="0" index="1" bw="32" slack="0"/>
<pin id="225" dir="0" index="2" bw="32" slack="0"/>
<pin id="226" dir="1" index="3" bw="0" slack="2147483647"/>
</pin_list>
<bind>
<opcode="write(1151) " fcode="write"/>
<opset="StgValue_17/1 "/>
</bind>
</comp>

<comp id="230" class="1004" name="StgValue_19_write_fu_230">
<pin_list>
<pin id="231" dir="0" index="0" bw="0" slack="0"/>
<pin id="232" dir="0" index="1" bw="32" slack="0"/>
<pin id="233" dir="0" index="2" bw="32" slack="0"/>
<pin id="234" dir="1" index="3" bw="0" slack="2147483647"/>
</pin_list>
<bind>
<opcode="write(1151) " fcode="write"/>
<opset="StgValue_19/1 "/>
</bind>
</comp>

<comp id="238" class="1004" name="StgValue_21_write_fu_238">
<pin_list>
<pin id="239" dir="0" index="0" bw="0" slack="0"/>
<pin id="240" dir="0" index="1" bw="32" slack="0"/>
<pin id="241" dir="0" index="2" bw="32" slack="0"/>
<pin id="242" dir="1" index="3" bw="0" slack="2147483647"/>
</pin_list>
<bind>
<opcode="write(1151) " fcode="write"/>
<opset="StgValue_21/1 "/>
</bind>
</comp>

<comp id="246" class="1004" name="StgValue_23_write_fu_246">
<pin_list>
<pin id="247" dir="0" index="0" bw="0" slack="0"/>
<pin id="248" dir="0" index="1" bw="32" slack="0"/>
<pin id="249" dir="0" index="2" bw="32" slack="0"/>
<pin id="250" dir="1" index="3" bw="0" slack="2147483647"/>
</pin_list>
<bind>
<opcode="write(1151) " fcode="write"/>
<opset="StgValue_23/1 "/>
</bind>
</comp>

<comp id="254" class="1004" name="StgValue_25_write_fu_254">
<pin_list>
<pin id="255" dir="0" index="0" bw="0" slack="0"/>
<pin id="256" dir="0" index="1" bw="32" slack="0"/>
<pin id="257" dir="0" index="2" bw="32" slack="0"/>
<pin id="258" dir="1" index="3" bw="0" slack="2147483647"/>
</pin_list>
<bind>
<opcode="write(1151) " fcode="write"/>
<opset="StgValue_25/1 "/>
</bind>
</comp>

<comp id="262" class="1004" name="StgValue_27_write_fu_262">
<pin_list>
<pin id="263" dir="0" index="0" bw="0" slack="0"/>
<pin id="264" dir="0" index="1" bw="32" slack="0"/>
<pin id="265" dir="0" index="2" bw="32" slack="0"/>
<pin id="266" dir="1" index="3" bw="0" slack="2147483647"/>
</pin_list>
<bind>
<opcode="write(1151) " fcode="write"/>
<opset="StgValue_27/1 "/>
</bind>
</comp>

<comp id="270" class="1004" name="StgValue_28_write_fu_270">
<pin_list>
<pin id="271" dir="0" index="0" bw="0" slack="0"/>
<pin id="272" dir="0" index="1" bw="32" slack="0"/>
<pin id="273" dir="0" index="2" bw="32" slack="0"/>
<pin id="274" dir="1" index="3" bw="0" slack="2147483647"/>
</pin_list>
<bind>
<opcode="write(1151) " fcode="write"/>
<opset="StgValue_28/1 "/>
</bind>
</comp>

<comp id="278" class="1004" name="StgValue_29_write_fu_278">
<pin_list>
<pin id="279" dir="0" index="0" bw="0" slack="0"/>
<pin id="280" dir="0" index="1" bw="32" slack="0"/>
<pin id="281" dir="0" index="2" bw="32" slack="0"/>
<pin id="282" dir="1" index="3" bw="0" slack="2147483647"/>
</pin_list>
<bind>
<opcode="write(1151) " fcode="write"/>
<opset="StgValue_29/1 "/>
</bind>
</comp>

<comp id="286" class="1004" name="mrv_fu_286">
<pin_list>
<pin id="287" dir="0" index="0" bw="64" slack="0"/>
<pin id="288" dir="0" index="1" bw="32" slack="0"/>
<pin id="289" dir="1" index="2" bw="64" slack="0"/>
</pin_list>
<bind>
<opcode="insertvalue(57) " fcode="insertvalue"/>
<opset="mrv/1 "/>
</bind>
</comp>

<comp id="292" class="1004" name="mrv_1_fu_292">
<pin_list>
<pin id="293" dir="0" index="0" bw="64" slack="0"/>
<pin id="294" dir="0" index="1" bw="32" slack="0"/>
<pin id="295" dir="1" index="2" bw="64" slack="2147483647"/>
</pin_list>
<bind>
<opcode="insertvalue(57) " fcode="insertvalue"/>
<opset="mrv_1/1 "/>
</bind>
</comp>

</comp_list>

<net_list>
<net id="162"><net_src comp="82" pin="0"/><net_sink comp="158" pin=0"/></net>

<net id="163"><net_src comp="14" pin="0"/><net_sink comp="158" pin=1"/></net>

<net id="168"><net_src comp="82" pin="0"/><net_sink comp="164" pin=0"/></net>

<net id="169"><net_src comp="12" pin="0"/><net_sink comp="164" pin=1"/></net>

<net id="174"><net_src comp="82" pin="0"/><net_sink comp="170" pin=0"/></net>

<net id="175"><net_src comp="10" pin="0"/><net_sink comp="170" pin=1"/></net>

<net id="180"><net_src comp="82" pin="0"/><net_sink comp="176" pin=0"/></net>

<net id="181"><net_src comp="8" pin="0"/><net_sink comp="176" pin=1"/></net>

<net id="186"><net_src comp="82" pin="0"/><net_sink comp="182" pin=0"/></net>

<net id="187"><net_src comp="6" pin="0"/><net_sink comp="182" pin=1"/></net>

<net id="192"><net_src comp="82" pin="0"/><net_sink comp="188" pin=0"/></net>

<net id="193"><net_src comp="4" pin="0"/><net_sink comp="188" pin=1"/></net>

<net id="198"><net_src comp="82" pin="0"/><net_sink comp="194" pin=0"/></net>

<net id="199"><net_src comp="2" pin="0"/><net_sink comp="194" pin=1"/></net>

<net id="204"><net_src comp="82" pin="0"/><net_sink comp="200" pin=0"/></net>

<net id="205"><net_src comp="0" pin="0"/><net_sink comp="200" pin=1"/></net>

<net id="211"><net_src comp="84" pin="0"/><net_sink comp="206" pin=0"/></net>

<net id="212"><net_src comp="16" pin="0"/><net_sink comp="206" pin=1"/></net>

<net id="213"><net_src comp="200" pin="2"/><net_sink comp="206" pin=2"/></net>

<net id="219"><net_src comp="84" pin="0"/><net_sink comp="214" pin=0"/></net>

<net id="220"><net_src comp="18" pin="0"/><net_sink comp="214" pin=1"/></net>

<net id="221"><net_src comp="194" pin="2"/><net_sink comp="214" pin=2"/></net>

<net id="227"><net_src comp="84" pin="0"/><net_sink comp="222" pin=0"/></net>

<net id="228"><net_src comp="24" pin="0"/><net_sink comp="222" pin=1"/></net>

<net id="229"><net_src comp="188" pin="2"/><net_sink comp="222" pin=2"/></net>

<net id="235"><net_src comp="84" pin="0"/><net_sink comp="230" pin=0"/></net>

<net id="236"><net_src comp="26" pin="0"/><net_sink comp="230" pin=1"/></net>

<net id="237"><net_src comp="182" pin="2"/><net_sink comp="230" pin=2"/></net>

<net id="243"><net_src comp="84" pin="0"/><net_sink comp="238" pin=0"/></net>

<net id="244"><net_src comp="28" pin="0"/><net_sink comp="238" pin=1"/></net>

<net id="245"><net_src comp="176" pin="2"/><net_sink comp="238" pin=2"/></net>

<net id="251"><net_src comp="84" pin="0"/><net_sink comp="246" pin=0"/></net>

<net id="252"><net_src comp="30" pin="0"/><net_sink comp="246" pin=1"/></net>

<net id="253"><net_src comp="170" pin="2"/><net_sink comp="246" pin=2"/></net>

<net id="259"><net_src comp="84" pin="0"/><net_sink comp="254" pin=0"/></net>

<net id="260"><net_src comp="32" pin="0"/><net_sink comp="254" pin=1"/></net>

<net id="261"><net_src comp="164" pin="2"/><net_sink comp="254" pin=2"/></net>

<net id="267"><net_src comp="84" pin="0"/><net_sink comp="262" pin=0"/></net>

<net id="268"><net_src comp="34" pin="0"/><net_sink comp="262" pin=1"/></net>

<net id="269"><net_src comp="158" pin="2"/><net_sink comp="262" pin=2"/></net>

<net id="275"><net_src comp="84" pin="0"/><net_sink comp="270" pin=0"/></net>

<net id="276"><net_src comp="20" pin="0"/><net_sink comp="270" pin=1"/></net>

<net id="277"><net_src comp="200" pin="2"/><net_sink comp="270" pin=2"/></net>

<net id="283"><net_src comp="84" pin="0"/><net_sink comp="278" pin=0"/></net>

<net id="284"><net_src comp="22" pin="0"/><net_sink comp="278" pin=1"/></net>

<net id="285"><net_src comp="194" pin="2"/><net_sink comp="278" pin=2"/></net>

<net id="290"><net_src comp="156" pin="0"/><net_sink comp="286" pin=0"/></net>

<net id="291"><net_src comp="200" pin="2"/><net_sink comp="286" pin=1"/></net>

<net id="296"><net_src comp="286" pin="2"/><net_sink comp="292" pin=0"/></net>

<net id="297"><net_src comp="194" pin="2"/><net_sink comp="292" pin=1"/></net>

</net_list>

</model> 
---------------- Datapath Model END ------------------

* FSMD analyzer results:
  - Output states:
	Port: rows_out | {1 }
	Port: cols_out | {1 }
	Port: img_1_rows_V_out | {1 }
	Port: img_1_cols_V_out | {1 }
	Port: r_low_out | {1 }
	Port: r_up_out | {1 }
	Port: g_low_out | {1 }
	Port: g_up_out | {1 }
	Port: b_low_out | {1 }
	Port: b_up_out | {1 }
 - Input state : 
	Port: Block_Mat.exit45_pro : rows | {1 }
	Port: Block_Mat.exit45_pro : cols | {1 }
	Port: Block_Mat.exit45_pro : r_low | {1 }
	Port: Block_Mat.exit45_pro : r_up | {1 }
	Port: Block_Mat.exit45_pro : g_low | {1 }
	Port: Block_Mat.exit45_pro : g_up | {1 }
	Port: Block_Mat.exit45_pro : b_low | {1 }
	Port: Block_Mat.exit45_pro : b_up | {1 }
  - Chain level:
	State 1
		mrv_1 : 1
		StgValue_32 : 2


============================================================
+ Verbose Summary: Datapath Resource usage 
============================================================

* Functional unit list:
|----------|--------------------------|
| Operation|      Functional Unit     |
|----------|--------------------------|
|          |   b_up_read_read_fu_158  |
|          |  b_low_read_read_fu_164  |
|          |   g_up_read_read_fu_170  |
|   read   |  g_low_read_read_fu_176  |
|          |   r_up_read_read_fu_182  |
|          |  r_low_read_read_fu_188  |
|          |   cols_read_read_fu_194  |
|          |   rows_read_read_fu_200  |
|----------|--------------------------|
|          | StgValue_13_write_fu_206 |
|          | StgValue_15_write_fu_214 |
|          | StgValue_17_write_fu_222 |
|          | StgValue_19_write_fu_230 |
|   write  | StgValue_21_write_fu_238 |
|          | StgValue_23_write_fu_246 |
|          | StgValue_25_write_fu_254 |
|          | StgValue_27_write_fu_262 |
|          | StgValue_28_write_fu_270 |
|          | StgValue_29_write_fu_278 |
|----------|--------------------------|
|insertvalue|        mrv_fu_286        |
|          |       mrv_1_fu_292       |
|----------|--------------------------|
|   Total  |                          |
|----------|--------------------------|

Memories:
N/A

* Register list:
N/A

* Multiplexer (MUX) list: 
|--------|------|------|------|--------|
|  Comp  |  Pin | Size |  BW  | S x BW |
|--------|------|------|------|--------|
|  Total |      |      |      |    0   |
|--------|------|------|------|--------|



* Summary:
+-----------+
|           |
+-----------+
|  Function |
|   Memory  |
|Multiplexer|
|  Register |
+-----------+
|   Total   |
+-----------+
