Copyright 1986-2018 Xilinx, Inc. All Rights Reserved.
------------------------------------------------------------------------------------
| Tool Version : Vivado v.2018.3 (win64) Build 2405991 Thu Dec  6 23:38:27 MST 2018
| Date         : Thu Mar 23 09:48:53 2023
| Host         : DESKTOP-JBG5AVV running 64-bit major release  (build 9200)
| Command      : upgrade_ip
| Device       : xc7z020clg400-2
------------------------------------------------------------------------------------

Upgrade Log for IP 'design_1_fire_0_0'

1. Summary
----------

SUCCESS in the upgrade of design_1_fire_0_0 (xilinx.com:hls:fire:1.0) from (Rev. 2112955164) to (Rev. 2112955188)






Copyright 1986-2018 Xilinx, Inc. All Rights Reserved.
------------------------------------------------------------------------------------
| Tool Version : Vivado v.2018.3 (win64) Build 2405991 Thu Dec  6 23:38:27 MST 2018
| Date         : Thu Mar 23 09:25:43 2023
| Host         : DESKTOP-JBG5AVV running 64-bit major release  (build 9200)
| Command      : upgrade_ip
| Device       : xc7z020clg400-2
------------------------------------------------------------------------------------

Upgrade Log for IP 'design_1_fire_0_0'

1. Summary
----------

SUCCESS in the upgrade of design_1_fire_0_0 (xilinx.com:hls:fire:1.0) from (Rev. 2112955121) to (Rev. 2112955164)






Copyright 1986-2018 Xilinx, Inc. All Rights Reserved.
------------------------------------------------------------------------------------
| Tool Version : Vivado v.2018.3 (win64) Build 2405991 Thu Dec  6 23:38:27 MST 2018
| Date         : Thu Mar 23 08:42:56 2023
| Host         : DESKTOP-JBG5AVV running 64-bit major release  (build 9200)
| Command      : upgrade_ip
| Device       : xc7z020clg400-2
------------------------------------------------------------------------------------

Upgrade Log for IP 'design_1_fire_0_0'

1. Summary
----------

SUCCESS in the upgrade of design_1_fire_0_0 (xilinx.com:hls:fire:1.0) from (Rev. 2112954195) to (Rev. 2112955121)

