

================================================================
== Vivado HLS Report for 'hls_fire_dection'
================================================================
* Date:           Fri Mar 31 12:32:12 2023

* Version:        2018.3 (Build 2405991 on Thu Dec 06 23:56:15 MST 2018)
* Project:        skin_hls
* Solution:       solution1
* Product family: zynq
* Target device:  xc7z020clg400-2


================================================================
== Performance Estimates
================================================================
+ Timing (ns): 
    * Summary: 
    +--------+-------+----------+------------+
    |  Clock | Target| Estimated| Uncertainty|
    +--------+-------+----------+------------+
    |ap_clk  |  10.00|    10.400|        1.25|
    +--------+-------+----------+------------+

+ Latency (clock cycles): 
    * Summary: 
    +-----+-----+-----+-----+---------+
    |  Latency  |  Interval | Pipeline|
    | min | max | min | max |   Type  |
    +-----+-----+-----+-----+---------+
    |    ?|    ?|    ?|    ?|   none  |
    +-----+-----+-----+-----+---------+

    + Detail: 
        * Instance: 
        N/A

        * Loop: 
        +--------------+-----+-----+----------+-----------+-----------+------+----------+
        |              |  Latency  | Iteration|  Initiation Interval  | Trip |          |
        |   Loop Name  | min | max |  Latency |  achieved |   target  | Count| Pipelined|
        +--------------+-----+-----+----------+-----------+-----------+------+----------+
        |- LOOp_ROWS   |    ?|    ?|         ?|          -|          -|     ?|    no    |
        | + LOOp_COLS  |    ?|    ?|         3|          -|          -|     ?|    no    |
        +--------------+-----+-----+----------+-----------+-----------+------+----------+



================================================================
== Utilization Estimates
================================================================
* Summary: 
+-----------------+---------+-------+--------+-------+
|       Name      | BRAM_18K| DSP48E|   FF   |  LUT  |
+-----------------+---------+-------+--------+-------+
|DSP              |        -|      6|       -|      -|
|Expression       |        -|      0|       0|    261|
|FIFO             |        -|      -|       -|      -|
|Instance         |        -|      -|       -|      -|
|Memory           |        -|      -|       -|      -|
|Multiplexer      |        -|      -|       -|     55|
|Register         |        -|      -|     436|      -|
+-----------------+---------+-------+--------+-------+
|Total            |        0|      6|     436|    316|
+-----------------+---------+-------+--------+-------+
|Available        |      280|    220|  106400|  53200|
+-----------------+---------+-------+--------+-------+
|Utilization (%)  |        0|      2|   ~0   |   ~0  |
+-----------------+---------+-------+--------+-------+

+ Detail: 
    * Instance: 
    N/A

    * DSP48: 
    +--------------------------+----------------------+--------------+
    |         Instance         |        Module        |  Expression  |
    +--------------------------+----------------------+--------------+
    |fire_mac_muladd_8bkb_U31  |fire_mac_muladd_8bkb  | i0 * i1 + i2 |
    |fire_mac_muladd_8cud_U32  |fire_mac_muladd_8cud  | i0 * i1 + i2 |
    |fire_mac_muladd_8dEe_U33  |fire_mac_muladd_8dEe  | i0 + i1 * i2 |
    |fire_mac_muladd_8eOg_U34  |fire_mac_muladd_8eOg  | i0 * i1 + i2 |
    |fire_mac_muladd_8eOg_U35  |fire_mac_muladd_8eOg  | i0 * i1 + i2 |
    |fire_mac_muladd_8fYi_U36  |fire_mac_muladd_8fYi  | i0 * i1 + i2 |
    +--------------------------+----------------------+--------------+

    * Memory: 
    N/A

    * FIFO: 
    N/A

    * Expression: 
    +-------------------------+----------+-------+---+----+------------+------------+
    |      Variable Name      | Operation| DSP48E| FF| LUT| Bitwidth P0| Bitwidth P1|
    +-------------------------+----------+-------+---+----+------------+------------+
    |tmp_7_i_fu_403_p2        |     *    |      0|  0|  41|           8|           8|
    |col_fu_385_p2            |     +    |      0|  0|  31|          31|           1|
    |row_fu_370_p2            |     +    |      0|  0|  31|          31|           1|
    |or_cond7_i_fu_561_p2     |    and   |      0|  0|   1|           1|           1|
    |tmp_1_i_fu_380_p2        |   icmp   |      0|  0|  12|          32|          32|
    |tmp_25_i_fu_413_p2       |   icmp   |      0|  0|  12|          32|          32|
    |tmp_26_i_fu_418_p2       |   icmp   |      0|  0|  12|          32|          32|
    |tmp_29_i_fu_423_p2       |   icmp   |      0|  0|  12|          32|          32|
    |tmp_30_i_fu_428_p2       |   icmp   |      0|  0|  12|          32|          32|
    |tmp_31_i_fu_433_p2       |   icmp   |      0|  0|  12|          32|          32|
    |tmp_32_i_fu_438_p2       |   icmp   |      0|  0|  12|          32|          32|
    |tmp_33_i_fu_549_p2       |   icmp   |      0|  0|   4|           8|           8|
    |tmp_34_i_fu_555_p2       |   icmp   |      0|  0|   4|           8|           8|
    |tmp_i_fu_365_p2          |   icmp   |      0|  0|  12|          32|          32|
    |ap_block_state1          |    or    |      0|  0|   1|           1|           1|
    |ap_block_state3          |    or    |      0|  0|   1|           1|           1|
    |ap_block_state5          |    or    |      0|  0|   1|           1|           1|
    |brmerge_i_fu_565_p2      |    or    |      0|  0|   1|           1|           1|
    |sel_tmp1_fu_467_p2       |    or    |      0|  0|   1|           1|           1|
    |tmp6_fu_449_p2           |    or    |      0|  0|   1|           1|           1|
    |tmp7_fu_443_p2           |    or    |      0|  0|   1|           1|           1|
    |tmp8_fu_461_p2           |    or    |      0|  0|   1|           1|           1|
    |tmp9_fu_455_p2           |    or    |      0|  0|   1|           1|           1|
    |dst_data_stream_0_V_din  |  select  |      0|  0|   8|           1|           2|
    |dst_data_stream_1_V_din  |  select  |      0|  0|   8|           1|           1|
    |dst_data_stream_2_V_din  |  select  |      0|  0|   8|           1|           1|
    |cb_fu_517_p2             |    xor   |      0|  0|   9|           8|           9|
    |cr_fu_543_p2             |    xor   |      0|  0|   9|           8|           9|
    |not_sel_tmp1_fu_473_p2   |    xor   |      0|  0|   2|           1|           2|
    +-------------------------+----------+-------+---+----+------------+------------+
    |Total                    |          |      0|  0| 261|         372|         316|
    +-------------------------+----------+-------+---+----+------------+------------+

    * Multiplexer: 
    +---------------------------+----+-----------+-----+-----------+
    |            Name           | LUT| Input Size| Bits| Total Bits|
    +---------------------------+----+-----------+-----+-----------+
    |ap_NS_fsm                  |   4|          6|    1|          6|
    |ap_done                    |   3|          2|    1|          2|
    |b_low_blk_n                |   3|          2|    1|          2|
    |b_up_blk_n                 |   3|          2|    1|          2|
    |col_i_reg_350              |   3|          2|   31|         62|
    |cols_blk_n                 |   3|          2|    1|          2|
    |dst_data_stream_0_V_blk_n  |   3|          2|    1|          2|
    |dst_data_stream_1_V_blk_n  |   3|          2|    1|          2|
    |dst_data_stream_2_V_blk_n  |   3|          2|    1|          2|
    |g_low_blk_n                |   3|          2|    1|          2|
    |g_up_blk_n                 |   3|          2|    1|          2|
    |r_low_blk_n                |   3|          2|    1|          2|
    |r_up_blk_n                 |   3|          2|    1|          2|
    |row_i_reg_339              |   3|          2|   31|         62|
    |rows_blk_n                 |   3|          2|    1|          2|
    |src_data_stream_0_V_blk_n  |   3|          2|    1|          2|
    |src_data_stream_1_V_blk_n  |   3|          2|    1|          2|
    |src_data_stream_2_V_blk_n  |   3|          2|    1|          2|
    +---------------------------+----+-----------+-----+-----------+
    |Total                      |  55|         40|   78|        160|
    +---------------------------+----+-----------+-----+-----------+

    * Register: 
    +------------------------+----+----+-----+-----------+
    |          Name          | FF | LUT| Bits| Const Bits|
    +------------------------+----+----+-----+-----------+
    |ap_CS_fsm               |   5|   0|    5|          0|
    |ap_done_reg             |   1|   0|    1|          0|
    |b_low_read_reg_672      |  32|   0|   32|          0|
    |b_up_read_reg_677       |  32|   0|   32|          0|
    |col_i_reg_350           |  31|   0|   31|          0|
    |col_reg_693             |  31|   0|   31|          0|
    |cols_read_reg_647       |  32|   0|   32|          0|
    |g_low_read_reg_662      |  32|   0|   32|          0|
    |g_up_read_reg_667       |  32|   0|   32|          0|
    |not_sel_tmp1_reg_729    |   1|   0|    1|          0|
    |r_low_read_reg_652      |  32|   0|   32|          0|
    |r_up_read_reg_657       |  32|   0|   32|          0|
    |row_i_reg_339           |  31|   0|   31|          0|
    |row_reg_685             |  31|   0|   31|          0|
    |rows_read_reg_642       |  32|   0|   32|          0|
    |tmp_33_i_reg_734        |   1|   0|    1|          0|
    |tmp_34_i_reg_739        |   1|   0|    1|          0|
    |tmp_3_reg_698           |   8|   0|    8|          0|
    |tmp_4_reg_703           |   8|   0|    8|          0|
    |tmp_5_reg_710           |   8|   0|    8|          0|
    |tmp_6_cast65_i_reg_718  |   8|   0|   16|          8|
    |tmp_7_i_reg_724         |  15|   0|   16|          1|
    +------------------------+----+----+-----+-----------+
    |Total                   | 436|   0|  445|          9|
    +------------------------+----+----+-----+-----------+



================================================================
== Interface
================================================================
* Summary: 
+-----------------------------+-----+-----+------------+---------------------+--------------+
|          RTL Ports          | Dir | Bits|  Protocol  |    Source Object    |    C Type    |
+-----------------------------+-----+-----+------------+---------------------+--------------+
|ap_clk                       |  in |    1| ap_ctrl_hs |   hls_fire_dection  | return value |
|ap_rst                       |  in |    1| ap_ctrl_hs |   hls_fire_dection  | return value |
|ap_start                     |  in |    1| ap_ctrl_hs |   hls_fire_dection  | return value |
|ap_done                      | out |    1| ap_ctrl_hs |   hls_fire_dection  | return value |
|ap_continue                  |  in |    1| ap_ctrl_hs |   hls_fire_dection  | return value |
|ap_idle                      | out |    1| ap_ctrl_hs |   hls_fire_dection  | return value |
|ap_ready                     | out |    1| ap_ctrl_hs |   hls_fire_dection  | return value |
|src_data_stream_0_V_dout     |  in |    8|   ap_fifo  | src_data_stream_0_V |    pointer   |
|src_data_stream_0_V_empty_n  |  in |    1|   ap_fifo  | src_data_stream_0_V |    pointer   |
|src_data_stream_0_V_read     | out |    1|   ap_fifo  | src_data_stream_0_V |    pointer   |
|src_data_stream_1_V_dout     |  in |    8|   ap_fifo  | src_data_stream_1_V |    pointer   |
|src_data_stream_1_V_empty_n  |  in |    1|   ap_fifo  | src_data_stream_1_V |    pointer   |
|src_data_stream_1_V_read     | out |    1|   ap_fifo  | src_data_stream_1_V |    pointer   |
|src_data_stream_2_V_dout     |  in |    8|   ap_fifo  | src_data_stream_2_V |    pointer   |
|src_data_stream_2_V_empty_n  |  in |    1|   ap_fifo  | src_data_stream_2_V |    pointer   |
|src_data_stream_2_V_read     | out |    1|   ap_fifo  | src_data_stream_2_V |    pointer   |
|dst_data_stream_0_V_din      | out |    8|   ap_fifo  | dst_data_stream_0_V |    pointer   |
|dst_data_stream_0_V_full_n   |  in |    1|   ap_fifo  | dst_data_stream_0_V |    pointer   |
|dst_data_stream_0_V_write    | out |    1|   ap_fifo  | dst_data_stream_0_V |    pointer   |
|dst_data_stream_1_V_din      | out |    8|   ap_fifo  | dst_data_stream_1_V |    pointer   |
|dst_data_stream_1_V_full_n   |  in |    1|   ap_fifo  | dst_data_stream_1_V |    pointer   |
|dst_data_stream_1_V_write    | out |    1|   ap_fifo  | dst_data_stream_1_V |    pointer   |
|dst_data_stream_2_V_din      | out |    8|   ap_fifo  | dst_data_stream_2_V |    pointer   |
|dst_data_stream_2_V_full_n   |  in |    1|   ap_fifo  | dst_data_stream_2_V |    pointer   |
|dst_data_stream_2_V_write    | out |    1|   ap_fifo  | dst_data_stream_2_V |    pointer   |
|rows_dout                    |  in |   32|   ap_fifo  |         rows        |    pointer   |
|rows_empty_n                 |  in |    1|   ap_fifo  |         rows        |    pointer   |
|rows_read                    | out |    1|   ap_fifo  |         rows        |    pointer   |
|cols_dout                    |  in |   32|   ap_fifo  |         cols        |    pointer   |
|cols_empty_n                 |  in |    1|   ap_fifo  |         cols        |    pointer   |
|cols_read                    | out |    1|   ap_fifo  |         cols        |    pointer   |
|r_low_dout                   |  in |   32|   ap_fifo  |        r_low        |    pointer   |
|r_low_empty_n                |  in |    1|   ap_fifo  |        r_low        |    pointer   |
|r_low_read                   | out |    1|   ap_fifo  |        r_low        |    pointer   |
|r_up_dout                    |  in |   32|   ap_fifo  |         r_up        |    pointer   |
|r_up_empty_n                 |  in |    1|   ap_fifo  |         r_up        |    pointer   |
|r_up_read                    | out |    1|   ap_fifo  |         r_up        |    pointer   |
|g_low_dout                   |  in |   32|   ap_fifo  |        g_low        |    pointer   |
|g_low_empty_n                |  in |    1|   ap_fifo  |        g_low        |    pointer   |
|g_low_read                   | out |    1|   ap_fifo  |        g_low        |    pointer   |
|g_up_dout                    |  in |   32|   ap_fifo  |         g_up        |    pointer   |
|g_up_empty_n                 |  in |    1|   ap_fifo  |         g_up        |    pointer   |
|g_up_read                    | out |    1|   ap_fifo  |         g_up        |    pointer   |
|b_low_dout                   |  in |   32|   ap_fifo  |        b_low        |    pointer   |
|b_low_empty_n                |  in |    1|   ap_fifo  |        b_low        |    pointer   |
|b_low_read                   | out |    1|   ap_fifo  |        b_low        |    pointer   |
|b_up_dout                    |  in |   32|   ap_fifo  |         b_up        |    pointer   |
|b_up_empty_n                 |  in |    1|   ap_fifo  |         b_up        |    pointer   |
|b_up_read                    | out |    1|   ap_fifo  |         b_up        |    pointer   |
+-----------------------------+-----+-----+------------+---------------------+--------------+

