

================================================================
== Vivado HLS Report for 'Mat2AXIvideo'
================================================================
* Date:           Fri Mar 31 12:32:12 2023

* Version:        2018.3 (Build 2405991 on Thu Dec 06 23:56:15 MST 2018)
* Project:        skin_hls
* Solution:       solution1
* Product family: zynq
* Target device:  xc7z020clg400-2


================================================================
== Performance Estimates
================================================================
+ Timing (ns): 
    * Summary: 
    +--------+-------+----------+------------+
    |  Clock | Target| Estimated| Uncertainty|
    +--------+-------+----------+------------+
    |ap_clk  |  10.00|     5.297|        1.25|
    +--------+-------+----------+------------+

+ Latency (clock cycles): 
    * Summary: 
    +-----+---------+-----+---------+---------+
    |    Latency    |    Interval   | Pipeline|
    | min |   max   | min |   max   |   Type  |
    +-----+---------+-----+---------+---------+
    |    1|  2077921|    1|  2077921|   none  |
    +-----+---------+-----+---------+---------+

    + Detail: 
        * Instance: 
        N/A

        * Loop: 
        +---------------+-----+---------+----------+-----------+-----------+----------+----------+
        |               |    Latency    | Iteration|  Initiation Interval  |   Trip   |          |
        |   Loop Name   | min |   max   |  Latency |  achieved |   target  |   Count  | Pipelined|
        +---------------+-----+---------+----------+-----------+-----------+----------+----------+
        |- loop_height  |    0|  2077920| 3 ~ 1924 |          -|          -| 0 ~ 1080 |    no    |
        | + loop_width  |    0|     1921|         3|          1|          1| 0 ~ 1920 |    yes   |
        +---------------+-----+---------+----------+-----------+-----------+----------+----------+



================================================================
== Utilization Estimates
================================================================
* Summary: 
+-----------------+---------+-------+--------+-------+
|       Name      | BRAM_18K| DSP48E|   FF   |  LUT  |
+-----------------+---------+-------+--------+-------+
|DSP              |        -|      -|       -|      -|
|Expression       |        -|      -|       0|    156|
|FIFO             |        -|      -|       -|      -|
|Instance         |        -|      -|       -|      -|
|Memory           |        -|      -|       -|      -|
|Multiplexer      |        -|      -|       -|     67|
|Register         |        -|      -|     281|      -|
+-----------------+---------+-------+--------+-------+
|Total            |        0|      0|     281|    223|
+-----------------+---------+-------+--------+-------+
|Available        |      280|    220|  106400|  53200|
+-----------------+---------+-------+--------+-------+
|Utilization (%)  |        0|      0|   ~0   |   ~0  |
+-----------------+---------+-------+--------+-------+

+ Detail: 
    * Instance: 
    N/A

    * DSP48: 
    N/A

    * Memory: 
    N/A

    * FIFO: 
    N/A

    * Expression: 
    +------------------------------------------+----------+-------+---+----+------------+------------+
    |               Variable Name              | Operation| DSP48E| FF| LUT| Bitwidth P0| Bitwidth P1|
    +------------------------------------------+----------+-------+---+----+------------+------------+
    |i_V_fu_249_p2                             |     +    |      0|  0|  32|          32|           1|
    |j_V_fu_260_p2                             |     +    |      0|  0|  32|          32|           1|
    |ret_V_fu_233_p2                           |     +    |      0|  0|  33|          33|           2|
    |AXI_video_strm_V_data_V_1_load_A          |    and   |      0|  0|   1|           1|           1|
    |AXI_video_strm_V_data_V_1_load_B          |    and   |      0|  0|   1|           1|           1|
    |AXI_video_strm_V_last_V_1_load_A          |    and   |      0|  0|   1|           1|           1|
    |AXI_video_strm_V_last_V_1_load_B          |    and   |      0|  0|   1|           1|           1|
    |AXI_video_strm_V_user_V_1_load_A          |    and   |      0|  0|   1|           1|           1|
    |AXI_video_strm_V_user_V_1_load_B          |    and   |      0|  0|   1|           1|           1|
    |ap_block_pp0_stage0_01001                 |    and   |      0|  0|   1|           1|           1|
    |ap_block_state4_io                        |    and   |      0|  0|   1|           1|           1|
    |ap_block_state5_io                        |    and   |      0|  0|   1|           1|           1|
    |AXI_video_strm_V_data_V_1_state_cmp_full  |   icmp   |      0|  0|   1|           2|           1|
    |AXI_video_strm_V_last_V_1_state_cmp_full  |   icmp   |      0|  0|   1|           2|           1|
    |AXI_video_strm_V_user_V_1_state_cmp_full  |   icmp   |      0|  0|   1|           2|           1|
    |axi_last_V_fu_270_p2                      |   icmp   |      0|  0|  15|          33|          33|
    |exitcond1_i_fu_244_p2                     |   icmp   |      0|  0|  12|          32|          32|
    |exitcond_i_fu_255_p2                      |   icmp   |      0|  0|  12|          32|          32|
    |ap_block_pp0_stage0_11001                 |    or    |      0|  0|   1|           1|           1|
    |ap_block_state1                           |    or    |      0|  0|   1|           1|           1|
    |ap_block_state2                           |    or    |      0|  0|   1|           1|           1|
    |ap_block_state4_pp0_stage0_iter1          |    or    |      0|  0|   1|           1|           1|
    |ap_enable_pp0                             |    xor   |      0|  0|   2|           1|           2|
    |ap_enable_reg_pp0_iter1                   |    xor   |      0|  0|   2|           2|           1|
    +------------------------------------------+----------+-------+---+----+------------+------------+
    |Total                                     |          |      0|  0| 156|         216|         120|
    +------------------------------------------+----------+-------+---+----+------------+------------+

    * Multiplexer: 
    +------------------------------------+----+-----------+-----+-----------+
    |                Name                | LUT| Input Size| Bits| Total Bits|
    +------------------------------------+----+-----------+-----+-----------+
    |AXI_video_strm_V_data_V_1_data_out  |   3|          2|   24|         48|
    |AXI_video_strm_V_data_V_1_state     |   3|          3|    2|          6|
    |AXI_video_strm_V_dest_V_1_state     |   3|          3|    2|          6|
    |AXI_video_strm_V_id_V_1_state       |   3|          3|    2|          6|
    |AXI_video_strm_V_keep_V_1_state     |   3|          3|    2|          6|
    |AXI_video_strm_V_last_V_1_data_out  |   3|          2|    1|          2|
    |AXI_video_strm_V_last_V_1_state     |   3|          3|    2|          6|
    |AXI_video_strm_V_strb_V_1_state     |   3|          3|    2|          6|
    |AXI_video_strm_V_user_V_1_data_out  |   3|          2|    1|          2|
    |AXI_video_strm_V_user_V_1_state     |   3|          3|    2|          6|
    |ap_NS_fsm                           |   4|          5|    1|          5|
    |ap_done                             |   3|          2|    1|          2|
    |ap_enable_reg_pp0_iter1             |   3|          2|    1|          2|
    |ap_enable_reg_pp0_iter2             |   3|          2|    1|          2|
    |img_cols_V_blk_n                    |   3|          2|    1|          2|
    |img_data_stream_0_V_blk_n           |   3|          2|    1|          2|
    |img_data_stream_1_V_blk_n           |   3|          2|    1|          2|
    |img_data_stream_2_V_blk_n           |   3|          2|    1|          2|
    |img_rows_V_blk_n                    |   3|          2|    1|          2|
    |output_r_TDATA_blk_n                |   3|          2|    1|          2|
    |t_V_1_reg_218                       |   3|          2|   32|         64|
    |t_V_reg_207                         |   3|          2|   32|         64|
    +------------------------------------+----+-----------+-----+-----------+
    |Total                               |  67|         54|  114|        245|
    +------------------------------------+----+-----------+-----+-----------+

    * Register: 
    +-------------------------------------+----+----+-----+-----------+
    |                 Name                | FF | LUT| Bits| Const Bits|
    +-------------------------------------+----+----+-----+-----------+
    |AXI_video_strm_V_data_V_1_payload_A  |  24|   0|   24|          0|
    |AXI_video_strm_V_data_V_1_payload_B  |  24|   0|   24|          0|
    |AXI_video_strm_V_data_V_1_sel_rd     |   1|   0|    1|          0|
    |AXI_video_strm_V_data_V_1_sel_wr     |   1|   0|    1|          0|
    |AXI_video_strm_V_data_V_1_state      |   2|   0|    2|          0|
    |AXI_video_strm_V_dest_V_1_sel_rd     |   1|   0|    1|          0|
    |AXI_video_strm_V_dest_V_1_state      |   2|   0|    2|          0|
    |AXI_video_strm_V_id_V_1_sel_rd       |   1|   0|    1|          0|
    |AXI_video_strm_V_id_V_1_state        |   2|   0|    2|          0|
    |AXI_video_strm_V_keep_V_1_sel_rd     |   1|   0|    1|          0|
    |AXI_video_strm_V_keep_V_1_state      |   2|   0|    2|          0|
    |AXI_video_strm_V_last_V_1_payload_A  |   1|   0|    1|          0|
    |AXI_video_strm_V_last_V_1_payload_B  |   1|   0|    1|          0|
    |AXI_video_strm_V_last_V_1_sel_rd     |   1|   0|    1|          0|
    |AXI_video_strm_V_last_V_1_sel_wr     |   1|   0|    1|          0|
    |AXI_video_strm_V_last_V_1_state      |   2|   0|    2|          0|
    |AXI_video_strm_V_strb_V_1_sel_rd     |   1|   0|    1|          0|
    |AXI_video_strm_V_strb_V_1_state      |   2|   0|    2|          0|
    |AXI_video_strm_V_user_V_1_payload_A  |   1|   0|    1|          0|
    |AXI_video_strm_V_user_V_1_payload_B  |   1|   0|    1|          0|
    |AXI_video_strm_V_user_V_1_sel_rd     |   1|   0|    1|          0|
    |AXI_video_strm_V_user_V_1_sel_wr     |   1|   0|    1|          0|
    |AXI_video_strm_V_user_V_1_state      |   2|   0|    2|          0|
    |ap_CS_fsm                            |   4|   0|    4|          0|
    |ap_done_reg                          |   1|   0|    1|          0|
    |ap_enable_reg_pp0_iter0              |   1|   0|    1|          0|
    |ap_enable_reg_pp0_iter1              |   1|   0|    1|          0|
    |ap_enable_reg_pp0_iter2              |   1|   0|    1|          0|
    |axi_last_V_reg_335                   |   1|   0|    1|          0|
    |cols_V_reg_307                       |  32|   0|   32|          0|
    |exitcond_i_reg_326                   |   1|   0|    1|          0|
    |exitcond_i_reg_326_pp0_iter1_reg     |   1|   0|    1|          0|
    |i_V_reg_321                          |  32|   0|   32|          0|
    |ret_V_reg_312                        |  33|   0|   33|          0|
    |rows_V_reg_302                       |  32|   0|   32|          0|
    |t_V_1_reg_218                        |  32|   0|   32|          0|
    |t_V_reg_207                          |  32|   0|   32|          0|
    |tmp_user_V_fu_144                    |   1|   0|    1|          0|
    +-------------------------------------+----+----+-----+-----------+
    |Total                                | 281|   0|  281|          0|
    +-------------------------------------+----+----+-----+-----------+



================================================================
== Interface
================================================================
* Summary: 
+-----------------------------+-----+-----+------------+-------------------------+--------------+
|          RTL Ports          | Dir | Bits|  Protocol  |      Source Object      |    C Type    |
+-----------------------------+-----+-----+------------+-------------------------+--------------+
|ap_clk                       |  in |    1| ap_ctrl_hs |       Mat2AXIvideo      | return value |
|ap_rst                       |  in |    1| ap_ctrl_hs |       Mat2AXIvideo      | return value |
|ap_start                     |  in |    1| ap_ctrl_hs |       Mat2AXIvideo      | return value |
|ap_done                      | out |    1| ap_ctrl_hs |       Mat2AXIvideo      | return value |
|ap_continue                  |  in |    1| ap_ctrl_hs |       Mat2AXIvideo      | return value |
|ap_idle                      | out |    1| ap_ctrl_hs |       Mat2AXIvideo      | return value |
|ap_ready                     | out |    1| ap_ctrl_hs |       Mat2AXIvideo      | return value |
|img_rows_V_dout              |  in |   32|   ap_fifo  |        img_rows_V       |    pointer   |
|img_rows_V_empty_n           |  in |    1|   ap_fifo  |        img_rows_V       |    pointer   |
|img_rows_V_read              | out |    1|   ap_fifo  |        img_rows_V       |    pointer   |
|img_cols_V_dout              |  in |   32|   ap_fifo  |        img_cols_V       |    pointer   |
|img_cols_V_empty_n           |  in |    1|   ap_fifo  |        img_cols_V       |    pointer   |
|img_cols_V_read              | out |    1|   ap_fifo  |        img_cols_V       |    pointer   |
|img_data_stream_0_V_dout     |  in |    8|   ap_fifo  |   img_data_stream_0_V   |    pointer   |
|img_data_stream_0_V_empty_n  |  in |    1|   ap_fifo  |   img_data_stream_0_V   |    pointer   |
|img_data_stream_0_V_read     | out |    1|   ap_fifo  |   img_data_stream_0_V   |    pointer   |
|img_data_stream_1_V_dout     |  in |    8|   ap_fifo  |   img_data_stream_1_V   |    pointer   |
|img_data_stream_1_V_empty_n  |  in |    1|   ap_fifo  |   img_data_stream_1_V   |    pointer   |
|img_data_stream_1_V_read     | out |    1|   ap_fifo  |   img_data_stream_1_V   |    pointer   |
|img_data_stream_2_V_dout     |  in |    8|   ap_fifo  |   img_data_stream_2_V   |    pointer   |
|img_data_stream_2_V_empty_n  |  in |    1|   ap_fifo  |   img_data_stream_2_V   |    pointer   |
|img_data_stream_2_V_read     | out |    1|   ap_fifo  |   img_data_stream_2_V   |    pointer   |
|output_r_TDATA               | out |   24|    axis    | AXI_video_strm_V_data_V |    pointer   |
|output_r_TREADY              |  in |    1|    axis    | AXI_video_strm_V_data_V |    pointer   |
|output_r_TVALID              | out |    1|    axis    | AXI_video_strm_V_dest_V |    pointer   |
|output_r_TDEST               | out |    1|    axis    | AXI_video_strm_V_dest_V |    pointer   |
|output_r_TKEEP               | out |    3|    axis    | AXI_video_strm_V_keep_V |    pointer   |
|output_r_TSTRB               | out |    3|    axis    | AXI_video_strm_V_strb_V |    pointer   |
|output_r_TUSER               | out |    1|    axis    | AXI_video_strm_V_user_V |    pointer   |
|output_r_TLAST               | out |    1|    axis    | AXI_video_strm_V_last_V |    pointer   |
|output_r_TID                 | out |    1|    axis    |  AXI_video_strm_V_id_V  |    pointer   |
+-----------------------------+-----+-----+------------+-------------------------+--------------+

