09:57:22 INFO  : Registering command handlers for SDK TCF services
09:57:22 INFO  : Launching XSCT server: xsct.bat -interactive C:\Users\Lucy\Desktop\zynq_ov5640_hdmi7020\zynq_ov5640_hdmi.sdk\temp_xsdb_launch_script.tcl
09:57:23 INFO  : XSCT server has started successfully.
09:57:23 INFO  : Successfully done setting XSCT server connection channel  
09:57:24 INFO  : Successfully done setting SDK workspace  
09:57:24 INFO  : Processing command line option -hwspec C:/Users/Lucy/Desktop/zynq_ov5640_hdmi7020/zynq_ov5640_hdmi.sdk/design_1_wrapper.hdf.
09:58:39 INFO  : Connected to target on host '127.0.0.1' and port '3121'.
09:58:40 INFO  : Jtag cable 'Digilent JTAG-SMT2 210251A08870' is selected.
09:58:40 INFO  : 'jtag frequency' command is executed.
09:58:40 INFO  : Sourcing of 'C:/Users/Lucy/Desktop/zynq_ov5640_hdmi7020/zynq_ov5640_hdmi.sdk/design_1_wrapper_hw_platform_0/ps7_init.tcl' is done.
09:58:40 INFO  : Context for 'APU' is selected.
09:58:40 INFO  : System reset is completed.
09:58:43 INFO  : 'after 3000' command is executed.
09:58:43 INFO  : 'targets -set -filter {jtag_cable_name =~ "Digilent JTAG-SMT2 210251A08870" && level==0} -index 1' command is executed.
09:58:45 INFO  : FPGA configured successfully with bitstream "C:/Users/Lucy/Desktop/zynq_ov5640_hdmi7020/zynq_ov5640_hdmi.sdk/design_1_wrapper_hw_platform_0/design_1_wrapper.bit"
09:58:45 INFO  : Context for 'APU' is selected.
09:58:45 INFO  : Hardware design information is loaded from 'C:/Users/Lucy/Desktop/zynq_ov5640_hdmi7020/zynq_ov5640_hdmi.sdk/design_1_wrapper_hw_platform_0/system.hdf'.
09:58:45 INFO  : 'configparams force-mem-access 1' command is executed.
09:58:45 INFO  : Context for 'APU' is selected.
09:58:46 INFO  : 'ps7_init' command is executed.
09:58:46 INFO  : 'ps7_post_config' command is executed.
09:58:46 INFO  : Context for processor 'ps7_cortexa9_0' is selected.
09:58:46 INFO  : The application 'C:/Users/Lucy/Desktop/zynq_ov5640_hdmi7020/zynq_ov5640_hdmi.sdk/test/Debug/test.elf' is downloaded to processor 'ps7_cortexa9_0'.
09:58:46 INFO  : 'configparams force-mem-access 0' command is executed.
09:58:46 INFO  : ----------------XSDB Script----------------
connect -url tcp:127.0.0.1:3121
source C:/Users/Lucy/Desktop/zynq_ov5640_hdmi7020/zynq_ov5640_hdmi.sdk/design_1_wrapper_hw_platform_0/ps7_init.tcl
targets -set -nocase -filter {name =~"APU*" && jtag_cable_name =~ "Digilent JTAG-SMT2 210251A08870"} -index 0
rst -system
after 3000
targets -set -filter {jtag_cable_name =~ "Digilent JTAG-SMT2 210251A08870" && level==0} -index 1
fpga -file C:/Users/Lucy/Desktop/zynq_ov5640_hdmi7020/zynq_ov5640_hdmi.sdk/design_1_wrapper_hw_platform_0/design_1_wrapper.bit
targets -set -nocase -filter {name =~"APU*" && jtag_cable_name =~ "Digilent JTAG-SMT2 210251A08870"} -index 0
loadhw -hw C:/Users/Lucy/Desktop/zynq_ov5640_hdmi7020/zynq_ov5640_hdmi.sdk/design_1_wrapper_hw_platform_0/system.hdf -mem-ranges [list {0x40000000 0xbfffffff}]
configparams force-mem-access 1
targets -set -nocase -filter {name =~"APU*" && jtag_cable_name =~ "Digilent JTAG-SMT2 210251A08870"} -index 0
ps7_init
ps7_post_config
targets -set -nocase -filter {name =~ "ARM*#0" && jtag_cable_name =~ "Digilent JTAG-SMT2 210251A08870"} -index 0
dow C:/Users/Lucy/Desktop/zynq_ov5640_hdmi7020/zynq_ov5640_hdmi.sdk/test/Debug/test.elf
configparams force-mem-access 0
----------------End of Script----------------

09:58:46 INFO  : Memory regions updated for context APU
09:58:46 INFO  : Context for processor 'ps7_cortexa9_0' is selected.
09:58:46 INFO  : 'con' command is executed.
09:58:46 INFO  : ----------------XSDB Script (After Launch)----------------
targets -set -nocase -filter {name =~ "ARM*#0" && jtag_cable_name =~ "Digilent JTAG-SMT2 210251A08870"} -index 0
con
----------------End of Script----------------

09:58:46 INFO  : Launch script is exported to file 'C:\Users\Lucy\Desktop\zynq_ov5640_hdmi7020\zynq_ov5640_hdmi.sdk\.sdk\launch_scripts\xilinx_c-c++_application_(system_debugger)\system_debugger_on_local.tcl'
10:03:06 INFO  : Disconnected from the channel tcfchan#1.
10:03:07 INFO  : Connected to target on host '127.0.0.1' and port '3121'.
10:03:07 INFO  : Jtag cable 'Digilent JTAG-SMT2 210251A08870' is selected.
10:03:07 INFO  : 'jtag frequency' command is executed.
10:03:07 INFO  : Sourcing of 'C:/Users/Lucy/Desktop/zynq_ov5640_hdmi7020/zynq_ov5640_hdmi.sdk/design_1_wrapper_hw_platform_0/ps7_init.tcl' is done.
10:03:07 INFO  : Context for 'APU' is selected.
10:03:07 INFO  : System reset is completed.
10:03:10 INFO  : 'after 3000' command is executed.
10:03:10 INFO  : 'targets -set -filter {jtag_cable_name =~ "Digilent JTAG-SMT2 210251A08870" && level==0} -index 1' command is executed.
10:03:13 INFO  : FPGA configured successfully with bitstream "C:/Users/Lucy/Desktop/zynq_ov5640_hdmi7020/zynq_ov5640_hdmi.sdk/design_1_wrapper_hw_platform_0/design_1_wrapper.bit"
10:03:13 INFO  : Context for 'APU' is selected.
10:03:14 INFO  : Hardware design information is loaded from 'C:/Users/Lucy/Desktop/zynq_ov5640_hdmi7020/zynq_ov5640_hdmi.sdk/design_1_wrapper_hw_platform_0/system.hdf'.
10:03:14 INFO  : 'configparams force-mem-access 1' command is executed.
10:03:14 INFO  : Context for 'APU' is selected.
10:03:14 INFO  : 'ps7_init' command is executed.
10:03:14 INFO  : 'ps7_post_config' command is executed.
10:03:14 INFO  : Context for processor 'ps7_cortexa9_0' is selected.
10:03:14 INFO  : The application 'C:/Users/Lucy/Desktop/zynq_ov5640_hdmi7020/zynq_ov5640_hdmi.sdk/test/Debug/test.elf' is downloaded to processor 'ps7_cortexa9_0'.
10:03:14 INFO  : 'configparams force-mem-access 0' command is executed.
10:03:14 INFO  : ----------------XSDB Script----------------
connect -url tcp:127.0.0.1:3121
source C:/Users/Lucy/Desktop/zynq_ov5640_hdmi7020/zynq_ov5640_hdmi.sdk/design_1_wrapper_hw_platform_0/ps7_init.tcl
targets -set -nocase -filter {name =~"APU*" && jtag_cable_name =~ "Digilent JTAG-SMT2 210251A08870"} -index 0
rst -system
after 3000
targets -set -filter {jtag_cable_name =~ "Digilent JTAG-SMT2 210251A08870" && level==0} -index 1
fpga -file C:/Users/Lucy/Desktop/zynq_ov5640_hdmi7020/zynq_ov5640_hdmi.sdk/design_1_wrapper_hw_platform_0/design_1_wrapper.bit
targets -set -nocase -filter {name =~"APU*" && jtag_cable_name =~ "Digilent JTAG-SMT2 210251A08870"} -index 0
loadhw -hw C:/Users/Lucy/Desktop/zynq_ov5640_hdmi7020/zynq_ov5640_hdmi.sdk/design_1_wrapper_hw_platform_0/system.hdf -mem-ranges [list {0x40000000 0xbfffffff}]
configparams force-mem-access 1
targets -set -nocase -filter {name =~"APU*" && jtag_cable_name =~ "Digilent JTAG-SMT2 210251A08870"} -index 0
ps7_init
ps7_post_config
targets -set -nocase -filter {name =~ "ARM*#0" && jtag_cable_name =~ "Digilent JTAG-SMT2 210251A08870"} -index 0
dow C:/Users/Lucy/Desktop/zynq_ov5640_hdmi7020/zynq_ov5640_hdmi.sdk/test/Debug/test.elf
configparams force-mem-access 0
----------------End of Script----------------

10:03:15 INFO  : Memory regions updated for context APU
10:03:15 INFO  : Context for processor 'ps7_cortexa9_0' is selected.
10:03:15 INFO  : 'con' command is executed.
10:03:15 INFO  : ----------------XSDB Script (After Launch)----------------
targets -set -nocase -filter {name =~ "ARM*#0" && jtag_cable_name =~ "Digilent JTAG-SMT2 210251A08870"} -index 0
con
----------------End of Script----------------

10:03:15 INFO  : Launch script is exported to file 'C:\Users\Lucy\Desktop\zynq_ov5640_hdmi7020\zynq_ov5640_hdmi.sdk\.sdk\launch_scripts\xilinx_c-c++_application_(system_debugger)\system_debugger_on_local.tcl'
10:03:52 INFO  : Disconnected from the channel tcfchan#2.
10:03:53 INFO  : Connected to target on host '127.0.0.1' and port '3121'.
10:03:53 INFO  : Jtag cable 'Digilent JTAG-SMT2 210251A08870' is selected.
10:03:53 INFO  : 'jtag frequency' command is executed.
10:03:53 INFO  : Sourcing of 'C:/Users/Lucy/Desktop/zynq_ov5640_hdmi7020/zynq_ov5640_hdmi.sdk/design_1_wrapper_hw_platform_0/ps7_init.tcl' is done.
10:03:53 INFO  : Context for 'APU' is selected.
10:03:53 INFO  : System reset is completed.
10:03:56 INFO  : 'after 3000' command is executed.
10:03:56 INFO  : 'targets -set -filter {jtag_cable_name =~ "Digilent JTAG-SMT2 210251A08870" && level==0} -index 1' command is executed.
10:03:58 INFO  : FPGA configured successfully with bitstream "C:/Users/Lucy/Desktop/zynq_ov5640_hdmi7020/zynq_ov5640_hdmi.sdk/design_1_wrapper_hw_platform_0/design_1_wrapper.bit"
10:03:58 INFO  : Context for 'APU' is selected.
10:04:00 INFO  : Hardware design information is loaded from 'C:/Users/Lucy/Desktop/zynq_ov5640_hdmi7020/zynq_ov5640_hdmi.sdk/design_1_wrapper_hw_platform_0/system.hdf'.
10:04:00 INFO  : 'configparams force-mem-access 1' command is executed.
10:04:00 INFO  : Context for 'APU' is selected.
10:04:00 INFO  : 'ps7_init' command is executed.
10:04:00 INFO  : 'ps7_post_config' command is executed.
10:04:00 INFO  : Context for processor 'ps7_cortexa9_0' is selected.
10:04:00 INFO  : The application 'C:/Users/Lucy/Desktop/zynq_ov5640_hdmi7020/zynq_ov5640_hdmi.sdk/test/Debug/test.elf' is downloaded to processor 'ps7_cortexa9_0'.
10:04:00 INFO  : 'configparams force-mem-access 0' command is executed.
10:04:00 INFO  : ----------------XSDB Script----------------
connect -url tcp:127.0.0.1:3121
source C:/Users/Lucy/Desktop/zynq_ov5640_hdmi7020/zynq_ov5640_hdmi.sdk/design_1_wrapper_hw_platform_0/ps7_init.tcl
targets -set -nocase -filter {name =~"APU*" && jtag_cable_name =~ "Digilent JTAG-SMT2 210251A08870"} -index 0
rst -system
after 3000
targets -set -filter {jtag_cable_name =~ "Digilent JTAG-SMT2 210251A08870" && level==0} -index 1
fpga -file C:/Users/Lucy/Desktop/zynq_ov5640_hdmi7020/zynq_ov5640_hdmi.sdk/design_1_wrapper_hw_platform_0/design_1_wrapper.bit
targets -set -nocase -filter {name =~"APU*" && jtag_cable_name =~ "Digilent JTAG-SMT2 210251A08870"} -index 0
loadhw -hw C:/Users/Lucy/Desktop/zynq_ov5640_hdmi7020/zynq_ov5640_hdmi.sdk/design_1_wrapper_hw_platform_0/system.hdf -mem-ranges [list {0x40000000 0xbfffffff}]
configparams force-mem-access 1
targets -set -nocase -filter {name =~"APU*" && jtag_cable_name =~ "Digilent JTAG-SMT2 210251A08870"} -index 0
ps7_init
ps7_post_config
targets -set -nocase -filter {name =~ "ARM*#0" && jtag_cable_name =~ "Digilent JTAG-SMT2 210251A08870"} -index 0
dow C:/Users/Lucy/Desktop/zynq_ov5640_hdmi7020/zynq_ov5640_hdmi.sdk/test/Debug/test.elf
configparams force-mem-access 0
----------------End of Script----------------

10:04:00 INFO  : Memory regions updated for context APU
10:04:00 INFO  : Context for processor 'ps7_cortexa9_0' is selected.
10:04:00 INFO  : 'con' command is executed.
10:04:00 INFO  : ----------------XSDB Script (After Launch)----------------
targets -set -nocase -filter {name =~ "ARM*#0" && jtag_cable_name =~ "Digilent JTAG-SMT2 210251A08870"} -index 0
con
----------------End of Script----------------

10:04:00 INFO  : Launch script is exported to file 'C:\Users\Lucy\Desktop\zynq_ov5640_hdmi7020\zynq_ov5640_hdmi.sdk\.sdk\launch_scripts\xilinx_c-c++_application_(system_debugger)\system_debugger_on_local.tcl'
10:04:59 INFO  : Disconnected from the channel tcfchan#3.
10:05:00 INFO  : Connected to target on host '127.0.0.1' and port '3121'.
10:05:00 INFO  : Jtag cable 'Digilent JTAG-SMT2 210251A08870' is selected.
10:05:00 INFO  : 'jtag frequency' command is executed.
10:05:00 INFO  : Sourcing of 'C:/Users/Lucy/Desktop/zynq_ov5640_hdmi7020/zynq_ov5640_hdmi.sdk/design_1_wrapper_hw_platform_0/ps7_init.tcl' is done.
10:05:00 INFO  : Context for 'APU' is selected.
10:05:00 INFO  : System reset is completed.
10:05:03 INFO  : 'after 3000' command is executed.
10:05:03 INFO  : 'targets -set -filter {jtag_cable_name =~ "Digilent JTAG-SMT2 210251A08870" && level==0} -index 1' command is executed.
10:05:06 INFO  : FPGA configured successfully with bitstream "C:/Users/Lucy/Desktop/zynq_ov5640_hdmi7020/zynq_ov5640_hdmi.sdk/design_1_wrapper_hw_platform_0/design_1_wrapper.bit"
10:05:06 INFO  : Context for 'APU' is selected.
10:05:07 INFO  : Hardware design information is loaded from 'C:/Users/Lucy/Desktop/zynq_ov5640_hdmi7020/zynq_ov5640_hdmi.sdk/design_1_wrapper_hw_platform_0/system.hdf'.
10:05:07 INFO  : 'configparams force-mem-access 1' command is executed.
10:05:07 INFO  : Context for 'APU' is selected.
10:05:07 INFO  : 'ps7_init' command is executed.
10:05:07 INFO  : 'ps7_post_config' command is executed.
10:05:07 INFO  : Context for processor 'ps7_cortexa9_0' is selected.
10:05:07 INFO  : The application 'C:/Users/Lucy/Desktop/zynq_ov5640_hdmi7020/zynq_ov5640_hdmi.sdk/test/Debug/test.elf' is downloaded to processor 'ps7_cortexa9_0'.
10:05:07 INFO  : 'configparams force-mem-access 0' command is executed.
10:05:07 INFO  : ----------------XSDB Script----------------
connect -url tcp:127.0.0.1:3121
source C:/Users/Lucy/Desktop/zynq_ov5640_hdmi7020/zynq_ov5640_hdmi.sdk/design_1_wrapper_hw_platform_0/ps7_init.tcl
targets -set -nocase -filter {name =~"APU*" && jtag_cable_name =~ "Digilent JTAG-SMT2 210251A08870"} -index 0
rst -system
after 3000
targets -set -filter {jtag_cable_name =~ "Digilent JTAG-SMT2 210251A08870" && level==0} -index 1
fpga -file C:/Users/Lucy/Desktop/zynq_ov5640_hdmi7020/zynq_ov5640_hdmi.sdk/design_1_wrapper_hw_platform_0/design_1_wrapper.bit
targets -set -nocase -filter {name =~"APU*" && jtag_cable_name =~ "Digilent JTAG-SMT2 210251A08870"} -index 0
loadhw -hw C:/Users/Lucy/Desktop/zynq_ov5640_hdmi7020/zynq_ov5640_hdmi.sdk/design_1_wrapper_hw_platform_0/system.hdf -mem-ranges [list {0x40000000 0xbfffffff}]
configparams force-mem-access 1
targets -set -nocase -filter {name =~"APU*" && jtag_cable_name =~ "Digilent JTAG-SMT2 210251A08870"} -index 0
ps7_init
ps7_post_config
targets -set -nocase -filter {name =~ "ARM*#0" && jtag_cable_name =~ "Digilent JTAG-SMT2 210251A08870"} -index 0
dow C:/Users/Lucy/Desktop/zynq_ov5640_hdmi7020/zynq_ov5640_hdmi.sdk/test/Debug/test.elf
configparams force-mem-access 0
----------------End of Script----------------

10:05:07 INFO  : Memory regions updated for context APU
10:05:07 INFO  : Context for processor 'ps7_cortexa9_0' is selected.
10:05:07 INFO  : 'con' command is executed.
10:05:07 INFO  : ----------------XSDB Script (After Launch)----------------
targets -set -nocase -filter {name =~ "ARM*#0" && jtag_cable_name =~ "Digilent JTAG-SMT2 210251A08870"} -index 0
con
----------------End of Script----------------

10:05:07 INFO  : Launch script is exported to file 'C:\Users\Lucy\Desktop\zynq_ov5640_hdmi7020\zynq_ov5640_hdmi.sdk\.sdk\launch_scripts\xilinx_c-c++_application_(system_debugger)\system_debugger_on_local.tcl'
10:05:56 INFO  : Disconnected from the channel tcfchan#4.
10:05:57 INFO  : Connected to target on host '127.0.0.1' and port '3121'.
10:05:57 INFO  : Jtag cable 'Digilent JTAG-SMT2 210251A08870' is selected.
10:05:57 INFO  : 'jtag frequency' command is executed.
10:05:57 INFO  : Sourcing of 'C:/Users/Lucy/Desktop/zynq_ov5640_hdmi7020/zynq_ov5640_hdmi.sdk/design_1_wrapper_hw_platform_0/ps7_init.tcl' is done.
10:05:57 INFO  : Context for 'APU' is selected.
10:05:57 INFO  : System reset is completed.
10:06:00 INFO  : 'after 3000' command is executed.
10:06:00 INFO  : 'targets -set -filter {jtag_cable_name =~ "Digilent JTAG-SMT2 210251A08870" && level==0} -index 1' command is executed.
10:06:03 INFO  : FPGA configured successfully with bitstream "C:/Users/Lucy/Desktop/zynq_ov5640_hdmi7020/zynq_ov5640_hdmi.sdk/design_1_wrapper_hw_platform_0/design_1_wrapper.bit"
10:06:03 INFO  : Context for 'APU' is selected.
10:06:04 INFO  : Hardware design information is loaded from 'C:/Users/Lucy/Desktop/zynq_ov5640_hdmi7020/zynq_ov5640_hdmi.sdk/design_1_wrapper_hw_platform_0/system.hdf'.
10:06:04 INFO  : 'configparams force-mem-access 1' command is executed.
10:06:04 INFO  : Context for 'APU' is selected.
10:06:04 INFO  : 'ps7_init' command is executed.
10:06:04 INFO  : 'ps7_post_config' command is executed.
10:06:04 INFO  : Context for processor 'ps7_cortexa9_0' is selected.
10:06:04 INFO  : The application 'C:/Users/Lucy/Desktop/zynq_ov5640_hdmi7020/zynq_ov5640_hdmi.sdk/test/Debug/test.elf' is downloaded to processor 'ps7_cortexa9_0'.
10:06:04 INFO  : 'configparams force-mem-access 0' command is executed.
10:06:04 INFO  : ----------------XSDB Script----------------
connect -url tcp:127.0.0.1:3121
source C:/Users/Lucy/Desktop/zynq_ov5640_hdmi7020/zynq_ov5640_hdmi.sdk/design_1_wrapper_hw_platform_0/ps7_init.tcl
targets -set -nocase -filter {name =~"APU*" && jtag_cable_name =~ "Digilent JTAG-SMT2 210251A08870"} -index 0
rst -system
after 3000
targets -set -filter {jtag_cable_name =~ "Digilent JTAG-SMT2 210251A08870" && level==0} -index 1
fpga -file C:/Users/Lucy/Desktop/zynq_ov5640_hdmi7020/zynq_ov5640_hdmi.sdk/design_1_wrapper_hw_platform_0/design_1_wrapper.bit
targets -set -nocase -filter {name =~"APU*" && jtag_cable_name =~ "Digilent JTAG-SMT2 210251A08870"} -index 0
loadhw -hw C:/Users/Lucy/Desktop/zynq_ov5640_hdmi7020/zynq_ov5640_hdmi.sdk/design_1_wrapper_hw_platform_0/system.hdf -mem-ranges [list {0x40000000 0xbfffffff}]
configparams force-mem-access 1
targets -set -nocase -filter {name =~"APU*" && jtag_cable_name =~ "Digilent JTAG-SMT2 210251A08870"} -index 0
ps7_init
ps7_post_config
targets -set -nocase -filter {name =~ "ARM*#0" && jtag_cable_name =~ "Digilent JTAG-SMT2 210251A08870"} -index 0
dow C:/Users/Lucy/Desktop/zynq_ov5640_hdmi7020/zynq_ov5640_hdmi.sdk/test/Debug/test.elf
configparams force-mem-access 0
----------------End of Script----------------

10:06:04 INFO  : Memory regions updated for context APU
10:06:05 INFO  : Context for processor 'ps7_cortexa9_0' is selected.
10:06:05 INFO  : 'con' command is executed.
10:06:05 INFO  : ----------------XSDB Script (After Launch)----------------
targets -set -nocase -filter {name =~ "ARM*#0" && jtag_cable_name =~ "Digilent JTAG-SMT2 210251A08870"} -index 0
con
----------------End of Script----------------

10:06:05 INFO  : Launch script is exported to file 'C:\Users\Lucy\Desktop\zynq_ov5640_hdmi7020\zynq_ov5640_hdmi.sdk\.sdk\launch_scripts\xilinx_c-c++_application_(system_debugger)\system_debugger_on_local.tcl'
10:06:45 INFO  : Disconnected from the channel tcfchan#5.
10:06:46 INFO  : Connected to target on host '127.0.0.1' and port '3121'.
10:06:46 INFO  : Jtag cable 'Digilent JTAG-SMT2 210251A08870' is selected.
10:06:46 INFO  : 'jtag frequency' command is executed.
10:06:46 INFO  : Sourcing of 'C:/Users/Lucy/Desktop/zynq_ov5640_hdmi7020/zynq_ov5640_hdmi.sdk/design_1_wrapper_hw_platform_0/ps7_init.tcl' is done.
10:06:46 INFO  : Context for 'APU' is selected.
10:06:46 INFO  : System reset is completed.
10:06:49 INFO  : 'after 3000' command is executed.
10:06:50 INFO  : 'targets -set -filter {jtag_cable_name =~ "Digilent JTAG-SMT2 210251A08870" && level==0} -index 1' command is executed.
10:06:52 INFO  : FPGA configured successfully with bitstream "C:/Users/Lucy/Desktop/zynq_ov5640_hdmi7020/zynq_ov5640_hdmi.sdk/design_1_wrapper_hw_platform_0/design_1_wrapper.bit"
10:06:52 INFO  : Context for 'APU' is selected.
10:06:53 INFO  : Hardware design information is loaded from 'C:/Users/Lucy/Desktop/zynq_ov5640_hdmi7020/zynq_ov5640_hdmi.sdk/design_1_wrapper_hw_platform_0/system.hdf'.
10:06:53 INFO  : 'configparams force-mem-access 1' command is executed.
10:06:53 INFO  : Context for 'APU' is selected.
10:06:53 INFO  : 'ps7_init' command is executed.
10:06:53 INFO  : 'ps7_post_config' command is executed.
10:06:54 INFO  : Context for processor 'ps7_cortexa9_0' is selected.
10:06:54 INFO  : The application 'C:/Users/Lucy/Desktop/zynq_ov5640_hdmi7020/zynq_ov5640_hdmi.sdk/test/Debug/test.elf' is downloaded to processor 'ps7_cortexa9_0'.
10:06:54 INFO  : 'configparams force-mem-access 0' command is executed.
10:06:54 INFO  : ----------------XSDB Script----------------
connect -url tcp:127.0.0.1:3121
source C:/Users/Lucy/Desktop/zynq_ov5640_hdmi7020/zynq_ov5640_hdmi.sdk/design_1_wrapper_hw_platform_0/ps7_init.tcl
targets -set -nocase -filter {name =~"APU*" && jtag_cable_name =~ "Digilent JTAG-SMT2 210251A08870"} -index 0
rst -system
after 3000
targets -set -filter {jtag_cable_name =~ "Digilent JTAG-SMT2 210251A08870" && level==0} -index 1
fpga -file C:/Users/Lucy/Desktop/zynq_ov5640_hdmi7020/zynq_ov5640_hdmi.sdk/design_1_wrapper_hw_platform_0/design_1_wrapper.bit
targets -set -nocase -filter {name =~"APU*" && jtag_cable_name =~ "Digilent JTAG-SMT2 210251A08870"} -index 0
loadhw -hw C:/Users/Lucy/Desktop/zynq_ov5640_hdmi7020/zynq_ov5640_hdmi.sdk/design_1_wrapper_hw_platform_0/system.hdf -mem-ranges [list {0x40000000 0xbfffffff}]
configparams force-mem-access 1
targets -set -nocase -filter {name =~"APU*" && jtag_cable_name =~ "Digilent JTAG-SMT2 210251A08870"} -index 0
ps7_init
ps7_post_config
targets -set -nocase -filter {name =~ "ARM*#0" && jtag_cable_name =~ "Digilent JTAG-SMT2 210251A08870"} -index 0
dow C:/Users/Lucy/Desktop/zynq_ov5640_hdmi7020/zynq_ov5640_hdmi.sdk/test/Debug/test.elf
configparams force-mem-access 0
----------------End of Script----------------

10:06:54 INFO  : Memory regions updated for context APU
10:06:54 INFO  : Context for processor 'ps7_cortexa9_0' is selected.
10:06:54 INFO  : 'con' command is executed.
10:06:54 INFO  : ----------------XSDB Script (After Launch)----------------
targets -set -nocase -filter {name =~ "ARM*#0" && jtag_cable_name =~ "Digilent JTAG-SMT2 210251A08870"} -index 0
con
----------------End of Script----------------

10:06:54 INFO  : Launch script is exported to file 'C:\Users\Lucy\Desktop\zynq_ov5640_hdmi7020\zynq_ov5640_hdmi.sdk\.sdk\launch_scripts\xilinx_c-c++_application_(system_debugger)\system_debugger_on_local.tcl'
10:11:22 INFO  : Disconnected from the channel tcfchan#6.
10:37:55 INFO  : Registering command handlers for SDK TCF services
10:37:55 INFO  : Launching XSCT server: xsct.bat -interactive C:\Users\Lucy\Desktop\zynq_ov5640_hdmi7020\zynq_ov5640_hdmi.sdk\temp_xsdb_launch_script.tcl
10:37:57 INFO  : XSCT server has started successfully.
10:37:57 INFO  : Successfully done setting XSCT server connection channel  
10:37:57 INFO  : Successfully done setting SDK workspace  
10:37:57 INFO  : Processing command line option -hwspec C:/Users/Lucy/Desktop/zynq_ov5640_hdmi7020/zynq_ov5640_hdmi.sdk/design_1_wrapper.hdf.
10:37:57 INFO  : Checking for hwspec changes in the project design_1_wrapper_hw_platform_0.
10:38:23 INFO  : Connected to target on host '127.0.0.1' and port '3121'.
10:38:23 INFO  : Jtag cable 'Digilent JTAG-SMT2 210251A08870' is selected.
10:38:23 INFO  : 'jtag frequency' command is executed.
10:38:23 INFO  : Sourcing of 'C:/Users/Lucy/Desktop/zynq_ov5640_hdmi7020/zynq_ov5640_hdmi.sdk/design_1_wrapper_hw_platform_0/ps7_init.tcl' is done.
10:38:23 INFO  : Context for 'APU' is selected.
10:38:23 INFO  : System reset is completed.
10:38:26 INFO  : 'after 3000' command is executed.
10:38:27 INFO  : 'targets -set -filter {jtag_cable_name =~ "Digilent JTAG-SMT2 210251A08870" && level==0} -index 1' command is executed.
10:38:29 INFO  : FPGA configured successfully with bitstream "C:/Users/Lucy/Desktop/zynq_ov5640_hdmi7020/zynq_ov5640_hdmi.sdk/design_1_wrapper_hw_platform_0/design_1_wrapper.bit"
10:38:29 INFO  : Context for 'APU' is selected.
10:38:29 INFO  : Hardware design information is loaded from 'C:/Users/Lucy/Desktop/zynq_ov5640_hdmi7020/zynq_ov5640_hdmi.sdk/design_1_wrapper_hw_platform_0/system.hdf'.
10:38:29 INFO  : 'configparams force-mem-access 1' command is executed.
10:38:29 INFO  : Context for 'APU' is selected.
10:38:29 INFO  : 'ps7_init' command is executed.
10:38:29 INFO  : 'ps7_post_config' command is executed.
10:38:29 INFO  : Context for processor 'ps7_cortexa9_0' is selected.
10:38:29 INFO  : The application 'C:/Users/Lucy/Desktop/zynq_ov5640_hdmi7020/zynq_ov5640_hdmi.sdk/test/Debug/test.elf' is downloaded to processor 'ps7_cortexa9_0'.
10:38:29 INFO  : 'configparams force-mem-access 0' command is executed.
10:38:29 INFO  : ----------------XSDB Script----------------
connect -url tcp:127.0.0.1:3121
source C:/Users/Lucy/Desktop/zynq_ov5640_hdmi7020/zynq_ov5640_hdmi.sdk/design_1_wrapper_hw_platform_0/ps7_init.tcl
targets -set -nocase -filter {name =~"APU*" && jtag_cable_name =~ "Digilent JTAG-SMT2 210251A08870"} -index 0
rst -system
after 3000
targets -set -filter {jtag_cable_name =~ "Digilent JTAG-SMT2 210251A08870" && level==0} -index 1
fpga -file C:/Users/Lucy/Desktop/zynq_ov5640_hdmi7020/zynq_ov5640_hdmi.sdk/design_1_wrapper_hw_platform_0/design_1_wrapper.bit
targets -set -nocase -filter {name =~"APU*" && jtag_cable_name =~ "Digilent JTAG-SMT2 210251A08870"} -index 0
loadhw -hw C:/Users/Lucy/Desktop/zynq_ov5640_hdmi7020/zynq_ov5640_hdmi.sdk/design_1_wrapper_hw_platform_0/system.hdf -mem-ranges [list {0x40000000 0xbfffffff}]
configparams force-mem-access 1
targets -set -nocase -filter {name =~"APU*" && jtag_cable_name =~ "Digilent JTAG-SMT2 210251A08870"} -index 0
ps7_init
ps7_post_config
targets -set -nocase -filter {name =~ "ARM*#0" && jtag_cable_name =~ "Digilent JTAG-SMT2 210251A08870"} -index 0
dow C:/Users/Lucy/Desktop/zynq_ov5640_hdmi7020/zynq_ov5640_hdmi.sdk/test/Debug/test.elf
configparams force-mem-access 0
----------------End of Script----------------

10:38:29 INFO  : Memory regions updated for context APU
10:38:29 INFO  : Context for processor 'ps7_cortexa9_0' is selected.
10:38:29 INFO  : 'con' command is executed.
10:38:29 INFO  : ----------------XSDB Script (After Launch)----------------
targets -set -nocase -filter {name =~ "ARM*#0" && jtag_cable_name =~ "Digilent JTAG-SMT2 210251A08870"} -index 0
con
----------------End of Script----------------

10:38:29 INFO  : Launch script is exported to file 'C:\Users\Lucy\Desktop\zynq_ov5640_hdmi7020\zynq_ov5640_hdmi.sdk\.sdk\launch_scripts\xilinx_c-c++_application_(system_debugger)\system_debugger_on_local.tcl'
10:39:23 INFO  : Disconnected from the channel tcfchan#1.
14:26:16 INFO  : Registering command handlers for SDK TCF services
14:26:17 INFO  : Launching XSCT server: xsct.bat -interactive C:\Users\Lucy\Desktop\zynq_ov5640_hdmi7020\zynq_ov5640_hdmi.sdk\temp_xsdb_launch_script.tcl
14:26:19 INFO  : XSCT server has started successfully.
14:26:21 INFO  : Successfully done setting XSCT server connection channel  
14:26:21 INFO  : Successfully done setting SDK workspace  
14:26:21 INFO  : Processing command line option -hwspec C:/Users/Lucy/Desktop/zynq_ov5640_hdmi7020/zynq_ov5640_hdmi.sdk/design_1_wrapper.hdf.
14:26:21 INFO  : Checking for hwspec changes in the project design_1_wrapper_hw_platform_0.
14:28:40 INFO  : Registering command handlers for SDK TCF services
14:28:40 INFO  : Launching XSCT server: xsct.bat -interactive C:\Users\Lucy\Desktop\zynq_ov5640_hdmi7020\zynq_ov5640_hdmi.sdk\temp_xsdb_launch_script.tcl
14:28:41 INFO  : XSCT server has started successfully.
14:28:41 INFO  : Successfully done setting XSCT server connection channel  
14:28:41 INFO  : Successfully done setting SDK workspace  
14:28:41 INFO  : Processing command line option -hwspec C:/Users/Lucy/Desktop/zynq_ov5640_hdmi7020/zynq_ov5640_hdmi.sdk/design_1_wrapper.hdf.
14:28:41 INFO  : Checking for hwspec changes in the project design_1_wrapper_hw_platform_0.
14:29:14 INFO  : Connected to target on host '127.0.0.1' and port '3121'.
14:29:15 INFO  : Jtag cable 'Digilent JTAG-SMT2 210251A08870' is selected.
14:29:15 INFO  : 'jtag frequency' command is executed.
14:29:15 INFO  : Sourcing of 'C:/Users/Lucy/Desktop/zynq_ov5640_hdmi7020/zynq_ov5640_hdmi.sdk/design_1_wrapper_hw_platform_0/ps7_init.tcl' is done.
14:29:15 INFO  : Context for 'APU' is selected.
14:29:15 INFO  : System reset is completed.
14:29:18 INFO  : 'after 3000' command is executed.
14:29:18 INFO  : 'targets -set -filter {jtag_cable_name =~ "Digilent JTAG-SMT2 210251A08870" && level==0} -index 1' command is executed.
14:29:21 INFO  : FPGA configured successfully with bitstream "C:/Users/Lucy/Desktop/zynq_ov5640_hdmi7020/zynq_ov5640_hdmi.sdk/design_1_wrapper_hw_platform_0/design_1_wrapper.bit"
14:29:21 INFO  : Context for 'APU' is selected.
14:29:21 INFO  : Hardware design information is loaded from 'C:/Users/Lucy/Desktop/zynq_ov5640_hdmi7020/zynq_ov5640_hdmi.sdk/design_1_wrapper_hw_platform_0/system.hdf'.
14:29:21 INFO  : 'configparams force-mem-access 1' command is executed.
14:29:21 INFO  : Context for 'APU' is selected.
14:29:21 INFO  : 'ps7_init' command is executed.
14:29:21 INFO  : 'ps7_post_config' command is executed.
14:29:21 INFO  : Context for processor 'ps7_cortexa9_0' is selected.
14:29:21 INFO  : The application 'C:/Users/Lucy/Desktop/zynq_ov5640_hdmi7020/zynq_ov5640_hdmi.sdk/test/Debug/test.elf' is downloaded to processor 'ps7_cortexa9_0'.
14:29:21 INFO  : 'configparams force-mem-access 0' command is executed.
14:29:21 INFO  : ----------------XSDB Script----------------
connect -url tcp:127.0.0.1:3121
source C:/Users/Lucy/Desktop/zynq_ov5640_hdmi7020/zynq_ov5640_hdmi.sdk/design_1_wrapper_hw_platform_0/ps7_init.tcl
targets -set -nocase -filter {name =~"APU*" && jtag_cable_name =~ "Digilent JTAG-SMT2 210251A08870"} -index 0
rst -system
after 3000
targets -set -filter {jtag_cable_name =~ "Digilent JTAG-SMT2 210251A08870" && level==0} -index 1
fpga -file C:/Users/Lucy/Desktop/zynq_ov5640_hdmi7020/zynq_ov5640_hdmi.sdk/design_1_wrapper_hw_platform_0/design_1_wrapper.bit
targets -set -nocase -filter {name =~"APU*" && jtag_cable_name =~ "Digilent JTAG-SMT2 210251A08870"} -index 0
loadhw -hw C:/Users/Lucy/Desktop/zynq_ov5640_hdmi7020/zynq_ov5640_hdmi.sdk/design_1_wrapper_hw_platform_0/system.hdf -mem-ranges [list {0x40000000 0xbfffffff}]
configparams force-mem-access 1
targets -set -nocase -filter {name =~"APU*" && jtag_cable_name =~ "Digilent JTAG-SMT2 210251A08870"} -index 0
ps7_init
ps7_post_config
targets -set -nocase -filter {name =~ "ARM*#0" && jtag_cable_name =~ "Digilent JTAG-SMT2 210251A08870"} -index 0
dow C:/Users/Lucy/Desktop/zynq_ov5640_hdmi7020/zynq_ov5640_hdmi.sdk/test/Debug/test.elf
configparams force-mem-access 0
----------------End of Script----------------

14:29:21 INFO  : Memory regions updated for context APU
14:29:21 INFO  : Context for processor 'ps7_cortexa9_0' is selected.
14:29:21 INFO  : 'con' command is executed.
14:29:21 INFO  : ----------------XSDB Script (After Launch)----------------
targets -set -nocase -filter {name =~ "ARM*#0" && jtag_cable_name =~ "Digilent JTAG-SMT2 210251A08870"} -index 0
con
----------------End of Script----------------

14:29:21 INFO  : Launch script is exported to file 'C:\Users\Lucy\Desktop\zynq_ov5640_hdmi7020\zynq_ov5640_hdmi.sdk\.sdk\launch_scripts\xilinx_c-c++_application_(system_debugger)\system_debugger_on_local.tcl'
14:31:06 INFO  : Disconnected from the channel tcfchan#1.
14:31:07 INFO  : Connected to target on host '127.0.0.1' and port '3121'.
14:31:07 INFO  : Jtag cable 'Digilent JTAG-SMT2 210251A08870' is selected.
14:31:07 INFO  : 'jtag frequency' command is executed.
14:31:07 INFO  : Sourcing of 'C:/Users/Lucy/Desktop/zynq_ov5640_hdmi7020/zynq_ov5640_hdmi.sdk/design_1_wrapper_hw_platform_0/ps7_init.tcl' is done.
14:31:07 INFO  : Context for 'APU' is selected.
14:31:07 INFO  : System reset is completed.
14:31:10 INFO  : 'after 3000' command is executed.
14:31:10 INFO  : 'targets -set -filter {jtag_cable_name =~ "Digilent JTAG-SMT2 210251A08870" && level==0} -index 1' command is executed.
14:31:13 INFO  : FPGA configured successfully with bitstream "C:/Users/Lucy/Desktop/zynq_ov5640_hdmi7020/zynq_ov5640_hdmi.sdk/design_1_wrapper_hw_platform_0/design_1_wrapper.bit"
14:31:13 INFO  : Context for 'APU' is selected.
14:31:14 INFO  : Hardware design information is loaded from 'C:/Users/Lucy/Desktop/zynq_ov5640_hdmi7020/zynq_ov5640_hdmi.sdk/design_1_wrapper_hw_platform_0/system.hdf'.
14:31:14 INFO  : 'configparams force-mem-access 1' command is executed.
14:31:14 INFO  : Context for 'APU' is selected.
14:31:14 INFO  : 'ps7_init' command is executed.
14:31:14 INFO  : 'ps7_post_config' command is executed.
14:31:14 INFO  : Context for processor 'ps7_cortexa9_0' is selected.
14:31:14 INFO  : The application 'C:/Users/Lucy/Desktop/zynq_ov5640_hdmi7020/zynq_ov5640_hdmi.sdk/test/Debug/test.elf' is downloaded to processor 'ps7_cortexa9_0'.
14:31:14 INFO  : 'configparams force-mem-access 0' command is executed.
14:31:14 INFO  : ----------------XSDB Script----------------
connect -url tcp:127.0.0.1:3121
source C:/Users/Lucy/Desktop/zynq_ov5640_hdmi7020/zynq_ov5640_hdmi.sdk/design_1_wrapper_hw_platform_0/ps7_init.tcl
targets -set -nocase -filter {name =~"APU*" && jtag_cable_name =~ "Digilent JTAG-SMT2 210251A08870"} -index 0
rst -system
after 3000
targets -set -filter {jtag_cable_name =~ "Digilent JTAG-SMT2 210251A08870" && level==0} -index 1
fpga -file C:/Users/Lucy/Desktop/zynq_ov5640_hdmi7020/zynq_ov5640_hdmi.sdk/design_1_wrapper_hw_platform_0/design_1_wrapper.bit
targets -set -nocase -filter {name =~"APU*" && jtag_cable_name =~ "Digilent JTAG-SMT2 210251A08870"} -index 0
loadhw -hw C:/Users/Lucy/Desktop/zynq_ov5640_hdmi7020/zynq_ov5640_hdmi.sdk/design_1_wrapper_hw_platform_0/system.hdf -mem-ranges [list {0x40000000 0xbfffffff}]
configparams force-mem-access 1
targets -set -nocase -filter {name =~"APU*" && jtag_cable_name =~ "Digilent JTAG-SMT2 210251A08870"} -index 0
ps7_init
ps7_post_config
targets -set -nocase -filter {name =~ "ARM*#0" && jtag_cable_name =~ "Digilent JTAG-SMT2 210251A08870"} -index 0
dow C:/Users/Lucy/Desktop/zynq_ov5640_hdmi7020/zynq_ov5640_hdmi.sdk/test/Debug/test.elf
configparams force-mem-access 0
----------------End of Script----------------

14:31:15 INFO  : Memory regions updated for context APU
14:31:15 INFO  : Context for processor 'ps7_cortexa9_0' is selected.
14:31:15 INFO  : 'con' command is executed.
14:31:15 INFO  : ----------------XSDB Script (After Launch)----------------
targets -set -nocase -filter {name =~ "ARM*#0" && jtag_cable_name =~ "Digilent JTAG-SMT2 210251A08870"} -index 0
con
----------------End of Script----------------

14:31:15 INFO  : Launch script is exported to file 'C:\Users\Lucy\Desktop\zynq_ov5640_hdmi7020\zynq_ov5640_hdmi.sdk\.sdk\launch_scripts\xilinx_c-c++_application_(system_debugger)\system_debugger_on_local.tcl'
14:33:22 INFO  : Disconnected from the channel tcfchan#2.
14:33:23 INFO  : Connected to target on host '127.0.0.1' and port '3121'.
14:33:24 INFO  : Jtag cable 'Digilent JTAG-SMT2 210251A08870' is selected.
14:33:24 INFO  : 'jtag frequency' command is executed.
14:33:24 INFO  : Sourcing of 'C:/Users/Lucy/Desktop/zynq_ov5640_hdmi7020/zynq_ov5640_hdmi.sdk/design_1_wrapper_hw_platform_0/ps7_init.tcl' is done.
14:33:24 INFO  : Context for 'APU' is selected.
14:33:24 INFO  : System reset is completed.
14:33:27 INFO  : 'after 3000' command is executed.
14:33:27 INFO  : 'targets -set -filter {jtag_cable_name =~ "Digilent JTAG-SMT2 210251A08870" && level==0} -index 1' command is executed.
14:33:29 INFO  : FPGA configured successfully with bitstream "C:/Users/Lucy/Desktop/zynq_ov5640_hdmi7020/zynq_ov5640_hdmi.sdk/design_1_wrapper_hw_platform_0/design_1_wrapper.bit"
14:33:29 INFO  : Context for 'APU' is selected.
14:33:31 INFO  : Hardware design information is loaded from 'C:/Users/Lucy/Desktop/zynq_ov5640_hdmi7020/zynq_ov5640_hdmi.sdk/design_1_wrapper_hw_platform_0/system.hdf'.
14:33:31 INFO  : 'configparams force-mem-access 1' command is executed.
14:33:32 INFO  : Context for 'APU' is selected.
14:33:32 INFO  : 'ps7_init' command is executed.
14:33:32 INFO  : 'ps7_post_config' command is executed.
14:33:32 INFO  : Context for processor 'ps7_cortexa9_0' is selected.
14:33:32 INFO  : The application 'C:/Users/Lucy/Desktop/zynq_ov5640_hdmi7020/zynq_ov5640_hdmi.sdk/test/Debug/test.elf' is downloaded to processor 'ps7_cortexa9_0'.
14:33:32 INFO  : 'configparams force-mem-access 0' command is executed.
14:33:32 INFO  : ----------------XSDB Script----------------
connect -url tcp:127.0.0.1:3121
source C:/Users/Lucy/Desktop/zynq_ov5640_hdmi7020/zynq_ov5640_hdmi.sdk/design_1_wrapper_hw_platform_0/ps7_init.tcl
targets -set -nocase -filter {name =~"APU*" && jtag_cable_name =~ "Digilent JTAG-SMT2 210251A08870"} -index 0
rst -system
after 3000
targets -set -filter {jtag_cable_name =~ "Digilent JTAG-SMT2 210251A08870" && level==0} -index 1
fpga -file C:/Users/Lucy/Desktop/zynq_ov5640_hdmi7020/zynq_ov5640_hdmi.sdk/design_1_wrapper_hw_platform_0/design_1_wrapper.bit
targets -set -nocase -filter {name =~"APU*" && jtag_cable_name =~ "Digilent JTAG-SMT2 210251A08870"} -index 0
loadhw -hw C:/Users/Lucy/Desktop/zynq_ov5640_hdmi7020/zynq_ov5640_hdmi.sdk/design_1_wrapper_hw_platform_0/system.hdf -mem-ranges [list {0x40000000 0xbfffffff}]
configparams force-mem-access 1
targets -set -nocase -filter {name =~"APU*" && jtag_cable_name =~ "Digilent JTAG-SMT2 210251A08870"} -index 0
ps7_init
ps7_post_config
targets -set -nocase -filter {name =~ "ARM*#0" && jtag_cable_name =~ "Digilent JTAG-SMT2 210251A08870"} -index 0
dow C:/Users/Lucy/Desktop/zynq_ov5640_hdmi7020/zynq_ov5640_hdmi.sdk/test/Debug/test.elf
configparams force-mem-access 0
----------------End of Script----------------

14:33:32 INFO  : Memory regions updated for context APU
14:33:32 INFO  : Context for processor 'ps7_cortexa9_0' is selected.
14:33:32 INFO  : 'con' command is executed.
14:33:32 INFO  : ----------------XSDB Script (After Launch)----------------
targets -set -nocase -filter {name =~ "ARM*#0" && jtag_cable_name =~ "Digilent JTAG-SMT2 210251A08870"} -index 0
con
----------------End of Script----------------

14:33:32 INFO  : Launch script is exported to file 'C:\Users\Lucy\Desktop\zynq_ov5640_hdmi7020\zynq_ov5640_hdmi.sdk\.sdk\launch_scripts\xilinx_c-c++_application_(system_debugger)\system_debugger_on_local.tcl'
14:36:35 INFO  : Disconnected from the channel tcfchan#3.
14:36:36 INFO  : Connected to target on host '127.0.0.1' and port '3121'.
14:36:36 INFO  : Jtag cable 'Digilent JTAG-SMT2 210251A08870' is selected.
14:36:36 INFO  : 'jtag frequency' command is executed.
14:36:36 INFO  : Sourcing of 'C:/Users/Lucy/Desktop/zynq_ov5640_hdmi7020/zynq_ov5640_hdmi.sdk/design_1_wrapper_hw_platform_0/ps7_init.tcl' is done.
14:36:36 INFO  : Context for 'APU' is selected.
14:36:36 INFO  : System reset is completed.
14:36:39 INFO  : 'after 3000' command is executed.
14:36:39 INFO  : 'targets -set -filter {jtag_cable_name =~ "Digilent JTAG-SMT2 210251A08870" && level==0} -index 1' command is executed.
14:36:41 INFO  : FPGA configured successfully with bitstream "C:/Users/Lucy/Desktop/zynq_ov5640_hdmi7020/zynq_ov5640_hdmi.sdk/design_1_wrapper_hw_platform_0/design_1_wrapper.bit"
14:36:41 INFO  : Context for 'APU' is selected.
14:36:43 INFO  : Hardware design information is loaded from 'C:/Users/Lucy/Desktop/zynq_ov5640_hdmi7020/zynq_ov5640_hdmi.sdk/design_1_wrapper_hw_platform_0/system.hdf'.
14:36:43 INFO  : 'configparams force-mem-access 1' command is executed.
14:36:43 INFO  : Context for 'APU' is selected.
14:36:43 INFO  : 'ps7_init' command is executed.
14:36:43 INFO  : 'ps7_post_config' command is executed.
14:36:43 INFO  : Context for processor 'ps7_cortexa9_0' is selected.
14:36:43 INFO  : The application 'C:/Users/Lucy/Desktop/zynq_ov5640_hdmi7020/zynq_ov5640_hdmi.sdk/test/Debug/test.elf' is downloaded to processor 'ps7_cortexa9_0'.
14:36:43 INFO  : 'configparams force-mem-access 0' command is executed.
14:36:43 INFO  : ----------------XSDB Script----------------
connect -url tcp:127.0.0.1:3121
source C:/Users/Lucy/Desktop/zynq_ov5640_hdmi7020/zynq_ov5640_hdmi.sdk/design_1_wrapper_hw_platform_0/ps7_init.tcl
targets -set -nocase -filter {name =~"APU*" && jtag_cable_name =~ "Digilent JTAG-SMT2 210251A08870"} -index 0
rst -system
after 3000
targets -set -filter {jtag_cable_name =~ "Digilent JTAG-SMT2 210251A08870" && level==0} -index 1
fpga -file C:/Users/Lucy/Desktop/zynq_ov5640_hdmi7020/zynq_ov5640_hdmi.sdk/design_1_wrapper_hw_platform_0/design_1_wrapper.bit
targets -set -nocase -filter {name =~"APU*" && jtag_cable_name =~ "Digilent JTAG-SMT2 210251A08870"} -index 0
loadhw -hw C:/Users/Lucy/Desktop/zynq_ov5640_hdmi7020/zynq_ov5640_hdmi.sdk/design_1_wrapper_hw_platform_0/system.hdf -mem-ranges [list {0x40000000 0xbfffffff}]
configparams force-mem-access 1
targets -set -nocase -filter {name =~"APU*" && jtag_cable_name =~ "Digilent JTAG-SMT2 210251A08870"} -index 0
ps7_init
ps7_post_config
targets -set -nocase -filter {name =~ "ARM*#0" && jtag_cable_name =~ "Digilent JTAG-SMT2 210251A08870"} -index 0
dow C:/Users/Lucy/Desktop/zynq_ov5640_hdmi7020/zynq_ov5640_hdmi.sdk/test/Debug/test.elf
configparams force-mem-access 0
----------------End of Script----------------

14:36:43 INFO  : Memory regions updated for context APU
14:36:43 INFO  : Context for processor 'ps7_cortexa9_0' is selected.
14:36:43 INFO  : 'con' command is executed.
14:36:43 INFO  : ----------------XSDB Script (After Launch)----------------
targets -set -nocase -filter {name =~ "ARM*#0" && jtag_cable_name =~ "Digilent JTAG-SMT2 210251A08870"} -index 0
con
----------------End of Script----------------

14:36:43 INFO  : Launch script is exported to file 'C:\Users\Lucy\Desktop\zynq_ov5640_hdmi7020\zynq_ov5640_hdmi.sdk\.sdk\launch_scripts\xilinx_c-c++_application_(system_debugger)\system_debugger_on_local.tcl'
14:37:50 INFO  : Disconnected from the channel tcfchan#4.
10:42:16 INFO  : Registering command handlers for SDK TCF services
10:42:17 INFO  : Launching XSCT server: xsct.bat -interactive C:\Users\Lucy\Desktop\zynq_ov5640_hdmi7020\zynq_ov5640_hdmi.sdk\temp_xsdb_launch_script.tcl
10:42:19 INFO  : XSCT server has started successfully.
10:42:19 INFO  : Successfully done setting XSCT server connection channel  
10:42:21 INFO  : Successfully done setting SDK workspace  
10:42:21 INFO  : Processing command line option -hwspec C:/Users/Lucy/Desktop/zynq_ov5640_hdmi7020/zynq_ov5640_hdmi.sdk/design_1_wrapper.hdf.
10:42:21 INFO  : Checking for hwspec changes in the project design_1_wrapper_hw_platform_0.
10:42:59 INFO  : Refreshed build settings on project test
10:44:30 INFO  : Invoking Bootgen: bootgen -image test.bif -arch zynq -o C:\Users\Lucy\Desktop\zynq_ov5640_hdmi7020\zynq_ov5640_hdmi.sdk\test\bootimage\BOOT.bin
10:44:30 INFO  : Creating new bif file C:\Users\Lucy\Desktop\zynq_ov5640_hdmi7020\zynq_ov5640_hdmi.sdk\test\bootimage\test.bif
10:44:31 INFO  : Bootgen command execution is done.
09:59:30 INFO  : Registering command handlers for SDK TCF services
09:59:31 INFO  : Launching XSCT server: xsct.bat -interactive C:\Users\Lucy\Desktop\zynq_ov5640_hdmi7020\zynq_ov5640_hdmi.sdk\temp_xsdb_launch_script.tcl
09:59:33 INFO  : XSCT server has started successfully.
09:59:36 INFO  : Successfully done setting XSCT server connection channel  
09:59:36 INFO  : Successfully done setting SDK workspace  
09:59:36 INFO  : Processing command line option -hwspec C:/Users/Lucy/Desktop/zynq_ov5640_hdmi7020/zynq_ov5640_hdmi.sdk/design_1_wrapper.hdf.
09:59:36 INFO  : Checking for hwspec changes in the project design_1_wrapper_hw_platform_0.
16:36:07 INFO  : Registering command handlers for SDK TCF services
16:36:07 INFO  : Launching XSCT server: xsct.bat -interactive C:\Users\Lucy\Desktop\zynq_ov5640_hdmi7020\zynq_ov5640_hdmi.sdk\temp_xsdb_launch_script.tcl
16:36:09 INFO  : XSCT server has started successfully.
16:36:09 INFO  : Successfully done setting XSCT server connection channel  
16:36:12 INFO  : Successfully done setting SDK workspace  
16:36:12 INFO  : Processing command line option -hwspec C:/Users/Lucy/Desktop/zynq_ov5640_hdmi7020/zynq_ov5640_hdmi.sdk/design_1_wrapper.hdf.
16:36:12 INFO  : Checking for hwspec changes in the project design_1_wrapper_hw_platform_0.
16:45:56 INFO  : Registering command handlers for SDK TCF services
16:45:57 INFO  : Launching XSCT server: xsct.bat -interactive C:\Users\Lucy\Desktop\zynq_ov5640_hdmi7020\zynq_ov5640_hdmi.sdk\temp_xsdb_launch_script.tcl
16:46:00 INFO  : XSCT server has started successfully.
16:46:00 INFO  : Successfully done setting XSCT server connection channel  
16:46:02 INFO  : Successfully done setting SDK workspace  
16:46:02 INFO  : Processing command line option -hwspec C:/Users/Lucy/Desktop/zynq_ov5640_hdmi7020/zynq_ov5640_hdmi.sdk/design_1_wrapper.hdf.
16:46:02 INFO  : Checking for hwspec changes in the project design_1_wrapper_hw_platform_0.
09:38:52 INFO  : Registering command handlers for SDK TCF services
09:38:53 INFO  : Launching XSCT server: xsct.bat -interactive C:\Users\Lucy\Desktop\zynq_ov5640_hdmi7020\zynq_ov5640_hdmi.sdk\temp_xsdb_launch_script.tcl
09:38:55 INFO  : XSCT server has started successfully.
09:38:58 INFO  : Successfully done setting XSCT server connection channel  
09:38:58 INFO  : Successfully done setting SDK workspace  
09:38:58 INFO  : Processing command line option -hwspec C:/Users/Lucy/Desktop/zynq_ov5640_hdmi7020/zynq_ov5640_hdmi.sdk/design_1_wrapper.hdf.
09:38:58 INFO  : Checking for hwspec changes in the project design_1_wrapper_hw_platform_0.
